[INFO  Fri May  9 12:05:36 2025] ...zy/mason.nvim/lua/mason-core/installer/InstallRunner.lua:40: Executing installer for Package(name=stylua) {
  debug = false,
  force = false,
  strict = false
}
[INFO  Fri May  9 12:05:36 2025] ...zy/mason.nvim/lua/mason-core/installer/InstallRunner.lua:40: Executing installer for Package(name=shfmt) {
  debug = false,
  force = false,
  strict = false
}
[ERROR Fri May  9 12:05:36 2025] ...zy/mason.nvim/lua/mason-core/installer/InstallRunner.lua:93: Installation failed for Package(name=stylua) error="The current platform is unsupported."
[INFO  Fri May  9 12:06:11 2025] ...zy/mason.nvim/lua/mason-core/installer/InstallRunner.lua:86: Installation succeeded for Package(name=shfmt)
[INFO  Fri May  9 12:11:11 2025] ...zy/mason.nvim/lua/mason-core/installer/InstallRunner.lua:40: Executing installer for Package(name=stylua) {
  debug = false,
  force = false,
  strict = false
}
[ERROR Fri May  9 12:11:11 2025] ...zy/mason.nvim/lua/mason-core/installer/InstallRunner.lua:93: Installation failed for Package(name=stylua) error="The current platform is unsupported."
[INFO  Fri May  9 14:39:59 2025] ...zy/mason.nvim/lua/mason-core/installer/InstallRunner.lua:40: Executing installer for Package(name=stylua) {
  debug = false,
  force = false,
  strict = false
}
[ERROR Fri May  9 14:40:00 2025] ...zy/mason.nvim/lua/mason-core/installer/InstallRunner.lua:93: Installation failed for Package(name=stylua) error="The current platform is unsupported."
[INFO  Fri May  9 14:43:00 2025] ...zy/mason.nvim/lua/mason-core/installer/InstallRunner.lua:40: Executing installer for Package(name=stylua) {
  debug = false,
  force = false,
  strict = false
}
[ERROR Fri May  9 14:43:00 2025] ...zy/mason.nvim/lua/mason-core/installer/InstallRunner.lua:93: Installation failed for Package(name=stylua) error="The current platform is unsupported."
[INFO  Fri May  9 14:47:55 2025] ...zy/mason.nvim/lua/mason-core/installer/InstallRunner.lua:40: Executing installer for Package(name=stylua) {
  debug = false,
  force = false,
  strict = false
}
[ERROR Fri May  9 14:48:15 2025] ...zy/mason.nvim/lua/mason-core/installer/InstallRunner.lua:93: Installation failed for Package(name=stylua) error="The current platform is unsupported."
[INFO  Fri May  9 14:50:48 2025] ...zy/mason.nvim/lua/mason-core/installer/InstallRunner.lua:40: Executing installer for Package(name=stylua) {
  debug = false,
  force = false,
  strict = false
}
[ERROR Fri May  9 14:50:48 2025] ...zy/mason.nvim/lua/mason-core/installer/InstallRunner.lua:93: Installation failed for Package(name=stylua) error="The current platform is unsupported."
[INFO  Fri May  9 16:15:42 2025] ...zy/mason.nvim/lua/mason-core/installer/InstallRunner.lua:40: Executing installer for Package(name=stylua) {
  debug = false,
  force = false,
  strict = false
}
[ERROR Fri May  9 16:15:44 2025] ...zy/mason.nvim/lua/mason-core/installer/InstallRunner.lua:93: Installation failed for Package(name=stylua) error="The current platform is unsupported."
[INFO  Sat May 10 00:14:10 2025] ...zy/mason.nvim/lua/mason-core/installer/InstallRunner.lua:40: Executing installer for Package(name=stylua) {
  debug = false,
  force = false,
  strict = false
}
[ERROR Sat May 10 00:14:10 2025] ...zy/mason.nvim/lua/mason-core/installer/InstallRunner.lua:93: Installation failed for Package(name=stylua) error="The current platform is unsupported."
[INFO  Sat May 10 00:14:49 2025] ...zy/mason.nvim/lua/mason-core/installer/InstallRunner.lua:40: Executing installer for Package(name=stylua) {
  debug = false,
  force = false,
  strict = false
}
[ERROR Sat May 10 00:14:49 2025] ...zy/mason.nvim/lua/mason-core/installer/InstallRunner.lua:93: Installation failed for Package(name=stylua) error="The current platform is unsupported."
[INFO  Sat May 10 00:23:40 2025] ...zy/mason.nvim/lua/mason-core/installer/InstallRunner.lua:40: Executing installer for Package(name=stylua) {
  debug = false,
  force = false,
  strict = false
}
[ERROR Sat May 10 00:23:42 2025] ...zy/mason.nvim/lua/mason-core/installer/InstallRunner.lua:93: Installation failed for Package(name=stylua) error="The current platform is unsupported."
[INFO  Sat May 10 00:27:13 2025] ...zy/mason.nvim/lua/mason-core/installer/InstallRunner.lua:40: Executing installer for Package(name=stylua) {
  debug = false,
  force = false,
  strict = false
}
[ERROR Sat May 10 00:27:14 2025] ...zy/mason.nvim/lua/mason-core/installer/InstallRunner.lua:93: Installation failed for Package(name=stylua) error="The current platform is unsupported."
[INFO  Sat May 10 00:28:38 2025] ...zy/mason.nvim/lua/mason-core/installer/InstallRunner.lua:40: Executing installer for Package(name=stylua) {
  debug = false,
  force = false,
  strict = false
}
[ERROR Sat May 10 00:28:39 2025] ...zy/mason.nvim/lua/mason-core/installer/InstallRunner.lua:93: Installation failed for Package(name=stylua) error="The current platform is unsupported."
[INFO  Sat May 10 15:54:28 2025] ...zy/mason.nvim/lua/mason-core/installer/InstallRunner.lua:40: Executing installer for Package(name=stylua) {
  debug = false,
  force = false,
  strict = false
}
[ERROR Sat May 10 15:54:33 2025] ...zy/mason.nvim/lua/mason-core/installer/InstallRunner.lua:93: Installation failed for Package(name=stylua) error="The current platform is unsupported."
[INFO  Sat May 10 17:39:33 2025] ...zy/mason.nvim/lua/mason-core/installer/InstallRunner.lua:40: Executing installer for Package(name=stylua) {
  debug = false,
  force = false,
  strict = false
}
[ERROR Sat May 10 17:39:36 2025] ...zy/mason.nvim/lua/mason-core/installer/InstallRunner.lua:93: Installation failed for Package(name=stylua) error="The current platform is unsupported."
[INFO  Sat May 10 17:39:52 2025] ...zy/mason.nvim/lua/mason-core/installer/InstallRunner.lua:40: Executing installer for Package(name=stylua) {
  debug = false,
  force = false,
  strict = false
}
[ERROR Sat May 10 17:39:53 2025] ...zy/mason.nvim/lua/mason-core/installer/InstallRunner.lua:93: Installation failed for Package(name=stylua) error="The current platform is unsupported."
[INFO  Fri May 23 17:58:05 2025] ...zy/mason.nvim/lua/mason-core/installer/InstallRunner.lua:40: Executing installer for Package(name=stylua) {
  debug = false,
  force = false,
  strict = false
}
[ERROR Fri May 23 17:58:05 2025] ...zy/mason.nvim/lua/mason-core/installer/InstallRunner.lua:93: Installation failed for Package(name=stylua) error="The current platform is unsupported."
[INFO  Fri May 23 20:32:04 2025] ...zy/mason.nvim/lua/mason-core/installer/InstallRunner.lua:40: Executing installer for Package(name=stylua) {
  debug = false,
  force = false,
  strict = false
}
[ERROR Fri May 23 20:32:04 2025] ...zy/mason.nvim/lua/mason-core/installer/InstallRunner.lua:93: Installation failed for Package(name=stylua) error="The current platform is unsupported."
[INFO  Fri May 23 20:33:49 2025] ...zy/mason.nvim/lua/mason-core/installer/InstallRunner.lua:40: Executing installer for Package(name=stylua) {
  debug = false,
  force = false,
  strict = false
}
[ERROR Fri May 23 20:33:49 2025] ...zy/mason.nvim/lua/mason-core/installer/InstallRunner.lua:93: Installation failed for Package(name=stylua) error="The current platform is unsupported."
[INFO  Fri May 23 20:51:37 2025] ...zy/mason.nvim/lua/mason-core/installer/InstallRunner.lua:40: Executing installer for Package(name=stylua) {
  debug = false,
  force = false,
  strict = false
}
[ERROR Fri May 23 20:51:40 2025] ...zy/mason.nvim/lua/mason-core/installer/InstallRunner.lua:93: Installation failed for Package(name=stylua) error="The current platform is unsupported."
[INFO  Tue May 27 20:47:25 2025] ...zy/mason.nvim/lua/mason-core/installer/InstallRunner.lua:40: Executing installer for Package(name=stylua) {
  debug = false,
  force = false,
  strict = false
}
[ERROR Tue May 27 20:47:25 2025] ...zy/mason.nvim/lua/mason-core/installer/InstallRunner.lua:93: Installation failed for Package(name=stylua) error="The current platform is unsupported."
[INFO  Wed May 28 22:52:31 2025] ...zy/mason.nvim/lua/mason-core/installer/InstallRunner.lua:40: Executing installer for Package(name=stylua) {
  debug = false,
  force = false,
  strict = false
}
[ERROR Wed May 28 22:52:31 2025] ...zy/mason.nvim/lua/mason-core/installer/InstallRunner.lua:93: Installation failed for Package(name=stylua) error="The current platform is unsupported."
[INFO  Wed May 28 23:03:44 2025] ...zy/mason.nvim/lua/mason-core/installer/InstallRunner.lua:40: Executing installer for Package(name=stylua) {
  debug = false,
  force = false,
  strict = false
}
[ERROR Wed May 28 23:03:44 2025] ...zy/mason.nvim/lua/mason-core/installer/InstallRunner.lua:93: Installation failed for Package(name=stylua) error="The current platform is unsupported."
[INFO  Wed May 28 23:07:56 2025] ...zy/mason.nvim/lua/mason-core/installer/InstallRunner.lua:40: Executing installer for Package(name=stylua) {
  debug = false,
  force = false,
  strict = false
}
[ERROR Wed May 28 23:08:55 2025] ...zy/mason.nvim/lua/mason-core/installer/InstallRunner.lua:93: Installation failed for Package(name=stylua) error="The current platform is unsupported."
[INFO  Thu May 29 22:36:02 2025] ...zy/mason.nvim/lua/mason-core/installer/InstallRunner.lua:40: Executing installer for Package(name=stylua) {
  debug = false,
  force = false,
  strict = false
}
[ERROR Thu May 29 22:36:22 2025] ...zy/mason.nvim/lua/mason-core/installer/InstallRunner.lua:93: Installation failed for Package(name=stylua) error="The current platform is unsupported."
[INFO  Thu May 29 22:42:37 2025] ...zy/mason.nvim/lua/mason-core/installer/InstallRunner.lua:40: Executing installer for Package(name=stylua) {
  debug = false,
  force = false,
  strict = false
}
[ERROR Thu May 29 22:44:44 2025] ...zy/mason.nvim/lua/mason-core/installer/InstallRunner.lua:93: Installation failed for Package(name=stylua) error="The current platform is unsupported."
[INFO  Thu May 29 22:46:11 2025] ...zy/mason.nvim/lua/mason-core/installer/InstallRunner.lua:40: Executing installer for Package(name=stylua) {
  debug = false,
  force = false,
  strict = false
}
[ERROR Thu May 29 22:46:11 2025] ...zy/mason.nvim/lua/mason-core/installer/InstallRunner.lua:93: Installation failed for Package(name=stylua) error="The current platform is unsupported."
[INFO  Thu May 29 22:47:22 2025] ...zy/mason.nvim/lua/mason-core/installer/InstallRunner.lua:40: Executing installer for Package(name=stylua) {
  debug = false,
  force = false,
  strict = false
}
[ERROR Thu May 29 22:47:49 2025] ...zy/mason.nvim/lua/mason-core/installer/InstallRunner.lua:93: Installation failed for Package(name=stylua) error="The current platform is unsupported."
[INFO  Thu May 29 22:48:20 2025] ...zy/mason.nvim/lua/mason-core/installer/InstallRunner.lua:40: Executing installer for Package(name=stylua) {
  debug = false,
  force = false,
  strict = false
}
[ERROR Thu May 29 22:51:22 2025] ...zy/mason.nvim/lua/mason-core/installer/InstallRunner.lua:93: Installation failed for Package(name=stylua) error="The current platform is unsupported."
[INFO  Thu May 29 22:55:10 2025] ...zy/mason.nvim/lua/mason-core/installer/InstallRunner.lua:40: Executing installer for Package(name=stylua) {
  debug = false,
  force = false,
  strict = false
}
[ERROR Thu May 29 22:55:14 2025] ...zy/mason.nvim/lua/mason-core/installer/InstallRunner.lua:93: Installation failed for Package(name=stylua) error="The current platform is unsupported."
[INFO  Thu May 29 22:58:54 2025] ...zy/mason.nvim/lua/mason-core/installer/InstallRunner.lua:40: Executing installer for Package(name=stylua) {
  debug = false,
  force = false,
  strict = false
}
[ERROR Thu May 29 22:59:11 2025] ...zy/mason.nvim/lua/mason-core/installer/InstallRunner.lua:93: Installation failed for Package(name=stylua) error="The current platform is unsupported."
[INFO  Thu May 29 22:59:40 2025] ...zy/mason.nvim/lua/mason-core/installer/InstallRunner.lua:40: Executing installer for Package(name=stylua) {
  debug = false,
  force = false,
  strict = false
}
[ERROR Thu May 29 22:59:40 2025] ...zy/mason.nvim/lua/mason-core/installer/InstallRunner.lua:93: Installation failed for Package(name=stylua) error="The current platform is unsupported."
[INFO  Fri May 30 10:47:25 2025] ...zy/mason.nvim/lua/mason-core/installer/InstallRunner.lua:40: Executing installer for Package(name=stylua) {
  debug = false,
  force = false,
  strict = false
}
[ERROR Fri May 30 10:47:25 2025] ...zy/mason.nvim/lua/mason-core/installer/InstallRunner.lua:93: Installation failed for Package(name=stylua) error="The current platform is unsupported."
[INFO  Fri May 30 11:00:51 2025] ...zy/mason.nvim/lua/mason-core/installer/InstallRunner.lua:40: Executing installer for Package(name=stylua) {
  debug = false,
  force = false,
  strict = false
}
[ERROR Fri May 30 11:00:51 2025] ...zy/mason.nvim/lua/mason-core/installer/InstallRunner.lua:93: Installation failed for Package(name=stylua) error="The current platform is unsupported."
[INFO  Sat May 31 13:41:56 2025] ...zy/mason.nvim/lua/mason-core/installer/InstallRunner.lua:40: Executing installer for Package(name=stylua) {
  debug = false,
  force = false,
  strict = false
}
[ERROR Sat May 31 13:41:56 2025] ...zy/mason.nvim/lua/mason-core/installer/InstallRunner.lua:93: Installation failed for Package(name=stylua) error="The current platform is unsupported."
[INFO  Sat May 31 13:48:29 2025] ...zy/mason.nvim/lua/mason-core/installer/InstallRunner.lua:40: Executing installer for Package(name=stylua) {
  debug = false,
  force = false,
  strict = false
}
[ERROR Sat May 31 13:48:30 2025] ...zy/mason.nvim/lua/mason-core/installer/InstallRunner.lua:93: Installation failed for Package(name=stylua) error="The current platform is unsupported."
[INFO  Sat May 31 13:54:05 2025] ...zy/mason.nvim/lua/mason-core/installer/InstallRunner.lua:40: Executing installer for Package(name=stylua) {
  debug = false,
  force = false,
  strict = false
}
[ERROR Sat May 31 13:54:05 2025] ...zy/mason.nvim/lua/mason-core/installer/InstallRunner.lua:93: Installation failed for Package(name=stylua) error="The current platform is unsupported."
[INFO  Sat May 31 13:54:58 2025] ...zy/mason.nvim/lua/mason-core/installer/InstallRunner.lua:40: Executing installer for Package(name=stylua) {
  debug = false,
  force = false,
  strict = false
}
[ERROR Sat May 31 13:54:58 2025] ...zy/mason.nvim/lua/mason-core/installer/InstallRunner.lua:93: Installation failed for Package(name=stylua) error="The current platform is unsupported."
[INFO  Sat May 31 14:34:34 2025] ...zy/mason.nvim/lua/mason-core/installer/InstallRunner.lua:40: Executing installer for Package(name=stylua) {
  debug = false,
  force = false,
  strict = false
}
[ERROR Sat May 31 14:34:34 2025] ...zy/mason.nvim/lua/mason-core/installer/InstallRunner.lua:93: Installation failed for Package(name=stylua) error="The current platform is unsupported."
[INFO  Sat May 31 16:12:16 2025] ...zy/mason.nvim/lua/mason-core/installer/InstallRunner.lua:40: Executing installer for Package(name=stylua) {
  debug = false,
  force = false,
  strict = false
}
[ERROR Sat May 31 16:12:17 2025] ...zy/mason.nvim/lua/mason-core/installer/InstallRunner.lua:93: Installation failed for Package(name=stylua) error="The current platform is unsupported."
[INFO  Sat May 31 16:12:26 2025] ...zy/mason.nvim/lua/mason-core/installer/InstallRunner.lua:40: Executing installer for Package(name=stylua) {
  debug = false,
  force = false,
  strict = false
}
[ERROR Sat May 31 16:12:26 2025] ...zy/mason.nvim/lua/mason-core/installer/InstallRunner.lua:93: Installation failed for Package(name=stylua) error="The current platform is unsupported."
[INFO  Sat May 31 16:13:01 2025] ...zy/mason.nvim/lua/mason-core/installer/InstallRunner.lua:40: Executing installer for Package(name=stylua) {
  debug = false,
  force = false,
  strict = false
}
[ERROR Sat May 31 16:13:02 2025] ...zy/mason.nvim/lua/mason-core/installer/InstallRunner.lua:93: Installation failed for Package(name=stylua) error="The current platform is unsupported."
[INFO  Sat May 31 16:13:26 2025] ...zy/mason.nvim/lua/mason-core/installer/InstallRunner.lua:40: Executing installer for Package(name=stylua) {
  debug = false,
  force = false,
  strict = false
}
[ERROR Sat May 31 16:13:26 2025] ...zy/mason.nvim/lua/mason-core/installer/InstallRunner.lua:93: Installation failed for Package(name=stylua) error="The current platform is unsupported."
[INFO  Sat May 31 22:05:57 2025] ...zy/mason.nvim/lua/mason-core/installer/InstallRunner.lua:40: Executing installer for Package(name=stylua) {
  debug = false,
  force = false,
  strict = false
}
[ERROR Sat May 31 22:05:57 2025] ...zy/mason.nvim/lua/mason-core/installer/InstallRunner.lua:93: Installation failed for Package(name=stylua) error="The current platform is unsupported."
[INFO  Sun Jun  1 14:24:17 2025] ...zy/mason.nvim/lua/mason-core/installer/InstallRunner.lua:40: Executing installer for Package(name=stylua) {
  debug = false,
  force = false,
  strict = false
}
[ERROR Sun Jun  1 14:24:17 2025] ...zy/mason.nvim/lua/mason-core/installer/InstallRunner.lua:93: Installation failed for Package(name=stylua) error="The current platform is unsupported."
[INFO  Sun Jun  1 18:42:14 2025] ...zy/mason.nvim/lua/mason-core/installer/InstallRunner.lua:40: Executing installer for Package(name=stylua) {
  debug = false,
  force = false,
  strict = false
}
[ERROR Sun Jun  1 18:42:15 2025] ...zy/mason.nvim/lua/mason-core/installer/InstallRunner.lua:93: Installation failed for Package(name=stylua) error="The current platform is unsupported."
[INFO  Sun Jun  1 18:47:41 2025] ...zy/mason.nvim/lua/mason-core/installer/InstallRunner.lua:40: Executing installer for Package(name=stylua) {
  debug = false,
  force = false,
  strict = false
}
[ERROR Sun Jun  1 18:47:42 2025] ...zy/mason.nvim/lua/mason-core/installer/InstallRunner.lua:93: Installation failed for Package(name=stylua) error="The current platform is unsupported."
[INFO  Sun Jun  1 18:48:11 2025] ...zy/mason.nvim/lua/mason-core/installer/InstallRunner.lua:40: Executing installer for Package(name=stylua) {
  debug = false,
  force = false,
  strict = false
}
[ERROR Sun Jun  1 18:48:11 2025] ...zy/mason.nvim/lua/mason-core/installer/InstallRunner.lua:93: Installation failed for Package(name=stylua) error="The current platform is unsupported."
[INFO  Sun Jun  1 23:43:33 2025] ...zy/mason.nvim/lua/mason-core/installer/InstallRunner.lua:40: Executing installer for Package(name=stylua) {
  debug = false,
  force = false,
  strict = false
}
[ERROR Sun Jun  1 23:43:34 2025] ...zy/mason.nvim/lua/mason-core/installer/InstallRunner.lua:93: Installation failed for Package(name=stylua) error="The current platform is unsupported."
[INFO  Mon Jun  2 14:26:53 2025] ...zy/mason.nvim/lua/mason-core/installer/InstallRunner.lua:40: Executing installer for Package(name=stylua) {
  debug = false,
  force = false,
  strict = false
}
[ERROR Mon Jun  2 14:26:53 2025] ...zy/mason.nvim/lua/mason-core/installer/InstallRunner.lua:93: Installation failed for Package(name=stylua) error="The current platform is unsupported."
[INFO  Tue Jun  3 17:48:58 2025] ...zy/mason.nvim/lua/mason-core/installer/InstallRunner.lua:40: Executing installer for Package(name=stylua) {
  debug = false,
  force = false,
  strict = false
}
[ERROR Tue Jun  3 17:48:58 2025] ...zy/mason.nvim/lua/mason-core/installer/InstallRunner.lua:93: Installation failed for Package(name=stylua) error="The current platform is unsupported."
[INFO  Tue Jun  3 19:05:27 2025] ...zy/mason.nvim/lua/mason-core/installer/InstallRunner.lua:40: Executing installer for Package(name=stylua) {
  debug = false,
  force = false,
  strict = false
}
[ERROR Tue Jun  3 19:05:28 2025] ...zy/mason.nvim/lua/mason-core/installer/InstallRunner.lua:93: Installation failed for Package(name=stylua) error="The current platform is unsupported."
[INFO  Tue Jun  3 19:13:44 2025] ...zy/mason.nvim/lua/mason-core/installer/InstallRunner.lua:40: Executing installer for Package(name=stylua) {
  debug = false,
  force = false,
  strict = false
}
[ERROR Tue Jun  3 19:13:45 2025] ...zy/mason.nvim/lua/mason-core/installer/InstallRunner.lua:93: Installation failed for Package(name=stylua) error="The current platform is unsupported."
[INFO  Wed Jun  4 17:14:51 2025] ...zy/mason.nvim/lua/mason-core/installer/InstallRunner.lua:40: Executing installer for Package(name=stylua) {
  debug = false,
  force = false,
  strict = false
}
[ERROR Wed Jun  4 17:14:52 2025] ...zy/mason.nvim/lua/mason-core/installer/InstallRunner.lua:93: Installation failed for Package(name=stylua) error="The current platform is unsupported."
[INFO  Thu Jun  5 12:27:47 2025] ...zy/mason.nvim/lua/mason-core/installer/InstallRunner.lua:40: Executing installer for Package(name=stylua) {
  debug = false,
  force = false,
  strict = false
}
[ERROR Thu Jun  5 12:27:47 2025] ...zy/mason.nvim/lua/mason-core/installer/InstallRunner.lua:93: Installation failed for Package(name=stylua) error="The current platform is unsupported."
[INFO  Sat Jun  7 22:36:28 2025] ...zy/mason.nvim/lua/mason-core/installer/InstallRunner.lua:40: Executing installer for Package(name=stylua) {
  debug = false,
  force = false,
  strict = false
}
[ERROR Sat Jun  7 22:36:28 2025] ...zy/mason.nvim/lua/mason-core/installer/InstallRunner.lua:93: Installation failed for Package(name=stylua) error="The current platform is unsupported."
[INFO  Sun Jun  8 14:01:00 2025] ...zy/mason.nvim/lua/mason-core/installer/InstallRunner.lua:40: Executing installer for Package(name=stylua) {
  debug = false,
  force = false,
  strict = false
}
[ERROR Sun Jun  8 14:01:00 2025] ...zy/mason.nvim/lua/mason-core/installer/InstallRunner.lua:93: Installation failed for Package(name=stylua) error="The current platform is unsupported."
