2025-06-04 21:19:32.099 [info] [main] Log level: Info
2025-06-04 21:19:32.099 [info] [main] Validating found git in: "git"
2025-06-04 21:19:32.099 [info] [main] Using git "2.49.0" from "git"
2025-06-04 21:19:32.099 [info] [Model][doInitialScan] Initial repository scan started
2025-06-04 21:19:32.099 [info] > git rev-parse --show-toplevel [52ms]
2025-06-04 21:19:32.112 [info] > git rev-parse --git-dir --git-common-dir [35ms]
2025-06-04 21:19:32.194 [info] [Model][openRepository] Opened repository (path): /data/data/com.termux/files/home/project
2025-06-04 21:19:32.194 [info] [Model][openRepository] Opened repository (real path): /data/data/com.termux/files/home/project
2025-06-04 21:19:33.175 [info] > git rev-parse --show-toplevel [269ms]
2025-06-04 21:19:33.180 [info] > git config --get commit.template [300ms]
2025-06-04 21:19:33.294 [info] > git for-each-ref --format=%(refname)%00%(upstream:short)%00%(objectname)%00%(upstream:track)%00%(upstream:remotename)%00%(upstream:remoteref) refs/heads/main refs/remotes/main [22ms]
2025-06-04 21:19:33.295 [info] > git rev-parse --show-toplevel [47ms]
2025-06-04 21:19:33.399 [info] > git status -z -uall [47ms]
2025-06-04 21:19:33.404 [info] > git rev-parse --show-toplevel [90ms]
2025-06-04 21:19:33.437 [info] > git for-each-ref --sort -committerdate --format %(refname)%00%(objectname)%00%(*objectname) [50ms]
2025-06-04 21:19:33.615 [info] > git check-ignore -v -z --stdin [44ms]
2025-06-04 21:19:33.622 [info] > git for-each-ref --format=%(refname)%00%(upstream:short)%00%(objectname)%00%(upstream:track)%00%(upstream:remotename)%00%(upstream:remoteref) refs/heads/main refs/remotes/main [81ms]
2025-06-04 21:19:33.670 [info] > git rev-parse --show-toplevel [240ms]
2025-06-04 21:19:33.671 [info] [Model][doInitialScan] Initial repository scan completed - repositories (1), closed repositories (0), parent repositories (0), unsafe repositories (0)
2025-06-04 21:19:33.776 [info] > git show --textconv :src/main.js [70ms]
2025-06-04 21:19:33.777 [info] > git ls-files --stage -- src/main.js [47ms]
2025-06-04 21:19:33.809 [info] > git config --get --local branch.main.vscode-merge-base [140ms]
2025-06-04 21:19:33.846 [info] > git config --get commit.template [235ms]
2025-06-04 21:19:33.865 [info] > git cat-file -s c5c5914ca9dca5d8aa38311eb6565b11640bbe2d [61ms]
2025-06-04 21:19:33.918 [info] > git fetch [1725ms]
2025-06-04 21:19:33.923 [info] > git for-each-ref --format=%(refname)%00%(upstream:short)%00%(objectname)%00%(upstream:track)%00%(upstream:remotename)%00%(upstream:remoteref) refs/heads/origin/main refs/remotes/origin/main [80ms]
2025-06-04 21:19:34.152 [info] > git merge-base refs/heads/main refs/remotes/origin/main [190ms]
2025-06-04 21:19:34.191 [info] > git for-each-ref --format=%(refname)%00%(upstream:short)%00%(objectname)%00%(upstream:track)%00%(upstream:remotename)%00%(upstream:remoteref) refs/heads/main refs/remotes/main [278ms]
2025-06-04 21:19:34.205 [info] > git diff --name-status -z --diff-filter=ADMR b275ee63a61df1903e46e1429e274a988704aab4...refs/remotes/origin/main [14ms]
2025-06-04 21:19:34.208 [info] > git config --get commit.template [58ms]
2025-06-04 21:19:34.250 [info] > git for-each-ref --format=%(refname)%00%(upstream:short)%00%(objectname)%00%(upstream:track)%00%(upstream:remotename)%00%(upstream:remoteref) refs/heads/main refs/remotes/main [20ms]
2025-06-04 21:19:34.317 [info] > git status -z -uall [43ms]
2025-06-04 21:19:34.348 [info] > git for-each-ref --sort -committerdate --format %(refname)%00%(objectname)%00%(*objectname) [37ms]
2025-06-04 21:19:34.646 [info] > git blame --root --incremental b275ee63a61df1903e46e1429e274a988704aab4 -- src/main.js [212ms]
2025-06-04 21:21:18.500 [info] > git config --get commit.template [36ms]
2025-06-04 21:21:18.508 [info] > git for-each-ref --format=%(refname)%00%(upstream:short)%00%(objectname)%00%(upstream:track)%00%(upstream:remotename)%00%(upstream:remoteref) refs/heads/main refs/remotes/main [17ms]
2025-06-04 21:21:18.575 [info] > git status -z -uall [24ms]
2025-06-04 21:21:18.587 [info] > git for-each-ref --sort -committerdate --format %(refname)%00%(objectname)%00%(*objectname) [17ms]
2025-06-04 21:21:32.378 [info] > git config --get commit.template [49ms]
2025-06-04 21:21:32.390 [info] > git for-each-ref --format=%(refname)%00%(upstream:short)%00%(objectname)%00%(upstream:track)%00%(upstream:remotename)%00%(upstream:remoteref) refs/heads/main refs/remotes/main [29ms]
2025-06-04 21:21:32.469 [info] > git status -z -uall [40ms]
2025-06-04 21:21:32.493 [info] > git for-each-ref --sort -committerdate --format %(refname)%00%(objectname)%00%(*objectname) [27ms]
2025-06-04 21:22:27.026 [info] > git config --get commit.template [37ms]
2025-06-04 21:22:27.043 [info] > git for-each-ref --format=%(refname)%00%(upstream:short)%00%(objectname)%00%(upstream:track)%00%(upstream:remotename)%00%(upstream:remoteref) refs/heads/main refs/remotes/main [19ms]
2025-06-04 21:22:27.093 [info] > git status -z -uall [22ms]
2025-06-04 21:22:27.100 [info] > git for-each-ref --sort -committerdate --format %(refname)%00%(objectname)%00%(*objectname) [9ms]
2025-06-04 21:22:35.650 [info] > git ls-files --stage -- src/main.js [8ms]
2025-06-04 21:22:35.682 [info] > git cat-file -s c5c5914ca9dca5d8aa38311eb6565b11640bbe2d [3ms]
2025-06-04 21:22:35.718 [info] > git show --textconv :src/main.js [7ms]
2025-06-04 21:22:41.391 [info] > git fetch [6984ms]
2025-06-04 21:22:41.462 [info] > git for-each-ref --format=%(refname)%00%(upstream:short)%00%(objectname)%00%(upstream:track)%00%(upstream:remotename)%00%(upstream:remoteref) refs/heads/main refs/remotes/main [3ms]
2025-06-04 21:22:41.462 [info] > git config --get commit.template [38ms]
2025-06-04 21:22:41.505 [info] > git status -z -uall [25ms]
2025-06-04 21:22:41.513 [info] > git for-each-ref --sort -committerdate --format %(refname)%00%(objectname)%00%(*objectname) [9ms]
2025-06-04 21:22:42.581 [info] > git ls-files --stage -- src/main.js [9ms]
2025-06-04 21:22:42.610 [info] > git cat-file -s c5c5914ca9dca5d8aa38311eb6565b11640bbe2d [6ms]
2025-06-04 21:22:42.640 [info] > git show --textconv :src/main.js [4ms]
2025-06-04 21:23:08.001 [info] > git config --get commit.template [25ms]
2025-06-04 21:23:08.012 [info] > git for-each-ref --format=%(refname)%00%(upstream:short)%00%(objectname)%00%(upstream:track)%00%(upstream:remotename)%00%(upstream:remoteref) refs/heads/main refs/remotes/main [14ms]
2025-06-04 21:23:08.060 [info] > git status -z -uall [27ms]
2025-06-04 21:23:08.065 [info] > git for-each-ref --sort -committerdate --format %(refname)%00%(objectname)%00%(*objectname) [9ms]
2025-06-04 21:24:00.716 [info] > git config --get commit.template [35ms]
2025-06-04 21:24:00.725 [info] > git for-each-ref --format=%(refname)%00%(upstream:short)%00%(objectname)%00%(upstream:track)%00%(upstream:remotename)%00%(upstream:remoteref) refs/heads/main refs/remotes/main [11ms]
2025-06-04 21:24:00.814 [info] > git status -z -uall [62ms]
2025-06-04 21:24:00.828 [info] > git for-each-ref --sort -committerdate --format %(refname)%00%(objectname)%00%(*objectname) [33ms]
2025-06-04 21:24:14.487 [info] > git config --get commit.template [73ms]
2025-06-04 21:24:14.493 [info] > git for-each-ref --format=%(refname)%00%(upstream:short)%00%(objectname)%00%(upstream:track)%00%(upstream:remotename)%00%(upstream:remoteref) refs/heads/main refs/remotes/main [14ms]
2025-06-04 21:24:14.583 [info] > git status -z -uall [54ms]
2025-06-04 21:24:14.600 [info] > git for-each-ref --sort -committerdate --format %(refname)%00%(objectname)%00%(*objectname) [18ms]
2025-06-04 21:24:25.836 [info] > git config --get commit.template [99ms]
2025-06-04 21:24:25.886 [info] > git for-each-ref --format=%(refname)%00%(upstream:short)%00%(objectname)%00%(upstream:track)%00%(upstream:remotename)%00%(upstream:remoteref) refs/heads/main refs/remotes/main [61ms]
2025-06-04 21:24:25.998 [info] > git status -z -uall [41ms]
2025-06-04 21:24:26.014 [info] > git for-each-ref --sort -committerdate --format %(refname)%00%(objectname)%00%(*objectname) [19ms]
2025-06-04 21:24:39.203 [info] > git config --get commit.template [14ms]
2025-06-04 21:24:39.287 [info] > git for-each-ref --format=%(refname)%00%(upstream:short)%00%(objectname)%00%(upstream:track)%00%(upstream:remotename)%00%(upstream:remoteref) refs/heads/main refs/remotes/main [28ms]
2025-06-04 21:24:39.390 [info] > git status -z -uall [41ms]
2025-06-04 21:24:39.405 [info] > git for-each-ref --sort -committerdate --format %(refname)%00%(objectname)%00%(*objectname) [24ms]
2025-06-04 21:25:42.950 [info] > git fetch [1277ms]
2025-06-04 21:25:43.005 [info] > git config --get commit.template [19ms]
2025-06-04 21:25:43.025 [info] > git ls-files --stage -- src/main.js [21ms]
2025-06-04 21:25:43.044 [info] > git for-each-ref --format=%(refname)%00%(upstream:short)%00%(objectname)%00%(upstream:track)%00%(upstream:remotename)%00%(upstream:remoteref) refs/heads/main refs/remotes/main [20ms]
2025-06-04 21:25:43.119 [info] > git status -z -uall [50ms]
2025-06-04 21:25:43.119 [info] > git for-each-ref --sort -committerdate --format %(refname)%00%(objectname)%00%(*objectname) [29ms]
2025-06-04 21:25:43.132 [info] > git cat-file -s c5c5914ca9dca5d8aa38311eb6565b11640bbe2d [90ms]
2025-06-04 21:25:43.171 [info] > git show --textconv :src/main.js [11ms]
2025-06-04 21:25:44.149 [info] > git ls-files --stage -- src/main.js [6ms]
2025-06-04 21:25:44.175 [info] > git cat-file -s c5c5914ca9dca5d8aa38311eb6565b11640bbe2d [5ms]
2025-06-04 21:25:44.204 [info] > git show --textconv :src/main.js [7ms]
2025-06-04 21:28:44.550 [info] > git ls-files --stage -- src/main.js [12ms]
2025-06-04 21:28:44.583 [info] > git cat-file -s c5c5914ca9dca5d8aa38311eb6565b11640bbe2d [10ms]
2025-06-04 21:28:44.618 [info] > git show --textconv :src/main.js [9ms]
2025-06-04 21:28:46.162 [info] > git fetch [2962ms]
2025-06-04 21:28:46.222 [info] > git config --get commit.template [19ms]
2025-06-04 21:28:46.227 [info] > git for-each-ref --format=%(refname)%00%(upstream:short)%00%(objectname)%00%(upstream:track)%00%(upstream:remotename)%00%(upstream:remoteref) refs/heads/main refs/remotes/main [6ms]
2025-06-04 21:28:46.280 [info] > git status -z -uall [29ms]
2025-06-04 21:28:46.284 [info] > git for-each-ref --sort -committerdate --format %(refname)%00%(objectname)%00%(*objectname) [6ms]
2025-06-04 21:28:47.427 [info] > git ls-files --stage -- src/main.js [11ms]
2025-06-04 21:28:47.454 [info] > git cat-file -s c5c5914ca9dca5d8aa38311eb6565b11640bbe2d [3ms]
2025-06-04 21:28:47.487 [info] > git show --textconv :src/main.js [6ms]
2025-06-04 21:28:54.679 [info] > git config --get commit.template [25ms]
2025-06-04 21:28:54.684 [info] > git for-each-ref --format=%(refname)%00%(upstream:short)%00%(objectname)%00%(upstream:track)%00%(upstream:remotename)%00%(upstream:remoteref) refs/heads/main refs/remotes/main [7ms]
2025-06-04 21:28:54.728 [info] > git status -z -uall [20ms]
2025-06-04 21:28:54.739 [info] > git for-each-ref --sort -committerdate --format %(refname)%00%(objectname)%00%(*objectname) [12ms]
2025-06-04 21:30:18.709 [info] > git config --get commit.template [39ms]
2025-06-04 21:30:18.717 [info] > git for-each-ref --format=%(refname)%00%(upstream:short)%00%(objectname)%00%(upstream:track)%00%(upstream:remotename)%00%(upstream:remoteref) refs/heads/main refs/remotes/main [26ms]
2025-06-04 21:30:18.774 [info] > git status -z -uall [31ms]
2025-06-04 21:30:18.802 [info] > git for-each-ref --sort -committerdate --format %(refname)%00%(objectname)%00%(*objectname) [29ms]
2025-06-04 21:30:39.205 [info] > git config --get commit.template [57ms]
2025-06-04 21:30:39.220 [info] > git for-each-ref --format=%(refname)%00%(upstream:short)%00%(objectname)%00%(upstream:track)%00%(upstream:remotename)%00%(upstream:remoteref) refs/heads/main refs/remotes/main [40ms]
2025-06-04 21:30:39.375 [info] > git status -z -uall [99ms]
2025-06-04 21:30:39.384 [info] > git for-each-ref --sort -committerdate --format %(refname)%00%(objectname)%00%(*objectname) [34ms]
2025-06-04 21:30:50.011 [info] > git config --get commit.template [68ms]
2025-06-04 21:30:50.027 [info] > git for-each-ref --format=%(refname)%00%(upstream:short)%00%(objectname)%00%(upstream:track)%00%(upstream:remotename)%00%(upstream:remoteref) refs/heads/main refs/remotes/main [21ms]
2025-06-04 21:30:50.103 [info] > git status -z -uall [42ms]
2025-06-04 21:30:50.122 [info] > git for-each-ref --sort -committerdate --format %(refname)%00%(objectname)%00%(*objectname) [31ms]
2025-06-04 21:31:47.494 [info] > git fetch [1133ms]
2025-06-04 21:31:47.550 [info] > git config --get commit.template [25ms]
2025-06-04 21:31:47.556 [info] > git for-each-ref --format=%(refname)%00%(upstream:short)%00%(objectname)%00%(upstream:track)%00%(upstream:remotename)%00%(upstream:remoteref) refs/heads/main refs/remotes/main [9ms]
2025-06-04 21:31:47.597 [info] > git status -z -uall [22ms]
2025-06-04 21:31:47.603 [info] > git for-each-ref --sort -committerdate --format %(refname)%00%(objectname)%00%(*objectname) [9ms]
2025-06-04 21:31:48.692 [info] > git ls-files --stage -- src/main.js [7ms]
2025-06-04 21:31:48.724 [info] > git cat-file -s c5c5914ca9dca5d8aa38311eb6565b11640bbe2d [10ms]
2025-06-04 21:31:48.758 [info] > git show --textconv :src/main.js [8ms]
2025-06-04 21:32:10.441 [info] > git config --get commit.template [39ms]
2025-06-04 21:32:10.454 [info] > git for-each-ref --format=%(refname)%00%(upstream:short)%00%(objectname)%00%(upstream:track)%00%(upstream:remotename)%00%(upstream:remoteref) refs/heads/main refs/remotes/main [17ms]
2025-06-04 21:32:10.512 [info] > git status -z -uall [27ms]
2025-06-04 21:32:10.524 [info] > git for-each-ref --sort -committerdate --format %(refname)%00%(objectname)%00%(*objectname) [15ms]
2025-06-04 21:33:08.781 [info] > git config --get commit.template [33ms]
2025-06-04 21:33:08.796 [info] > git for-each-ref --format=%(refname)%00%(upstream:short)%00%(objectname)%00%(upstream:track)%00%(upstream:remotename)%00%(upstream:remoteref) refs/heads/main refs/remotes/main [20ms]
2025-06-04 21:33:08.873 [info] > git status -z -uall [46ms]
2025-06-04 21:33:08.877 [info] > git for-each-ref --sort -committerdate --format %(refname)%00%(objectname)%00%(*objectname) [31ms]
2025-06-04 21:34:48.887 [info] > git ls-files --stage -- src/main.js [9ms]
2025-06-04 21:34:48.925 [info] > git cat-file -s c5c5914ca9dca5d8aa38311eb6565b11640bbe2d [20ms]
2025-06-04 21:34:48.958 [info] > git show --textconv :src/main.js [10ms]
2025-06-04 21:34:54.207 [info] > git fetch [6561ms]
2025-06-04 21:34:54.281 [info] > git config --get commit.template [27ms]
2025-06-04 21:34:54.290 [info] > git for-each-ref --format=%(refname)%00%(upstream:short)%00%(objectname)%00%(upstream:track)%00%(upstream:remotename)%00%(upstream:remoteref) refs/heads/main refs/remotes/main [11ms]
2025-06-04 21:34:54.338 [info] > git status -z -uall [29ms]
2025-06-04 21:34:54.341 [info] > git for-each-ref --sort -committerdate --format %(refname)%00%(objectname)%00%(*objectname) [6ms]
2025-06-04 21:34:55.465 [info] > git ls-files --stage -- src/main.js [29ms]
2025-06-04 21:34:55.539 [info] > git cat-file -s c5c5914ca9dca5d8aa38311eb6565b11640bbe2d [51ms]
2025-06-04 21:34:55.669 [info] > git show --textconv :src/main.js [48ms]
2025-06-04 21:37:55.714 [info] > git ls-files --stage -- src/main.js [12ms]
2025-06-04 21:37:55.745 [info] > git fetch [1346ms]
2025-06-04 21:37:55.746 [info] > git cat-file -s c5c5914ca9dca5d8aa38311eb6565b11640bbe2d [11ms]
2025-06-04 21:37:55.793 [info] > git config --get commit.template [25ms]
2025-06-04 21:37:55.822 [info] > git show --textconv :src/main.js [29ms]
2025-06-04 21:37:55.826 [info] > git for-each-ref --format=%(refname)%00%(upstream:short)%00%(objectname)%00%(upstream:track)%00%(upstream:remotename)%00%(upstream:remoteref) refs/heads/main refs/remotes/main [7ms]
2025-06-04 21:37:55.878 [info] > git status -z -uall [32ms]
2025-06-04 21:37:55.880 [info] > git for-each-ref --sort -committerdate --format %(refname)%00%(objectname)%00%(*objectname) [4ms]
2025-06-04 21:37:56.980 [info] > git ls-files --stage -- src/main.js [11ms]
2025-06-04 21:37:57.010 [info] > git cat-file -s c5c5914ca9dca5d8aa38311eb6565b11640bbe2d [8ms]
2025-06-04 21:37:57.041 [info] > git show --textconv :src/main.js [8ms]
2025-06-04 21:38:03.203 [info] > git config --get commit.template [31ms]
2025-06-04 21:38:03.208 [info] > git for-each-ref --format=%(refname)%00%(upstream:short)%00%(objectname)%00%(upstream:track)%00%(upstream:remotename)%00%(upstream:remoteref) refs/heads/main refs/remotes/main [11ms]
2025-06-04 21:38:03.263 [info] > git status -z -uall [27ms]
2025-06-04 21:38:03.273 [info] > git for-each-ref --sort -committerdate --format %(refname)%00%(objectname)%00%(*objectname) [11ms]
2025-06-04 21:40:33.834 [info] > git config --get commit.template [63ms]
2025-06-04 21:40:33.851 [info] > git for-each-ref --format=%(refname)%00%(upstream:short)%00%(objectname)%00%(upstream:track)%00%(upstream:remotename)%00%(upstream:remoteref) refs/heads/main refs/remotes/main [52ms]
2025-06-04 21:40:33.915 [info] > git status -z -uall [37ms]
2025-06-04 21:40:33.931 [info] > git for-each-ref --sort -committerdate --format %(refname)%00%(objectname)%00%(*objectname) [21ms]
2025-06-04 21:40:57.189 [info] > git ls-files --stage -- src/main.js [8ms]
2025-06-04 21:40:57.230 [info] > git cat-file -s c5c5914ca9dca5d8aa38311eb6565b11640bbe2d [10ms]
2025-06-04 21:40:57.267 [info] > git show --textconv :src/main.js [9ms]
2025-06-04 21:41:02.233 [info] > git fetch [6295ms]
2025-06-04 21:41:02.306 [info] > git config --get commit.template [40ms]
2025-06-04 21:41:02.316 [info] > git for-each-ref --format=%(refname)%00%(upstream:short)%00%(objectname)%00%(upstream:track)%00%(upstream:remotename)%00%(upstream:remoteref) refs/heads/main refs/remotes/main [14ms]
2025-06-04 21:41:02.363 [info] > git status -z -uall [24ms]
2025-06-04 21:41:02.370 [info] > git for-each-ref --sort -committerdate --format %(refname)%00%(objectname)%00%(*objectname) [9ms]
2025-06-04 21:41:03.447 [info] > git ls-files --stage -- src/main.js [11ms]
2025-06-04 21:41:03.478 [info] > git cat-file -s c5c5914ca9dca5d8aa38311eb6565b11640bbe2d [7ms]
2025-06-04 21:41:03.513 [info] > git show --textconv :src/main.js [11ms]
2025-06-04 21:41:25.249 [info] > git config --get commit.template [27ms]
2025-06-04 21:41:25.254 [info] > git for-each-ref --format=%(refname)%00%(upstream:short)%00%(objectname)%00%(upstream:track)%00%(upstream:remotename)%00%(upstream:remoteref) refs/heads/main refs/remotes/main [11ms]
2025-06-04 21:41:25.315 [info] > git status -z -uall [33ms]
2025-06-04 21:41:25.326 [info] > git for-each-ref --sort -committerdate --format %(refname)%00%(objectname)%00%(*objectname) [13ms]
2025-06-04 21:41:54.384 [info] > git config --get commit.template [43ms]
2025-06-04 21:41:54.403 [info] > git for-each-ref --format=%(refname)%00%(upstream:short)%00%(objectname)%00%(upstream:track)%00%(upstream:remotename)%00%(upstream:remoteref) refs/heads/main refs/remotes/main [20ms]
2025-06-04 21:41:54.464 [info] > git status -z -uall [31ms]
2025-06-04 21:41:54.470 [info] > git for-each-ref --sort -committerdate --format %(refname)%00%(objectname)%00%(*objectname) [6ms]
2025-06-04 21:42:34.640 [info] > git config --get commit.template [36ms]
2025-06-04 21:42:34.650 [info] > git for-each-ref --format=%(refname)%00%(upstream:short)%00%(objectname)%00%(upstream:track)%00%(upstream:remotename)%00%(upstream:remoteref) refs/heads/main refs/remotes/main [12ms]
2025-06-04 21:42:34.699 [info] > git status -z -uall [27ms]
2025-06-04 21:42:34.708 [info] > git for-each-ref --sort -committerdate --format %(refname)%00%(objectname)%00%(*objectname) [10ms]
2025-06-04 21:42:46.202 [info] > git config --get commit.template [27ms]
2025-06-04 21:42:46.211 [info] > git for-each-ref --format=%(refname)%00%(upstream:short)%00%(objectname)%00%(upstream:track)%00%(upstream:remotename)%00%(upstream:remoteref) refs/heads/main refs/remotes/main [13ms]
2025-06-04 21:42:46.264 [info] > git status -z -uall [28ms]
2025-06-04 21:42:46.273 [info] > git for-each-ref --sort -committerdate --format %(refname)%00%(objectname)%00%(*objectname) [10ms]
2025-06-04 21:44:03.834 [info] > git ls-files --stage -- src/main.js [33ms]
2025-06-04 21:44:03.868 [info] > git cat-file -s c5c5914ca9dca5d8aa38311eb6565b11640bbe2d [10ms]
2025-06-04 21:44:03.907 [info] > git show --textconv :src/main.js [9ms]
2025-06-04 21:44:04.744 [info] > git fetch [2302ms]
2025-06-04 21:44:04.780 [info] > git config --get commit.template [3ms]
2025-06-04 21:44:04.816 [info] > git for-each-ref --format=%(refname)%00%(upstream:short)%00%(objectname)%00%(upstream:track)%00%(upstream:remotename)%00%(upstream:remoteref) refs/heads/main refs/remotes/main [6ms]
2025-06-04 21:44:04.864 [info] > git status -z -uall [24ms]
2025-06-04 21:44:04.866 [info] > git for-each-ref --sort -committerdate --format %(refname)%00%(objectname)%00%(*objectname) [4ms]
2025-06-04 21:44:05.943 [info] > git ls-files --stage -- src/main.js [5ms]
2025-06-04 21:44:05.974 [info] > git cat-file -s c5c5914ca9dca5d8aa38311eb6565b11640bbe2d [7ms]
2025-06-04 21:44:06.010 [info] > git show --textconv :src/main.js [7ms]
2025-06-04 21:47:06.261 [info] > git ls-files --stage -- src/main.js [13ms]
2025-06-04 21:47:06.291 [info] > git cat-file -s c5c5914ca9dca5d8aa38311eb6565b11640bbe2d [8ms]
2025-06-04 21:47:06.327 [info] > git show --textconv :src/main.js [9ms]
2025-06-04 21:47:08.342 [info] > git fetch [3409ms]
2025-06-04 21:47:08.420 [info] > git for-each-ref --format=%(refname)%00%(upstream:short)%00%(objectname)%00%(upstream:track)%00%(upstream:remotename)%00%(upstream:remoteref) refs/heads/main refs/remotes/main [9ms]
2025-06-04 21:47:08.421 [info] > git config --get commit.template [38ms]
2025-06-04 21:47:08.473 [info] > git status -z -uall [25ms]
2025-06-04 21:47:08.475 [info] > git for-each-ref --sort -committerdate --format %(refname)%00%(objectname)%00%(*objectname) [4ms]
2025-06-04 21:47:09.554 [info] > git ls-files --stage -- src/main.js [7ms]
2025-06-04 21:47:09.581 [info] > git cat-file -s c5c5914ca9dca5d8aa38311eb6565b11640bbe2d [7ms]
2025-06-04 21:47:09.609 [info] > git show --textconv :src/main.js [7ms]
2025-06-04 21:50:09.819 [info] > git ls-files --stage -- src/main.js [9ms]
2025-06-04 21:50:09.858 [info] > git cat-file -s c5c5914ca9dca5d8aa38311eb6565b11640bbe2d [10ms]
2025-06-04 21:50:09.892 [info] > git show --textconv :src/main.js [8ms]
2025-06-04 21:50:10.708 [info] > git fetch [2193ms]
2025-06-04 21:50:10.765 [info] > git config --get commit.template [19ms]
2025-06-04 21:50:10.770 [info] > git for-each-ref --format=%(refname)%00%(upstream:short)%00%(objectname)%00%(upstream:track)%00%(upstream:remotename)%00%(upstream:remoteref) refs/heads/main refs/remotes/main [6ms]
2025-06-04 21:50:10.817 [info] > git status -z -uall [22ms]
2025-06-04 21:50:10.823 [info] > git for-each-ref --sort -committerdate --format %(refname)%00%(objectname)%00%(*objectname) [8ms]
2025-06-04 21:50:11.925 [info] > git ls-files --stage -- src/main.js [9ms]
2025-06-04 21:50:11.957 [info] > git cat-file -s c5c5914ca9dca5d8aa38311eb6565b11640bbe2d [8ms]
2025-06-04 21:50:11.991 [info] > git show --textconv :src/main.js [7ms]
2025-06-04 21:50:46.237 [info] > git check-ignore -v -z --stdin [10ms]
2025-06-04 21:53:12.260 [info] > git ls-files --stage -- src/main.js [24ms]
2025-06-04 21:53:12.294 [info] > git cat-file -s c5c5914ca9dca5d8aa38311eb6565b11640bbe2d [9ms]
2025-06-04 21:53:12.338 [info] > git show --textconv :src/main.js [22ms]
2025-06-04 21:53:14.864 [info] > git fetch [3971ms]
2025-06-04 21:53:14.915 [info] > git config --get commit.template [22ms]
2025-06-04 21:53:14.918 [info] > git for-each-ref --format=%(refname)%00%(upstream:short)%00%(objectname)%00%(upstream:track)%00%(upstream:remotename)%00%(upstream:remoteref) refs/heads/main refs/remotes/main [5ms]
2025-06-04 21:53:14.968 [info] > git status -z -uall [29ms]
2025-06-04 21:53:14.969 [info] > git for-each-ref --sort -committerdate --format %(refname)%00%(objectname)%00%(*objectname) [8ms]
2025-06-04 21:53:16.057 [info] > git ls-files --stage -- src/main.js [10ms]
2025-06-04 21:53:16.098 [info] > git cat-file -s c5c5914ca9dca5d8aa38311eb6565b11640bbe2d [9ms]
2025-06-04 21:53:16.153 [info] > git show --textconv :src/main.js [9ms]
2025-06-04 21:53:50.585 [info] > git config --get commit.template [33ms]
2025-06-04 21:53:50.592 [info] > git for-each-ref --format=%(refname)%00%(upstream:short)%00%(objectname)%00%(upstream:track)%00%(upstream:remotename)%00%(upstream:remoteref) refs/heads/main refs/remotes/main [10ms]
2025-06-04 21:53:50.643 [info] > git status -z -uall [31ms]
2025-06-04 21:53:50.649 [info] > git for-each-ref --sort -committerdate --format %(refname)%00%(objectname)%00%(*objectname) [8ms]
2025-06-04 21:56:17.816 [info] > git fetch [2791ms]
2025-06-04 21:56:17.878 [info] > git config --get commit.template [23ms]
2025-06-04 21:56:17.883 [info] > git for-each-ref --format=%(refname)%00%(upstream:short)%00%(objectname)%00%(upstream:track)%00%(upstream:remotename)%00%(upstream:remoteref) refs/heads/main refs/remotes/main [8ms]
2025-06-04 21:56:17.923 [info] > git status -z -uall [19ms]
2025-06-04 21:56:17.929 [info] > git for-each-ref --sort -committerdate --format %(refname)%00%(objectname)%00%(*objectname) [7ms]
2025-06-04 21:57:03.226 [info] > git ls-files --stage -- src/main.js [12ms]
2025-06-04 21:57:03.263 [info] > git cat-file -s c5c5914ca9dca5d8aa38311eb6565b11640bbe2d [14ms]
2025-06-04 21:57:03.304 [info] > git show --textconv :src/main.js [8ms]
2025-06-04 21:57:09.415 [info] > git check-ignore -v -z --stdin [140ms]
2025-06-04 21:57:09.794 [info] > git config --get commit.template [21ms]
2025-06-04 21:57:09.854 [info] > git for-each-ref --format=%(refname)%00%(upstream:short)%00%(objectname)%00%(upstream:track)%00%(upstream:remotename)%00%(upstream:remoteref) refs/heads/main refs/remotes/main [41ms]
2025-06-04 21:57:09.969 [info] > git status -z -uall [54ms]
2025-06-04 21:57:09.990 [info] > git for-each-ref --sort -committerdate --format %(refname)%00%(objectname)%00%(*objectname) [32ms]
2025-06-04 21:57:33.141 [info] > git ls-files --stage -- src/main.js [81ms]
2025-06-04 21:57:33.174 [info] > git show --textconv :src/main.js [141ms]
2025-06-04 21:57:33.195 [info] > git cat-file -s c5c5914ca9dca5d8aa38311eb6565b11640bbe2d [23ms]
2025-06-04 21:58:15.008 [info] > git config --get commit.template [31ms]
2025-06-04 21:58:15.028 [info] > git for-each-ref --format=%(refname)%00%(upstream:short)%00%(objectname)%00%(upstream:track)%00%(upstream:remotename)%00%(upstream:remoteref) refs/heads/main refs/remotes/main [22ms]
2025-06-04 21:58:15.120 [info] > git status -z -uall [53ms]
2025-06-04 21:58:15.144 [info] > git for-each-ref --sort -committerdate --format %(refname)%00%(objectname)%00%(*objectname) [48ms]
2025-06-04 21:58:50.438 [info] > git config --get commit.template [36ms]
2025-06-04 21:58:50.453 [info] > git for-each-ref --format=%(refname)%00%(upstream:short)%00%(objectname)%00%(upstream:track)%00%(upstream:remotename)%00%(upstream:remoteref) refs/heads/main refs/remotes/main [17ms]
2025-06-04 21:58:50.513 [info] > git status -z -uall [31ms]
2025-06-04 21:58:50.528 [info] > git for-each-ref --sort -committerdate --format %(refname)%00%(objectname)%00%(*objectname) [25ms]
2025-06-04 21:58:53.515 [info] > git check-ignore -v -z --stdin [13ms]
2025-06-04 21:58:55.576 [info] > git config --get commit.template [2ms]
2025-06-04 21:58:55.605 [info] > git for-each-ref --format=%(refname)%00%(upstream:short)%00%(objectname)%00%(upstream:track)%00%(upstream:remotename)%00%(upstream:remoteref) refs/heads/main refs/remotes/main [6ms]
2025-06-04 21:58:55.648 [info] > git status -z -uall [26ms]
2025-06-04 21:58:55.654 [info] > git for-each-ref --sort -committerdate --format %(refname)%00%(objectname)%00%(*objectname) [7ms]
2025-06-04 21:59:19.239 [info] > git ls-files --stage -- src/main.js [11ms]
2025-06-04 21:59:19.273 [info] > git cat-file -s c5c5914ca9dca5d8aa38311eb6565b11640bbe2d [9ms]
2025-06-04 21:59:19.311 [info] > git show --textconv :src/main.js [4ms]
2025-06-04 21:59:19.561 [info] > git fetch [1583ms]
2025-06-04 21:59:19.606 [info] > git config --get commit.template [23ms]
2025-06-04 21:59:19.609 [info] > git for-each-ref --format=%(refname)%00%(upstream:short)%00%(objectname)%00%(upstream:track)%00%(upstream:remotename)%00%(upstream:remoteref) refs/heads/main refs/remotes/main [5ms]
2025-06-04 21:59:19.658 [info] > git status -z -uall [23ms]
2025-06-04 21:59:19.664 [info] > git for-each-ref --sort -committerdate --format %(refname)%00%(objectname)%00%(*objectname) [9ms]
2025-06-04 21:59:20.810 [info] > git ls-files --stage -- src/main.js [10ms]
2025-06-04 21:59:20.838 [info] > git cat-file -s c5c5914ca9dca5d8aa38311eb6565b11640bbe2d [3ms]
2025-06-04 21:59:20.865 [info] > git show --textconv :src/main.js [5ms]
2025-06-04 21:59:23.710 [info] > git config --get commit.template [15ms]
2025-06-04 21:59:23.765 [info] > git for-each-ref --format=%(refname)%00%(upstream:short)%00%(objectname)%00%(upstream:track)%00%(upstream:remotename)%00%(upstream:remoteref) refs/heads/main refs/remotes/main [29ms]
2025-06-04 21:59:23.872 [info] > git status -z -uall [43ms]
2025-06-04 21:59:23.885 [info] > git for-each-ref --sort -committerdate --format %(refname)%00%(objectname)%00%(*objectname) [15ms]
2025-06-04 22:02:07.762 [info] > git config --get commit.template [37ms]
2025-06-04 22:02:07.787 [info] > git for-each-ref --format=%(refname)%00%(upstream:short)%00%(objectname)%00%(upstream:track)%00%(upstream:remotename)%00%(upstream:remoteref) refs/heads/main refs/remotes/main [28ms]
2025-06-04 22:02:07.888 [info] > git status -z -uall [70ms]
2025-06-04 22:02:07.929 [info] > git for-each-ref --sort -committerdate --format %(refname)%00%(objectname)%00%(*objectname) [86ms]
2025-06-04 22:02:21.018 [info] > git ls-files --stage -- src/main.js [15ms]
2025-06-04 22:02:21.050 [info] > git cat-file -s c5c5914ca9dca5d8aa38311eb6565b11640bbe2d [9ms]
2025-06-04 22:02:21.085 [info] > git show --textconv :src/main.js [8ms]
2025-06-04 22:02:23.190 [info] > git fetch [3476ms]
2025-06-04 22:02:23.238 [info] > git config --get commit.template [22ms]
2025-06-04 22:02:23.246 [info] > git for-each-ref --format=%(refname)%00%(upstream:short)%00%(objectname)%00%(upstream:track)%00%(upstream:remotename)%00%(upstream:remoteref) refs/heads/main refs/remotes/main [10ms]
2025-06-04 22:02:23.292 [info] > git status -z -uall [21ms]
2025-06-04 22:02:23.300 [info] > git for-each-ref --sort -committerdate --format %(refname)%00%(objectname)%00%(*objectname) [11ms]
2025-06-04 22:02:24.398 [info] > git config --get commit.template [26ms]
2025-06-04 22:02:24.404 [info] > git for-each-ref --format=%(refname)%00%(upstream:short)%00%(objectname)%00%(upstream:track)%00%(upstream:remotename)%00%(upstream:remoteref) refs/heads/main refs/remotes/main [8ms]
2025-06-04 22:02:24.447 [info] > git status -z -uall [25ms]
2025-06-04 22:02:24.469 [info] > git for-each-ref --sort -committerdate --format %(refname)%00%(objectname)%00%(*objectname) [23ms]
2025-06-04 22:02:24.480 [info] > git ls-files --stage -- src/main.js [12ms]
2025-06-04 22:02:24.505 [info] > git cat-file -s c5c5914ca9dca5d8aa38311eb6565b11640bbe2d [7ms]
2025-06-04 22:02:24.537 [info] > git show --textconv :src/main.js [8ms]
2025-06-04 22:02:32.634 [info] > git config --get commit.template [34ms]
2025-06-04 22:02:32.642 [info] > git for-each-ref --format=%(refname)%00%(upstream:short)%00%(objectname)%00%(upstream:track)%00%(upstream:remotename)%00%(upstream:remoteref) refs/heads/main refs/remotes/main [11ms]
2025-06-04 22:02:32.714 [info] > git status -z -uall [32ms]
2025-06-04 22:02:32.725 [info] > git for-each-ref --sort -committerdate --format %(refname)%00%(objectname)%00%(*objectname) [12ms]
2025-06-04 22:05:24.686 [info] > git ls-files --stage -- src/main.js [9ms]
2025-06-04 22:05:24.714 [info] > git cat-file -s c5c5914ca9dca5d8aa38311eb6565b11640bbe2d [8ms]
2025-06-04 22:05:24.750 [info] > git show --textconv :src/main.js [9ms]
2025-06-04 22:05:34.179 [info] > git fetch [10818ms]
2025-06-04 22:05:34.234 [info] > git config --get commit.template [29ms]
2025-06-04 22:05:34.241 [info] > git for-each-ref --format=%(refname)%00%(upstream:short)%00%(objectname)%00%(upstream:track)%00%(upstream:remotename)%00%(upstream:remoteref) refs/heads/main refs/remotes/main [9ms]
2025-06-04 22:05:34.293 [info] > git status -z -uall [27ms]
2025-06-04 22:05:34.309 [info] > git for-each-ref --sort -committerdate --format %(refname)%00%(objectname)%00%(*objectname) [18ms]
2025-06-04 22:05:35.409 [info] > git ls-files --stage -- src/main.js [9ms]
2025-06-04 22:05:35.435 [info] > git cat-file -s c5c5914ca9dca5d8aa38311eb6565b11640bbe2d [7ms]
2025-06-04 22:05:35.465 [info] > git show --textconv :src/main.js [2ms]
2025-06-04 22:08:21.065 [info] > git config --get commit.template [119ms]
2025-06-04 22:08:21.198 [info] > git for-each-ref --format=%(refname)%00%(upstream:short)%00%(objectname)%00%(upstream:track)%00%(upstream:remotename)%00%(upstream:remoteref) refs/heads/main refs/remotes/main [166ms]
2025-06-04 22:08:21.384 [info] > git status -z -uall [117ms]
2025-06-04 22:08:21.425 [info] > git for-each-ref --sort -committerdate --format %(refname)%00%(objectname)%00%(*objectname) [77ms]
2025-06-04 22:08:35.592 [info] > git ls-files --stage -- src/main.js [7ms]
2025-06-04 22:08:35.626 [info] > git fetch [1289ms]
2025-06-04 22:08:35.647 [info] > git cat-file -s c5c5914ca9dca5d8aa38311eb6565b11640bbe2d [24ms]
2025-06-04 22:08:35.670 [info] > git config --get commit.template [24ms]
2025-06-04 22:08:35.690 [info] > git for-each-ref --format=%(refname)%00%(upstream:short)%00%(objectname)%00%(upstream:track)%00%(upstream:remotename)%00%(upstream:remoteref) refs/heads/main refs/remotes/main [22ms]
2025-06-04 22:08:35.738 [info] > git show --textconv :src/main.js [49ms]
2025-06-04 22:08:35.739 [info] > git status -z -uall [23ms]
2025-06-04 22:08:35.746 [info] > git for-each-ref --sort -committerdate --format %(refname)%00%(objectname)%00%(*objectname) [9ms]
2025-06-04 22:08:36.896 [info] > git ls-files --stage -- src/main.js [23ms]
2025-06-04 22:08:36.924 [info] > git cat-file -s c5c5914ca9dca5d8aa38311eb6565b11640bbe2d [8ms]
2025-06-04 22:08:36.956 [info] > git show --textconv :src/main.js [11ms]
2025-06-04 22:11:37.197 [info] > git ls-files --stage -- src/main.js [11ms]
2025-06-04 22:11:37.223 [info] > git cat-file -s c5c5914ca9dca5d8aa38311eb6565b11640bbe2d [8ms]
2025-06-04 22:11:37.276 [info] > git show --textconv :src/main.js [11ms]
2025-06-04 22:11:44.834 [info] > git fetch [8940ms]
2025-06-04 22:11:44.903 [info] > git config --get commit.template [27ms]
2025-06-04 22:11:44.910 [info] > git for-each-ref --format=%(refname)%00%(upstream:short)%00%(objectname)%00%(upstream:track)%00%(upstream:remotename)%00%(upstream:remoteref) refs/heads/main refs/remotes/main [9ms]
2025-06-04 22:11:44.980 [info] > git status -z -uall [48ms]
2025-06-04 22:11:44.980 [info] > git for-each-ref --sort -committerdate --format %(refname)%00%(objectname)%00%(*objectname) [25ms]
2025-06-04 22:11:46.064 [info] > git ls-files --stage -- src/main.js [8ms]
2025-06-04 22:11:46.091 [info] > git cat-file -s c5c5914ca9dca5d8aa38311eb6565b11640bbe2d [3ms]
2025-06-04 22:11:46.124 [info] > git show --textconv :src/main.js [5ms]
2025-06-04 22:14:46.397 [info] > git ls-files --stage -- src/main.js [12ms]
2025-06-04 22:14:46.443 [info] > git cat-file -s c5c5914ca9dca5d8aa38311eb6565b11640bbe2d [24ms]
2025-06-04 22:14:46.491 [info] > git show --textconv :src/main.js [10ms]
2025-06-04 22:14:49.270 [info] > git fetch [4202ms]
2025-06-04 22:14:49.346 [info] > git config --get commit.template [30ms]
2025-06-04 22:14:49.350 [info] > git for-each-ref --format=%(refname)%00%(upstream:short)%00%(objectname)%00%(upstream:track)%00%(upstream:remotename)%00%(upstream:remoteref) refs/heads/main refs/remotes/main [6ms]
2025-06-04 22:14:49.397 [info] > git status -z -uall [24ms]
2025-06-04 22:14:49.409 [info] > git for-each-ref --sort -committerdate --format %(refname)%00%(objectname)%00%(*objectname) [14ms]
2025-06-04 22:14:50.510 [info] > git ls-files --stage -- src/main.js [22ms]
2025-06-04 22:14:50.539 [info] > git cat-file -s c5c5914ca9dca5d8aa38311eb6565b11640bbe2d [8ms]
2025-06-04 22:14:50.569 [info] > git show --textconv :src/main.js [9ms]
2025-06-04 22:15:50.635 [info] > git config --get commit.template [40ms]
2025-06-04 22:15:50.646 [info] > git for-each-ref --format=%(refname)%00%(upstream:short)%00%(objectname)%00%(upstream:track)%00%(upstream:remotename)%00%(upstream:remoteref) refs/heads/main refs/remotes/main [26ms]
2025-06-04 22:15:50.692 [info] > git status -z -uall [26ms]
2025-06-04 22:15:50.706 [info] > git for-each-ref --sort -committerdate --format %(refname)%00%(objectname)%00%(*objectname) [17ms]
2025-06-04 22:17:50.850 [info] > git ls-files --stage -- src/main.js [13ms]
2025-06-04 22:17:50.885 [info] > git cat-file -s c5c5914ca9dca5d8aa38311eb6565b11640bbe2d [12ms]
2025-06-04 22:17:50.951 [info] > git show --textconv :src/main.js [24ms]
2025-06-04 22:17:51.101 [info] > git fetch [1596ms]
2025-06-04 22:17:51.158 [info] > git config --get commit.template [24ms]
2025-06-04 22:17:51.162 [info] > git for-each-ref --format=%(refname)%00%(upstream:short)%00%(objectname)%00%(upstream:track)%00%(upstream:remotename)%00%(upstream:remoteref) refs/heads/main refs/remotes/main [7ms]
2025-06-04 22:17:51.205 [info] > git status -z -uall [21ms]
2025-06-04 22:17:51.210 [info] > git for-each-ref --sort -committerdate --format %(refname)%00%(objectname)%00%(*objectname) [6ms]
2025-06-04 22:17:52.294 [info] > git ls-files --stage -- src/main.js [3ms]
2025-06-04 22:17:52.317 [info] > git cat-file -s c5c5914ca9dca5d8aa38311eb6565b11640bbe2d [6ms]
2025-06-04 22:17:52.346 [info] > git show --textconv :src/main.js [3ms]
2025-06-04 22:18:32.773 [info] > git ls-files --stage -- index.html [17ms]
2025-06-04 22:18:32.807 [info] > git show --textconv :index.html [82ms]
2025-06-04 22:18:32.826 [info] > git cat-file -s 751137ea27fb95a8c64106716228ff31fe8fae15 [20ms]
2025-06-04 22:18:33.020 [info] > git blame --root --incremental b275ee63a61df1903e46e1429e274a988704aab4 -- index.html [147ms]
2025-06-04 22:20:40.462 [info] > git ls-files --stage -- src/main.js [71ms]
2025-06-04 22:20:40.490 [info] > git show --textconv :src/main.js [133ms]
2025-06-04 22:20:40.504 [info] > git cat-file -s c5c5914ca9dca5d8aa38311eb6565b11640bbe2d [16ms]
2025-06-04 22:20:47.957 [info] > git config --get commit.template [120ms]
2025-06-04 22:20:48.025 [info] > git for-each-ref --format=%(refname)%00%(upstream:short)%00%(objectname)%00%(upstream:track)%00%(upstream:remotename)%00%(upstream:remoteref) refs/heads/main refs/remotes/main [83ms]
2025-06-04 22:20:48.157 [info] > git status -z -uall [74ms]
2025-06-04 22:20:48.170 [info] > git for-each-ref --sort -committerdate --format %(refname)%00%(objectname)%00%(*objectname) [55ms]
2025-06-04 22:20:52.529 [info] > git ls-files --stage -- src/main.js [15ms]
2025-06-04 22:20:52.557 [info] > git cat-file -s c5c5914ca9dca5d8aa38311eb6565b11640bbe2d [11ms]
2025-06-04 22:20:52.596 [info] > git show --textconv :src/main.js [8ms]
2025-06-04 22:20:53.319 [info] > git fetch [2055ms]
2025-06-04 22:20:53.385 [info] > git config --get commit.template [25ms]
2025-06-04 22:20:53.390 [info] > git for-each-ref --format=%(refname)%00%(upstream:short)%00%(objectname)%00%(upstream:track)%00%(upstream:remotename)%00%(upstream:remoteref) refs/heads/main refs/remotes/main [8ms]
2025-06-04 22:20:53.431 [info] > git status -z -uall [21ms]
2025-06-04 22:20:53.435 [info] > git for-each-ref --sort -committerdate --format %(refname)%00%(objectname)%00%(*objectname) [6ms]
2025-06-04 22:20:54.528 [info] > git ls-files --stage -- src/main.js [12ms]
2025-06-04 22:20:54.554 [info] > git cat-file -s c5c5914ca9dca5d8aa38311eb6565b11640bbe2d [7ms]
2025-06-04 22:20:54.600 [info] > git show --textconv :src/main.js [12ms]
2025-06-04 22:22:28.094 [info] > git config --get commit.template [66ms]
2025-06-04 22:22:28.117 [info] > git for-each-ref --format=%(refname)%00%(upstream:short)%00%(objectname)%00%(upstream:track)%00%(upstream:remotename)%00%(upstream:remoteref) refs/heads/main refs/remotes/main [29ms]
2025-06-04 22:22:28.219 [info] > git status -z -uall [46ms]
2025-06-04 22:22:28.249 [info] > git for-each-ref --sort -committerdate --format %(refname)%00%(objectname)%00%(*objectname) [31ms]
2025-06-04 22:23:14.344 [info] > git config --get commit.template [43ms]
2025-06-04 22:23:14.364 [info] > git for-each-ref --format=%(refname)%00%(upstream:short)%00%(objectname)%00%(upstream:track)%00%(upstream:remotename)%00%(upstream:remoteref) refs/heads/main refs/remotes/main [29ms]
2025-06-04 22:23:14.416 [info] > git status -z -uall [27ms]
2025-06-04 22:23:14.430 [info] > git for-each-ref --sort -committerdate --format %(refname)%00%(objectname)%00%(*objectname) [19ms]
2025-06-04 22:23:55.995 [info] > git ls-files --stage -- src/main.js [8ms]
2025-06-04 22:23:56.026 [info] > git cat-file -s c5c5914ca9dca5d8aa38311eb6565b11640bbe2d [8ms]
2025-06-04 22:23:56.058 [info] > git show --textconv :src/main.js [8ms]
2025-06-04 22:23:56.071 [info] > git fetch [1468ms]
2025-06-04 22:23:56.119 [info] > git config --get commit.template [26ms]
2025-06-04 22:23:56.125 [info] > git for-each-ref --format=%(refname)%00%(upstream:short)%00%(objectname)%00%(upstream:track)%00%(upstream:remotename)%00%(upstream:remoteref) refs/heads/main refs/remotes/main [7ms]
2025-06-04 22:23:56.171 [info] > git status -z -uall [24ms]
2025-06-04 22:23:56.174 [info] > git for-each-ref --sort -committerdate --format %(refname)%00%(objectname)%00%(*objectname) [7ms]
2025-06-04 22:23:57.326 [info] > git ls-files --stage -- src/main.js [10ms]
2025-06-04 22:23:57.359 [info] > git cat-file -s c5c5914ca9dca5d8aa38311eb6565b11640bbe2d [12ms]
2025-06-04 22:23:57.421 [info] > git show --textconv :src/main.js [10ms]
2025-06-04 22:24:11.648 [info] > git config --get commit.template [32ms]
2025-06-04 22:24:11.651 [info] > git for-each-ref --format=%(refname)%00%(upstream:short)%00%(objectname)%00%(upstream:track)%00%(upstream:remotename)%00%(upstream:remoteref) refs/heads/main refs/remotes/main [10ms]
2025-06-04 22:24:11.713 [info] > git status -z -uall [37ms]
2025-06-04 22:24:11.723 [info] > git for-each-ref --sort -committerdate --format %(refname)%00%(objectname)%00%(*objectname) [12ms]
2025-06-04 22:24:27.603 [info] > git config --get commit.template [85ms]
2025-06-04 22:24:27.659 [info] > git for-each-ref --format=%(refname)%00%(upstream:short)%00%(objectname)%00%(upstream:track)%00%(upstream:remotename)%00%(upstream:remoteref) refs/heads/main refs/remotes/main [74ms]
2025-06-04 22:24:27.801 [info] > git status -z -uall [74ms]
2025-06-04 22:24:27.828 [info] > git for-each-ref --sort -committerdate --format %(refname)%00%(objectname)%00%(*objectname) [53ms]
2025-06-04 22:24:50.448 [info] > git config --get commit.template [37ms]
2025-06-04 22:24:50.459 [info] > git for-each-ref --format=%(refname)%00%(upstream:short)%00%(objectname)%00%(upstream:track)%00%(upstream:remotename)%00%(upstream:remoteref) refs/heads/main refs/remotes/main [13ms]
2025-06-04 22:24:50.517 [info] > git status -z -uall [37ms]
2025-06-04 22:24:50.518 [info] > git for-each-ref --sort -committerdate --format %(refname)%00%(objectname)%00%(*objectname) [10ms]
2025-06-04 22:25:16.961 [info] > git config --get commit.template [47ms]
2025-06-04 22:25:16.974 [info] > git for-each-ref --format=%(refname)%00%(upstream:short)%00%(objectname)%00%(upstream:track)%00%(upstream:remotename)%00%(upstream:remoteref) refs/heads/main refs/remotes/main [26ms]
2025-06-04 22:25:17.033 [info] > git status -z -uall [34ms]
2025-06-04 22:25:17.033 [info] > git for-each-ref --sort -committerdate --format %(refname)%00%(objectname)%00%(*objectname) [13ms]
2025-06-04 22:25:33.972 [info] > git config --get commit.template [80ms]
2025-06-04 22:25:34.007 [info] > git for-each-ref --format=%(refname)%00%(upstream:short)%00%(objectname)%00%(upstream:track)%00%(upstream:remotename)%00%(upstream:remoteref) refs/heads/main refs/remotes/main [31ms]
2025-06-04 22:25:34.098 [info] > git status -z -uall [51ms]
2025-06-04 22:25:34.120 [info] > git for-each-ref --sort -committerdate --format %(refname)%00%(objectname)%00%(*objectname) [38ms]
2025-06-04 22:25:47.265 [info] > git config --get commit.template [47ms]
2025-06-04 22:25:47.291 [info] > git for-each-ref --format=%(refname)%00%(upstream:short)%00%(objectname)%00%(upstream:track)%00%(upstream:remotename)%00%(upstream:remoteref) refs/heads/main refs/remotes/main [33ms]
2025-06-04 22:25:47.464 [info] > git status -z -uall [121ms]
2025-06-04 22:25:47.486 [info] > git for-each-ref --sort -committerdate --format %(refname)%00%(objectname)%00%(*objectname) [34ms]
2025-06-04 22:26:57.517 [info] > git ls-files --stage -- src/main.js [15ms]
2025-06-04 22:26:57.551 [info] > git cat-file -s c5c5914ca9dca5d8aa38311eb6565b11640bbe2d [7ms]
2025-06-04 22:26:57.594 [info] > git show --textconv :src/main.js [13ms]
2025-06-04 22:26:59.080 [info] > git fetch [2854ms]
2025-06-04 22:26:59.148 [info] > git config --get commit.template [24ms]
2025-06-04 22:26:59.162 [info] > git for-each-ref --format=%(refname)%00%(upstream:short)%00%(objectname)%00%(upstream:track)%00%(upstream:remotename)%00%(upstream:remoteref) refs/heads/main refs/remotes/main [17ms]
2025-06-04 22:26:59.233 [info] > git status -z -uall [44ms]
2025-06-04 22:26:59.234 [info] > git for-each-ref --sort -committerdate --format %(refname)%00%(objectname)%00%(*objectname) [21ms]
2025-06-04 22:27:00.381 [info] > git ls-files --stage -- src/main.js [22ms]
2025-06-04 22:27:00.412 [info] > git cat-file -s c5c5914ca9dca5d8aa38311eb6565b11640bbe2d [12ms]
2025-06-04 22:27:00.453 [info] > git show --textconv :src/main.js [8ms]
2025-06-04 22:29:16.875 [info] > git config --get commit.template [74ms]
2025-06-04 22:29:16.901 [info] > git for-each-ref --format=%(refname)%00%(upstream:short)%00%(objectname)%00%(upstream:track)%00%(upstream:remotename)%00%(upstream:remoteref) refs/heads/main refs/remotes/main [35ms]
2025-06-04 22:29:16.993 [info] > git status -z -uall [56ms]
2025-06-04 22:29:17.024 [info] > git for-each-ref --sort -committerdate --format %(refname)%00%(objectname)%00%(*objectname) [45ms]
2025-06-04 22:29:42.763 [info] > git add -A -- texture/mercury.jpg [683ms]
2025-06-04 22:29:42.801 [info] > git config --get commit.template [2ms]
2025-06-04 22:29:42.824 [info] > git for-each-ref --format=%(refname)%00%(upstream:short)%00%(objectname)%00%(upstream:track)%00%(upstream:remotename)%00%(upstream:remoteref) refs/heads/main refs/remotes/main [6ms]
2025-06-04 22:29:42.871 [info] > git status -z -uall [25ms]
2025-06-04 22:29:42.875 [info] > git for-each-ref --sort -committerdate --format %(refname)%00%(objectname)%00%(*objectname) [10ms]
2025-06-04 22:29:43.287 [info] > git branch [16ms]
2025-06-04 22:29:43.312 [info] > git reset -q HEAD -- texture/mercury.jpg [9ms]
2025-06-04 22:29:43.339 [info] > git config --get commit.template [2ms]
2025-06-04 22:29:43.362 [info] > git for-each-ref --format=%(refname)%00%(upstream:short)%00%(objectname)%00%(upstream:track)%00%(upstream:remotename)%00%(upstream:remoteref) refs/heads/main refs/remotes/main [6ms]
2025-06-04 22:29:43.415 [info] > git status -z -uall [24ms]
2025-06-04 22:29:43.420 [info] > git for-each-ref --sort -committerdate --format %(refname)%00%(objectname)%00%(*objectname) [10ms]
2025-06-04 22:29:44.562 [info] > git ls-files --stage -- src/main.js [8ms]
2025-06-04 22:29:44.601 [info] > git cat-file -s c5c5914ca9dca5d8aa38311eb6565b11640bbe2d [15ms]
2025-06-04 22:29:44.660 [info] > git show --textconv :src/main.js [9ms]
2025-06-04 22:29:49.317 [info] > git add -A -- src/main.js [17ms]
2025-06-04 22:29:49.362 [info] > git config --get commit.template [23ms]
2025-06-04 22:29:49.365 [info] > git for-each-ref --format=%(refname)%00%(upstream:short)%00%(objectname)%00%(upstream:track)%00%(upstream:remotename)%00%(upstream:remoteref) refs/heads/main refs/remotes/main [5ms]
2025-06-04 22:29:49.413 [info] > git status -z -uall [26ms]
2025-06-04 22:29:49.416 [info] > git for-each-ref --sort -committerdate --format %(refname)%00%(objectname)%00%(*objectname) [5ms]
2025-06-04 22:29:49.802 [info] > git show --textconv HEAD:src/main.js [27ms]
2025-06-04 22:29:49.808 [info] > git ls-tree -l HEAD -- src/main.js [7ms]
2025-06-04 22:29:50.568 [info] > git ls-files --stage -- src/main.js [23ms]
2025-06-04 22:29:50.592 [info] > git ls-tree -l HEAD -- src/main.js [25ms]
2025-06-04 22:29:50.601 [info] > git cat-file -s 181a8ce7ede8605e8f03e9129ca4638d8faab92a [10ms]
2025-06-04 22:29:50.642 [info] > git show --textconv HEAD:src/main.js [22ms]
2025-06-04 22:29:50.652 [info] > git show --textconv :src/main.js [11ms]
2025-06-04 22:29:50.989 [info] > git add -A -- texture/mercury.jpg [75ms]
2025-06-04 22:29:51.023 [info] > git config --get commit.template [10ms]
2025-06-04 22:29:51.047 [info] > git for-each-ref --format=%(refname)%00%(upstream:short)%00%(objectname)%00%(upstream:track)%00%(upstream:remotename)%00%(upstream:remoteref) refs/heads/main refs/remotes/main [4ms]
2025-06-04 22:29:51.088 [info] > git status -z -uall [24ms]
2025-06-04 22:29:51.090 [info] > git for-each-ref --sort -committerdate --format %(refname)%00%(objectname)%00%(*objectname) [3ms]
2025-06-04 22:29:52.188 [info] > git for-each-ref --format=%(refname)%00%(upstream:short)%00%(objectname)%00%(upstream:track)%00%(upstream:remotename)%00%(upstream:remoteref) refs/heads/main refs/remotes/main [3ms]
2025-06-04 22:29:52.188 [info] > git config --get commit.template [33ms]
2025-06-04 22:29:52.241 [info] > git status -z -uall [19ms]
2025-06-04 22:29:52.302 [info] > git for-each-ref --sort -committerdate --format %(refname)%00%(objectname)%00%(*objectname) [62ms]
2025-06-04 22:29:52.314 [info] > git ls-files --stage -- src/main.js [40ms]
2025-06-04 22:29:52.336 [info] > git ls-tree -l HEAD -- src/main.js [35ms]
2025-06-04 22:29:52.364 [info] > git cat-file -s 181a8ce7ede8605e8f03e9129ca4638d8faab92a [30ms]
2025-06-04 22:29:52.379 [info] > git show --textconv HEAD:src/main.js [16ms]
2025-06-04 22:29:52.416 [info] > git show --textconv :src/main.js [8ms]
2025-06-04 22:30:00.580 [info] > git ls-files --stage -- src/main.js [27ms]
2025-06-04 22:30:00.602 [info] > git ls-tree -l HEAD -- src/main.js [22ms]
2025-06-04 22:30:00.606 [info] > git cat-file -s 181a8ce7ede8605e8f03e9129ca4638d8faab92a [7ms]
2025-06-04 22:30:00.658 [info] > git show --textconv HEAD:src/main.js [28ms]
2025-06-04 22:30:00.664 [info] > git show --textconv :src/main.js [8ms]
2025-06-04 22:30:02.330 [info] > git fetch [3032ms]
2025-06-04 22:30:02.385 [info] > git config --get commit.template [24ms]
2025-06-04 22:30:02.391 [info] > git for-each-ref --format=%(refname)%00%(upstream:short)%00%(objectname)%00%(upstream:track)%00%(upstream:remotename)%00%(upstream:remoteref) refs/heads/main refs/remotes/main [8ms]
2025-06-04 22:30:02.437 [info] > git status -z -uall [23ms]
2025-06-04 22:30:02.443 [info] > git for-each-ref --sort -committerdate --format %(refname)%00%(objectname)%00%(*objectname) [7ms]
2025-06-04 22:30:03.568 [info] > git ls-files --stage -- src/main.js [21ms]
2025-06-04 22:30:03.595 [info] > git ls-tree -l HEAD -- src/main.js [28ms]
2025-06-04 22:30:03.624 [info] > git cat-file -s 181a8ce7ede8605e8f03e9129ca4638d8faab92a [31ms]
2025-06-04 22:30:03.645 [info] > git show --textconv HEAD:src/main.js [22ms]
2025-06-04 22:30:03.654 [info] > git show --textconv :src/main.js [8ms]
2025-06-04 22:30:38.498 [info] > git config --get commit.template [22ms]
2025-06-04 22:30:38.508 [info] > git for-each-ref --format=%(refname)%00%(upstream:short)%00%(objectname)%00%(upstream:track)%00%(upstream:remotename)%00%(upstream:remoteref) refs/heads/main refs/remotes/main [12ms]
2025-06-04 22:30:38.605 [info] > git status -z -uall [72ms]
2025-06-04 22:30:38.606 [info] > git ls-files --stage -- src/main.js [27ms]
2025-06-04 22:30:38.633 [info] > git for-each-ref --sort -committerdate --format %(refname)%00%(objectname)%00%(*objectname) [78ms]
2025-06-04 22:30:38.695 [info] > git cat-file -s 181a8ce7ede8605e8f03e9129ca4638d8faab92a [62ms]
2025-06-04 22:30:38.696 [info] > git ls-tree -l HEAD -- src/main.js [92ms]
2025-06-04 22:30:38.709 [info] > git merge-base refs/heads/main refs/remotes/origin/main [23ms]
2025-06-04 22:30:38.784 [info] > git show --textconv :src/main.js [29ms]
2025-06-04 22:30:38.785 [info] > git diff --name-status -z --diff-filter=ADMR b275ee63a61df1903e46e1429e274a988704aab4...refs/remotes/origin/main [52ms]
2025-06-04 22:30:38.790 [info] > git show --textconv HEAD:src/main.js [8ms]
2025-06-04 22:30:38.815 [info] > git blame --root --incremental 0c7f98d6c27ca993238bcf1c27dbfd2d6fd62a85 -- src/main.js [151ms]
2025-06-04 22:31:07.758 [info] > git config --get commit.template [32ms]
2025-06-04 22:31:07.763 [info] > git for-each-ref --format=%(refname)%00%(upstream:short)%00%(objectname)%00%(upstream:track)%00%(upstream:remotename)%00%(upstream:remoteref) refs/heads/main refs/remotes/main [9ms]
2025-06-04 22:31:07.815 [info] > git status -z -uall [24ms]
2025-06-04 22:31:07.816 [info] > git for-each-ref --sort -committerdate --format %(refname)%00%(objectname)%00%(*objectname) [7ms]
2025-06-04 22:31:07.865 [info] > git merge-base refs/heads/main refs/remotes/origin/main [23ms]
2025-06-04 22:31:07.887 [info] > git ls-files --stage -- src/main.js [24ms]
2025-06-04 22:31:07.909 [info] > git diff --name-status -z --diff-filter=ADMR 0c7f98d6c27ca993238bcf1c27dbfd2d6fd62a85...refs/remotes/origin/main [26ms]
2025-06-04 22:31:07.910 [info] > git cat-file -s 181a8ce7ede8605e8f03e9129ca4638d8faab92a [6ms]
2025-06-04 22:31:07.940 [info] > git show --textconv :src/main.js [8ms]
