2025-06-07 13:54:13.603 [info] [main] Log level: Info
2025-06-07 13:54:13.603 [info] [main] Validating found git in: "git"
2025-06-07 13:54:13.603 [info] [main] Using git "2.49.0" from "git"
2025-06-07 13:54:13.603 [info] [Model][doInitialScan] Initial repository scan started
2025-06-07 13:54:13.603 [info] > git rev-parse --show-toplevel [31ms]
2025-06-07 13:54:13.608 [info] > git rev-parse --git-dir --git-common-dir [23ms]
2025-06-07 13:54:13.730 [info] [Model][openRepository] Opened repository (path): /data/data/com.termux/files/home/project
2025-06-07 13:54:13.730 [info] [Model][openRepository] Opened repository (real path): /data/data/com.termux/files/home/project
2025-06-07 13:54:13.836 [info] > git config --get commit.template [36ms]
2025-06-07 13:54:13.867 [info] > git rev-parse --show-toplevel [41ms]
2025-06-07 13:54:13.962 [info] > git for-each-ref --format=%(refname)%00%(upstream:short)%00%(objectname)%00%(upstream:track)%00%(upstream:remotename)%00%(upstream:remoteref) refs/heads/main refs/remotes/main [63ms]
2025-06-07 13:54:14.014 [info] > git rev-parse --show-toplevel [61ms]
2025-06-07 13:54:14.662 [info] > git status -z -uall [63ms]
2025-06-07 13:54:14.663 [info] > git rev-parse --show-toplevel [600ms]
2025-06-07 13:54:14.797 [info] > git for-each-ref --sort -committerdate --format %(refname)%00%(objectname)%00%(*objectname) [164ms]
2025-06-07 13:54:15.048 [info] > git for-each-ref --format=%(refname)%00%(upstream:short)%00%(objectname)%00%(upstream:track)%00%(upstream:remotename)%00%(upstream:remoteref) refs/heads/main refs/remotes/main [136ms]
2025-06-07 13:54:15.068 [info] > git rev-parse --show-toplevel [275ms]
2025-06-07 13:54:15.071 [info] [Model][doInitialScan] Initial repository scan completed - repositories (1), closed repositories (0), parent repositories (0), unsafe repositories (0)
2025-06-07 13:54:15.072 [info] > git fetch [1343ms]
2025-06-07 13:54:15.206 [info] > git show --textconv :src/main.js [85ms]
2025-06-07 13:54:15.209 [info] > git config --get --local branch.main.vscode-merge-base [143ms]
2025-06-07 13:54:15.251 [info] > git config --get commit.template [208ms]
2025-06-07 13:54:15.330 [info] > git for-each-ref --format=%(refname)%00%(upstream:short)%00%(objectname)%00%(upstream:track)%00%(upstream:remotename)%00%(upstream:remoteref) refs/heads/origin/main refs/remotes/origin/main [83ms]
2025-06-07 13:54:15.364 [info] > git config --get commit.template [163ms]
2025-06-07 13:54:15.365 [info] > git ls-files --stage -- src/main.js [213ms]
2025-06-07 13:54:15.434 [info] > git check-ignore -v -z --stdin [135ms]
2025-06-07 13:54:15.436 [info] > git merge-base refs/heads/main refs/remotes/origin/main [73ms]
2025-06-07 13:54:15.518 [info] > git for-each-ref --format=%(refname)%00%(upstream:short)%00%(objectname)%00%(upstream:track)%00%(upstream:remotename)%00%(upstream:remoteref) refs/heads/main refs/remotes/main [93ms]
2025-06-07 13:54:15.519 [info] > git cat-file -s 1fda22fc1e1b3779fc596eebe23aebfecc766271 [123ms]
2025-06-07 13:54:15.530 [info] > git diff --name-status -z --diff-filter=ADMR 48a5596f36ef3f872bcaa96463c3fac9d10fc7e7...refs/remotes/origin/main [56ms]
2025-06-07 13:54:15.539 [info] > git for-each-ref --format=%(refname)%00%(upstream:short)%00%(objectname)%00%(upstream:track)%00%(upstream:remotename)%00%(upstream:remoteref) refs/heads/main refs/remotes/main [21ms]
2025-06-07 13:54:15.587 [info] > git status -z -uall [22ms]
2025-06-07 13:54:15.614 [info] > git for-each-ref --sort -committerdate --format %(refname)%00%(objectname)%00%(*objectname) [30ms]
2025-06-07 13:54:16.270 [info] > git blame --root --incremental 48a5596f36ef3f872bcaa96463c3fac9d10fc7e7 -- src/main.js [171ms]
2025-06-07 13:57:16.852 [info] > git fetch [1159ms]
2025-06-07 13:57:16.914 [info] > git config --get commit.template [33ms]
2025-06-07 13:57:16.920 [info] > git for-each-ref --format=%(refname)%00%(upstream:short)%00%(objectname)%00%(upstream:track)%00%(upstream:remotename)%00%(upstream:remoteref) refs/heads/main refs/remotes/main [8ms]
2025-06-07 13:57:16.968 [info] > git status -z -uall [28ms]
2025-06-07 13:57:16.974 [info] > git for-each-ref --sort -committerdate --format %(refname)%00%(objectname)%00%(*objectname) [10ms]
2025-06-07 13:57:18.031 [info] > git ls-files --stage -- src/main.js [9ms]
2025-06-07 13:57:18.061 [info] > git cat-file -s 1fda22fc1e1b3779fc596eebe23aebfecc766271 [13ms]
2025-06-07 13:57:18.092 [info] > git show --textconv :src/main.js [7ms]
2025-06-07 13:57:34.684 [info] > git show --textconv :src/main.js [35ms]
2025-06-07 13:57:34.688 [info] > git ls-files --stage -- src/main.js [8ms]
2025-06-07 13:57:34.716 [info] > git cat-file -s 1fda22fc1e1b3779fc596eebe23aebfecc766271 [8ms]
2025-06-07 13:57:58.933 [info] > git config --get commit.template [31ms]
2025-06-07 13:57:58.939 [info] > git for-each-ref --format=%(refname)%00%(upstream:short)%00%(objectname)%00%(upstream:track)%00%(upstream:remotename)%00%(upstream:remoteref) refs/heads/main refs/remotes/main [8ms]
2025-06-07 13:57:58.994 [info] > git status -z -uall [29ms]
2025-06-07 13:57:58.998 [info] > git for-each-ref --sort -committerdate --format %(refname)%00%(objectname)%00%(*objectname) [11ms]
2025-06-07 14:00:00.221 [info] > git config --get commit.template [32ms]
2025-06-07 14:00:00.232 [info] > git for-each-ref --format=%(refname)%00%(upstream:short)%00%(objectname)%00%(upstream:track)%00%(upstream:remotename)%00%(upstream:remoteref) refs/heads/main refs/remotes/main [22ms]
2025-06-07 14:00:00.309 [info] > git status -z -uall [37ms]
2025-06-07 14:00:00.325 [info] > git for-each-ref --sort -committerdate --format %(refname)%00%(objectname)%00%(*objectname) [27ms]
2025-06-07 14:00:07.856 [info] > git config --get commit.template [71ms]
2025-06-07 14:00:07.865 [info] > git for-each-ref --format=%(refname)%00%(upstream:short)%00%(objectname)%00%(upstream:track)%00%(upstream:remotename)%00%(upstream:remoteref) refs/heads/main refs/remotes/main [54ms]
2025-06-07 14:00:07.981 [info] > git status -z -uall [89ms]
2025-06-07 14:00:08.078 [info] > git for-each-ref --sort -committerdate --format %(refname)%00%(objectname)%00%(*objectname) [133ms]
2025-06-07 14:00:26.557 [info] > git fetch [1204ms]
2025-06-07 14:00:26.606 [info] > git config --get commit.template [25ms]
2025-06-07 14:00:26.628 [info] > git ls-files --stage -- src/main.js [28ms]
2025-06-07 14:00:26.651 [info] > git for-each-ref --format=%(refname)%00%(upstream:short)%00%(objectname)%00%(upstream:track)%00%(upstream:remotename)%00%(upstream:remoteref) refs/heads/main refs/remotes/main [26ms]
2025-06-07 14:00:26.701 [info] > git status -z -uall [26ms]
2025-06-07 14:00:26.702 [info] > git cat-file -s 1fda22fc1e1b3779fc596eebe23aebfecc766271 [53ms]
2025-06-07 14:00:26.737 [info] > git for-each-ref --sort -committerdate --format %(refname)%00%(objectname)%00%(*objectname) [39ms]
2025-06-07 14:00:26.744 [info] > git show --textconv :src/main.js [9ms]
2025-06-07 14:00:27.764 [info] > git ls-files --stage -- src/main.js [6ms]
2025-06-07 14:00:27.790 [info] > git cat-file -s 1fda22fc1e1b3779fc596eebe23aebfecc766271 [12ms]
2025-06-07 14:00:27.828 [info] > git show --textconv :src/main.js [8ms]
2025-06-07 14:00:41.702 [info] > git config --get commit.template [22ms]
2025-06-07 14:00:41.719 [info] > git for-each-ref --format=%(refname)%00%(upstream:short)%00%(objectname)%00%(upstream:track)%00%(upstream:remotename)%00%(upstream:remoteref) refs/heads/main refs/remotes/main [19ms]
2025-06-07 14:00:41.765 [info] > git status -z -uall [25ms]
2025-06-07 14:00:41.777 [info] > git for-each-ref --sort -committerdate --format %(refname)%00%(objectname)%00%(*objectname) [20ms]
2025-06-07 14:02:05.009 [info] > git config --get commit.template [59ms]
2025-06-07 14:02:05.101 [info] > git for-each-ref --format=%(refname)%00%(upstream:short)%00%(objectname)%00%(upstream:track)%00%(upstream:remotename)%00%(upstream:remoteref) refs/heads/main refs/remotes/main [69ms]
2025-06-07 14:02:05.223 [info] > git status -z -uall [80ms]
2025-06-07 14:02:05.249 [info] > git for-each-ref --sort -committerdate --format %(refname)%00%(objectname)%00%(*objectname) [75ms]
2025-06-07 14:03:28.158 [info] > git ls-files --stage -- src/main.js [14ms]
2025-06-07 14:03:28.201 [info] > git cat-file -s 1fda22fc1e1b3779fc596eebe23aebfecc766271 [17ms]
2025-06-07 14:03:28.246 [info] > git show --textconv :src/main.js [18ms]
2025-06-07 14:03:28.617 [info] > git fetch [1808ms]
2025-06-07 14:03:28.683 [info] > git config --get commit.template [35ms]
2025-06-07 14:03:28.695 [info] > git for-each-ref --format=%(refname)%00%(upstream:short)%00%(objectname)%00%(upstream:track)%00%(upstream:remotename)%00%(upstream:remoteref) refs/heads/main refs/remotes/main [15ms]
2025-06-07 14:03:28.752 [info] > git status -z -uall [27ms]
2025-06-07 14:03:28.773 [info] > git for-each-ref --sort -committerdate --format %(refname)%00%(objectname)%00%(*objectname) [23ms]
2025-06-07 14:03:29.834 [info] > git ls-files --stage -- src/main.js [2ms]
2025-06-07 14:03:29.871 [info] > git cat-file -s 1fda22fc1e1b3779fc596eebe23aebfecc766271 [14ms]
2025-06-07 14:03:29.913 [info] > git show --textconv :src/main.js [14ms]
2025-06-07 14:06:26.043 [info] > git config --get commit.template [30ms]
2025-06-07 14:06:26.059 [info] > git for-each-ref --format=%(refname)%00%(upstream:short)%00%(objectname)%00%(upstream:track)%00%(upstream:remotename)%00%(upstream:remoteref) refs/heads/main refs/remotes/main [23ms]
2025-06-07 14:06:26.111 [info] > git status -z -uall [32ms]
2025-06-07 14:06:26.145 [info] > git for-each-ref --sort -committerdate --format %(refname)%00%(objectname)%00%(*objectname) [43ms]
2025-06-07 14:06:43.044 [info] > git ls-files --stage -- src/main.js [12ms]
2025-06-07 14:06:43.078 [info] > git cat-file -s 1fda22fc1e1b3779fc596eebe23aebfecc766271 [14ms]
2025-06-07 14:06:43.105 [info] > git fetch [1309ms]
2025-06-07 14:06:43.138 [info] > git show --textconv :src/main.js [34ms]
2025-06-07 14:06:43.158 [info] > git config --get commit.template [21ms]
2025-06-07 14:06:43.176 [info] > git for-each-ref --format=%(refname)%00%(upstream:short)%00%(objectname)%00%(upstream:track)%00%(upstream:remotename)%00%(upstream:remoteref) refs/heads/main refs/remotes/main [20ms]
2025-06-07 14:06:43.228 [info] > git status -z -uall [32ms]
2025-06-07 14:06:43.241 [info] > git for-each-ref --sort -committerdate --format %(refname)%00%(objectname)%00%(*objectname) [15ms]
2025-06-07 14:06:44.298 [info] > git ls-files --stage -- src/main.js [7ms]
2025-06-07 14:06:44.325 [info] > git cat-file -s 1fda22fc1e1b3779fc596eebe23aebfecc766271 [7ms]
2025-06-07 14:06:44.362 [info] > git show --textconv :src/main.js [10ms]
2025-06-07 14:07:12.597 [info] > git config --get commit.template [41ms]
2025-06-07 14:07:12.601 [info] > git for-each-ref --format=%(refname)%00%(upstream:short)%00%(objectname)%00%(upstream:track)%00%(upstream:remotename)%00%(upstream:remoteref) refs/heads/main refs/remotes/main [9ms]
2025-06-07 14:07:12.659 [info] > git status -z -uall [23ms]
2025-06-07 14:07:12.670 [info] > git for-each-ref --sort -committerdate --format %(refname)%00%(objectname)%00%(*objectname) [12ms]
2025-06-07 14:09:44.344 [info] > git fetch [1056ms]
2025-06-07 14:09:44.390 [info] > git config --get commit.template [25ms]
2025-06-07 14:09:44.393 [info] > git for-each-ref --format=%(refname)%00%(upstream:short)%00%(objectname)%00%(upstream:track)%00%(upstream:remotename)%00%(upstream:remoteref) refs/heads/main refs/remotes/main [5ms]
2025-06-07 14:09:44.447 [info] > git status -z -uall [32ms]
2025-06-07 14:09:44.454 [info] > git for-each-ref --sort -committerdate --format %(refname)%00%(objectname)%00%(*objectname) [10ms]
2025-06-07 14:09:45.594 [info] > git ls-files --stage -- src/main.js [9ms]
2025-06-07 14:09:45.620 [info] > git cat-file -s 1fda22fc1e1b3779fc596eebe23aebfecc766271 [10ms]
2025-06-07 14:09:45.661 [info] > git show --textconv :src/main.js [7ms]
2025-06-07 14:12:45.831 [info] > git ls-files --stage -- src/main.js [14ms]
2025-06-07 14:12:45.871 [info] > git cat-file -s 1fda22fc1e1b3779fc596eebe23aebfecc766271 [16ms]
2025-06-07 14:12:45.913 [info] > git show --textconv :src/main.js [9ms]
2025-06-07 14:12:46.578 [info] > git fetch [2079ms]
2025-06-07 14:12:46.634 [info] > git config --get commit.template [26ms]
2025-06-07 14:12:46.643 [info] > git for-each-ref --format=%(refname)%00%(upstream:short)%00%(objectname)%00%(upstream:track)%00%(upstream:remotename)%00%(upstream:remoteref) refs/heads/main refs/remotes/main [11ms]
2025-06-07 14:12:46.691 [info] > git status -z -uall [27ms]
2025-06-07 14:12:46.702 [info] > git for-each-ref --sort -committerdate --format %(refname)%00%(objectname)%00%(*objectname) [15ms]
2025-06-07 14:12:47.787 [info] > git ls-files --stage -- src/main.js [7ms]
2025-06-07 14:12:47.810 [info] > git cat-file -s 1fda22fc1e1b3779fc596eebe23aebfecc766271 [6ms]
2025-06-07 14:12:47.835 [info] > git show --textconv :src/main.js [8ms]
2025-06-07 14:16:41.008 [info] > git ls-files --stage -- src/main.js [17ms]
2025-06-07 14:16:41.166 [info] > git cat-file -s 1fda22fc1e1b3779fc596eebe23aebfecc766271 [115ms]
2025-06-07 14:16:41.607 [info] > git show --textconv :src/main.js [25ms]
2025-06-07 14:16:42.665 [info] > git fetch [3202ms]
2025-06-07 14:16:42.763 [info] > git config --get commit.template [56ms]
2025-06-07 14:16:42.778 [info] > git for-each-ref --format=%(refname)%00%(upstream:short)%00%(objectname)%00%(upstream:track)%00%(upstream:remotename)%00%(upstream:remoteref) refs/heads/main refs/remotes/main [20ms]
2025-06-07 14:16:42.869 [info] > git for-each-ref --sort -committerdate --format %(refname)%00%(objectname)%00%(*objectname) [25ms]
2025-06-07 14:16:42.933 [info] > git status -z -uall [123ms]
2025-06-07 14:16:43.979 [info] > git ls-files --stage -- src/main.js [88ms]
2025-06-07 14:16:44.052 [info] > git cat-file -s 1fda22fc1e1b3779fc596eebe23aebfecc766271 [24ms]
2025-06-07 14:16:44.260 [info] > git show --textconv :src/main.js [23ms]
2025-06-07 14:17:54.396 [info] > git ls-files --stage -- src/main.js [39ms]
2025-06-07 14:17:54.416 [info] > git show --textconv :src/main.js [84ms]
2025-06-07 14:17:54.426 [info] > git cat-file -s 1fda22fc1e1b3779fc596eebe23aebfecc766271 [12ms]
2025-06-07 14:18:03.354 [info] > git config --get commit.template [21ms]
2025-06-07 14:18:03.364 [info] > git for-each-ref --format=%(refname)%00%(upstream:short)%00%(objectname)%00%(upstream:track)%00%(upstream:remotename)%00%(upstream:remoteref) refs/heads/main refs/remotes/main [12ms]
2025-06-07 14:18:03.418 [info] > git status -z -uall [27ms]
2025-06-07 14:18:03.441 [info] > git for-each-ref --sort -committerdate --format %(refname)%00%(objectname)%00%(*objectname) [31ms]
2025-06-07 14:19:44.263 [info] > git ls-files --stage -- src/main.js [12ms]
2025-06-07 14:19:44.306 [info] > git cat-file -s 1fda22fc1e1b3779fc596eebe23aebfecc766271 [18ms]
2025-06-07 14:19:44.360 [info] > git show --textconv :src/main.js [23ms]
2025-06-07 14:19:44.841 [info] > git fetch [1858ms]
2025-06-07 14:19:44.869 [info] > git config --get commit.template [2ms]
2025-06-07 14:19:44.896 [info] > git for-each-ref --format=%(refname)%00%(upstream:short)%00%(objectname)%00%(upstream:track)%00%(upstream:remotename)%00%(upstream:remoteref) refs/heads/main refs/remotes/main [8ms]
2025-06-07 14:19:44.946 [info] > git for-each-ref --sort -committerdate --format %(refname)%00%(objectname)%00%(*objectname) [10ms]
2025-06-07 14:19:44.962 [info] > git status -z -uall [46ms]
2025-06-07 14:19:46.043 [info] > git ls-files --stage -- src/main.js [17ms]
2025-06-07 14:19:46.090 [info] > git cat-file -s 1fda22fc1e1b3779fc596eebe23aebfecc766271 [24ms]
2025-06-07 14:19:46.160 [info] > git show --textconv :src/main.js [14ms]
2025-06-07 14:20:52.980 [info] > git config --get commit.template [20ms]
2025-06-07 14:20:52.985 [info] > git for-each-ref --format=%(refname)%00%(upstream:short)%00%(objectname)%00%(upstream:track)%00%(upstream:remotename)%00%(upstream:remoteref) refs/heads/main refs/remotes/main [7ms]
2025-06-07 14:20:53.022 [info] > git status -z -uall [20ms]
2025-06-07 14:20:53.030 [info] > git for-each-ref --sort -committerdate --format %(refname)%00%(objectname)%00%(*objectname) [9ms]
2025-06-07 14:21:20.366 [info] > git config --get commit.template [31ms]
2025-06-07 14:21:20.373 [info] > git for-each-ref --format=%(refname)%00%(upstream:short)%00%(objectname)%00%(upstream:track)%00%(upstream:remotename)%00%(upstream:remoteref) refs/heads/main refs/remotes/main [10ms]
2025-06-07 14:21:20.419 [info] > git status -z -uall [20ms]
2025-06-07 14:21:20.429 [info] > git for-each-ref --sort -committerdate --format %(refname)%00%(objectname)%00%(*objectname) [12ms]
2025-06-07 14:21:31.498 [info] > git config --get commit.template [30ms]
2025-06-07 14:21:31.505 [info] > git for-each-ref --format=%(refname)%00%(upstream:short)%00%(objectname)%00%(upstream:track)%00%(upstream:remotename)%00%(upstream:remoteref) refs/heads/main refs/remotes/main [7ms]
2025-06-07 14:21:31.561 [info] > git status -z -uall [31ms]
2025-06-07 14:21:31.565 [info] > git for-each-ref --sort -committerdate --format %(refname)%00%(objectname)%00%(*objectname) [5ms]
2025-06-07 14:22:46.327 [info] > git ls-files --stage -- src/main.js [12ms]
2025-06-07 14:22:46.361 [info] > git cat-file -s 1fda22fc1e1b3779fc596eebe23aebfecc766271 [11ms]
2025-06-07 14:22:46.363 [info] > git fetch [1320ms]
2025-06-07 14:22:46.417 [info] > git config --get commit.template [27ms]
2025-06-07 14:22:46.442 [info] > git show --textconv :src/main.js [26ms]
2025-06-07 14:22:46.445 [info] > git for-each-ref --format=%(refname)%00%(upstream:short)%00%(objectname)%00%(upstream:track)%00%(upstream:remotename)%00%(upstream:remoteref) refs/heads/main refs/remotes/main [8ms]
2025-06-07 14:22:46.493 [info] > git status -z -uall [26ms]
2025-06-07 14:22:46.498 [info] > git for-each-ref --sort -committerdate --format %(refname)%00%(objectname)%00%(*objectname) [6ms]
2025-06-07 14:22:47.597 [info] > git ls-files --stage -- src/main.js [12ms]
2025-06-07 14:22:47.630 [info] > git cat-file -s 1fda22fc1e1b3779fc596eebe23aebfecc766271 [2ms]
2025-06-07 14:22:47.657 [info] > git show --textconv :src/main.js [5ms]
2025-06-07 14:25:47.801 [info] > git fetch [1252ms]
2025-06-07 14:25:47.824 [info] > git ls-files --stage -- src/main.js [27ms]
2025-06-07 14:25:47.850 [info] > git config --get commit.template [27ms]
2025-06-07 14:25:47.872 [info] > git cat-file -s 1fda22fc1e1b3779fc596eebe23aebfecc766271 [23ms]
2025-06-07 14:25:47.899 [info] > git for-each-ref --format=%(refname)%00%(upstream:short)%00%(objectname)%00%(upstream:track)%00%(upstream:remotename)%00%(upstream:remoteref) refs/heads/main refs/remotes/main [30ms]
2025-06-07 14:25:47.953 [info] > git show --textconv :src/main.js [55ms]
2025-06-07 14:25:47.954 [info] > git status -z -uall [26ms]
2025-06-07 14:25:47.960 [info] > git for-each-ref --sort -committerdate --format %(refname)%00%(objectname)%00%(*objectname) [8ms]
2025-06-07 14:25:49.031 [info] > git ls-files --stage -- src/main.js [8ms]
2025-06-07 14:25:49.058 [info] > git cat-file -s 1fda22fc1e1b3779fc596eebe23aebfecc766271 [7ms]
2025-06-07 14:25:49.090 [info] > git show --textconv :src/main.js [6ms]
2025-06-07 14:28:49.334 [info] > git ls-files --stage -- src/main.js [7ms]
2025-06-07 14:28:49.366 [info] > git cat-file -s 1fda22fc1e1b3779fc596eebe23aebfecc766271 [9ms]
2025-06-07 14:28:49.371 [info] > git fetch [1344ms]
2025-06-07 14:28:49.421 [info] > git show --textconv :src/main.js [28ms]
2025-06-07 14:28:49.445 [info] > git config --get commit.template [26ms]
2025-06-07 14:28:49.448 [info] > git for-each-ref --format=%(refname)%00%(upstream:short)%00%(objectname)%00%(upstream:track)%00%(upstream:remotename)%00%(upstream:remoteref) refs/heads/main refs/remotes/main [5ms]
2025-06-07 14:28:49.493 [info] > git status -z -uall [21ms]
2025-06-07 14:28:49.501 [info] > git for-each-ref --sort -committerdate --format %(refname)%00%(objectname)%00%(*objectname) [9ms]
2025-06-07 14:28:50.619 [info] > git ls-files --stage -- src/main.js [10ms]
2025-06-07 14:28:50.652 [info] > git cat-file -s 1fda22fc1e1b3779fc596eebe23aebfecc766271 [8ms]
2025-06-07 14:28:50.687 [info] > git show --textconv :src/main.js [7ms]
2025-06-07 14:31:50.634 [info] > git fetch [1069ms]
2025-06-07 14:31:50.687 [info] > git config --get commit.template [29ms]
2025-06-07 14:31:50.688 [info] > git for-each-ref --format=%(refname)%00%(upstream:short)%00%(objectname)%00%(upstream:track)%00%(upstream:remotename)%00%(upstream:remoteref) refs/heads/main refs/remotes/main [3ms]
2025-06-07 14:31:50.738 [info] > git status -z -uall [22ms]
2025-06-07 14:31:50.744 [info] > git for-each-ref --sort -committerdate --format %(refname)%00%(objectname)%00%(*objectname) [8ms]
2025-06-07 14:31:51.900 [info] > git ls-files --stage -- src/main.js [10ms]
2025-06-07 14:31:51.924 [info] > git cat-file -s 1fda22fc1e1b3779fc596eebe23aebfecc766271 [4ms]
2025-06-07 14:31:51.956 [info] > git show --textconv :src/main.js [5ms]
2025-06-07 14:34:51.856 [info] > git fetch [1068ms]
2025-06-07 14:34:51.905 [info] > git config --get commit.template [26ms]
2025-06-07 14:34:51.911 [info] > git for-each-ref --format=%(refname)%00%(upstream:short)%00%(objectname)%00%(upstream:track)%00%(upstream:remotename)%00%(upstream:remoteref) refs/heads/main refs/remotes/main [7ms]
2025-06-07 14:34:51.962 [info] > git status -z -uall [25ms]
2025-06-07 14:34:51.965 [info] > git for-each-ref --sort -committerdate --format %(refname)%00%(objectname)%00%(*objectname) [5ms]
2025-06-07 14:34:53.129 [info] > git ls-files --stage -- src/main.js [7ms]
2025-06-07 14:34:53.160 [info] > git cat-file -s 1fda22fc1e1b3779fc596eebe23aebfecc766271 [4ms]
2025-06-07 14:34:53.192 [info] > git show --textconv :src/main.js [8ms]
2025-06-07 14:37:53.319 [info] > git fetch [1278ms]
2025-06-07 14:37:53.344 [info] > git ls-files --stage -- src/main.js [32ms]
2025-06-07 14:37:53.370 [info] > git config --get commit.template [27ms]
2025-06-07 14:37:53.395 [info] > git cat-file -s 1fda22fc1e1b3779fc596eebe23aebfecc766271 [27ms]
2025-06-07 14:37:53.401 [info] > git for-each-ref --format=%(refname)%00%(upstream:short)%00%(objectname)%00%(upstream:track)%00%(upstream:remotename)%00%(upstream:remoteref) refs/heads/main refs/remotes/main [9ms]
2025-06-07 14:37:53.478 [info] > git show --textconv :src/main.js [55ms]
2025-06-07 14:37:53.478 [info] > git status -z -uall [30ms]
2025-06-07 14:37:53.481 [info] > git for-each-ref --sort -committerdate --format %(refname)%00%(objectname)%00%(*objectname) [5ms]
2025-06-07 14:37:54.543 [info] > git ls-files --stage -- src/main.js [8ms]
2025-06-07 14:37:54.567 [info] > git cat-file -s 1fda22fc1e1b3779fc596eebe23aebfecc766271 [3ms]
2025-06-07 14:37:54.602 [info] > git show --textconv :src/main.js [8ms]
