2025-06-05 10:47:20.610 [info] [main] Log level: Info
2025-06-05 10:47:20.610 [info] [main] Validating found git in: "git"
2025-06-05 10:47:20.610 [info] [main] Using git "2.49.0" from "git"
2025-06-05 10:47:20.610 [info] [Model][doInitialScan] Initial repository scan started
2025-06-05 10:47:20.610 [info] > git rev-parse --show-toplevel [38ms]
2025-06-05 10:47:20.610 [info] > git rev-parse --git-dir --git-common-dir [64ms]
2025-06-05 10:47:20.610 [info] [Model][openRepository] Opened repository (path): /data/data/com.termux/files/home/project
2025-06-05 10:47:20.610 [info] [Model][openRepository] Opened repository (real path): /data/data/com.termux/files/home/project
2025-06-05 10:47:20.720 [info] > git config --get commit.template [73ms]
2025-06-05 10:47:20.733 [info] > git rev-parse --show-toplevel [39ms]
2025-06-05 10:47:20.881 [info] > git rev-parse --show-toplevel [65ms]
2025-06-05 10:47:20.881 [info] > git for-each-ref --format=%(refname)%00%(upstream:short)%00%(objectname)%00%(upstream:track)%00%(upstream:remotename)%00%(upstream:remoteref) refs/heads/main refs/remotes/main [103ms]
2025-06-05 10:47:20.940 [info] > git rev-parse --show-toplevel [19ms]
2025-06-05 10:47:21.070 [info] > git status -z -uall [59ms]
2025-06-05 10:47:21.075 [info] > git rev-parse --show-toplevel [104ms]
2025-06-05 10:47:21.079 [info] [Model][doInitialScan] Initial repository scan completed - repositories (1), closed repositories (0), parent repositories (0), unsafe repositories (0)
2025-06-05 10:47:21.459 [info] > git for-each-ref --sort -committerdate --format %(refname)%00%(objectname)%00%(*objectname) [402ms]
2025-06-05 10:47:21.706 [info] > git for-each-ref --format=%(refname)%00%(upstream:short)%00%(objectname)%00%(upstream:track)%00%(upstream:remotename)%00%(upstream:remoteref) refs/heads/main refs/remotes/main [164ms]
2025-06-05 10:47:21.774 [info] > git config --get commit.template [75ms]
2025-06-05 10:47:21.777 [info] > git config --get --local branch.main.vscode-merge-base [34ms]
2025-06-05 10:47:21.862 [info] > git for-each-ref --format=%(refname)%00%(upstream:short)%00%(objectname)%00%(upstream:track)%00%(upstream:remotename)%00%(upstream:remoteref) refs/heads/origin/main refs/remotes/origin/main [53ms]
2025-06-05 10:47:21.915 [info] > git merge-base refs/heads/main refs/remotes/origin/main [20ms]
2025-06-05 10:47:21.942 [info] > git for-each-ref --format=%(refname)%00%(upstream:short)%00%(objectname)%00%(upstream:track)%00%(upstream:remotename)%00%(upstream:remoteref) refs/heads/main refs/remotes/main [83ms]
2025-06-05 10:47:22.007 [info] > git show --textconv :src/main.js [44ms]
2025-06-05 10:47:22.011 [info] > git diff --name-status -z --diff-filter=ADMR 0c7f98d6c27ca993238bcf1c27dbfd2d6fd62a85...refs/remotes/origin/main [70ms]
2025-06-05 10:47:22.146 [info] > git ls-files --stage -- src/main.js [143ms]
2025-06-05 10:47:22.321 [info] > git check-ignore -v -z --stdin [102ms]
2025-06-05 10:47:22.332 [info] > git cat-file -s 181a8ce7ede8605e8f03e9129ca4638d8faab92a [149ms]
2025-06-05 10:47:22.349 [info] > git for-each-ref --sort -committerdate --format %(refname)%00%(objectname)%00%(*objectname) [62ms]
2025-06-05 10:47:22.354 [info] > git status -z -uall [103ms]
2025-06-05 10:47:22.942 [info] > git blame --root --incremental 0c7f98d6c27ca993238bcf1c27dbfd2d6fd62a85 -- src/main.js [141ms]
2025-06-05 10:47:34.195 [info] > git fetch [13619ms]
2025-06-05 10:47:34.239 [info] > git config --get commit.template [8ms]
2025-06-05 10:47:34.269 [info] > git for-each-ref --format=%(refname)%00%(upstream:short)%00%(objectname)%00%(upstream:track)%00%(upstream:remotename)%00%(upstream:remoteref) refs/heads/main refs/remotes/main [7ms]
2025-06-05 10:47:34.318 [info] > git status -z -uall [25ms]
2025-06-05 10:47:34.323 [info] > git for-each-ref --sort -committerdate --format %(refname)%00%(objectname)%00%(*objectname) [8ms]
2025-06-05 10:47:35.486 [info] > git ls-files --stage -- src/main.js [23ms]
2025-06-05 10:47:35.522 [info] > git cat-file -s 181a8ce7ede8605e8f03e9129ca4638d8faab92a [21ms]
2025-06-05 10:47:35.579 [info] > git show --textconv :src/main.js [28ms]
2025-06-05 10:50:35.409 [info] > git fetch [1004ms]
2025-06-05 10:50:35.464 [info] > git config --get commit.template [26ms]
2025-06-05 10:50:35.469 [info] > git for-each-ref --format=%(refname)%00%(upstream:short)%00%(objectname)%00%(upstream:track)%00%(upstream:remotename)%00%(upstream:remoteref) refs/heads/main refs/remotes/main [6ms]
2025-06-05 10:50:35.529 [info] > git status -z -uall [31ms]
2025-06-05 10:50:35.539 [info] > git for-each-ref --sort -committerdate --format %(refname)%00%(objectname)%00%(*objectname) [17ms]
2025-06-05 10:50:36.619 [info] > git ls-files --stage -- src/main.js [9ms]
2025-06-05 10:50:36.649 [info] > git cat-file -s 181a8ce7ede8605e8f03e9129ca4638d8faab92a [10ms]
2025-06-05 10:50:36.682 [info] > git show --textconv :src/main.js [10ms]
2025-06-05 10:52:05.356 [info] > git check-ignore -v -z --stdin [30ms]
2025-06-05 10:52:09.404 [info] > git check-ignore -v -z --stdin [7ms]
2025-06-05 10:52:11.378 [info] > git config --get commit.template [30ms]
2025-06-05 10:52:11.393 [info] > git for-each-ref --format=%(refname)%00%(upstream:short)%00%(objectname)%00%(upstream:track)%00%(upstream:remotename)%00%(upstream:remoteref) refs/heads/main refs/remotes/main [17ms]
2025-06-05 10:52:11.451 [info] > git status -z -uall [32ms]
2025-06-05 10:52:11.469 [info] > git for-each-ref --sort -committerdate --format %(refname)%00%(objectname)%00%(*objectname) [25ms]
2025-06-05 10:52:12.135 [info] > git check-ignore -v -z --stdin [9ms]
2025-06-05 10:52:15.650 [info] > git show --textconv :src/main.js [36ms]
2025-06-05 10:52:15.650 [info] > git ls-files --stage -- src/main.js [15ms]
2025-06-05 10:52:15.687 [info] > git cat-file -s 181a8ce7ede8605e8f03e9129ca4638d8faab92a [12ms]
2025-06-05 10:52:19.317 [info] > git config --get commit.template [26ms]
2025-06-05 10:52:19.322 [info] > git for-each-ref --format=%(refname)%00%(upstream:short)%00%(objectname)%00%(upstream:track)%00%(upstream:remotename)%00%(upstream:remoteref) refs/heads/main refs/remotes/main [7ms]
2025-06-05 10:52:19.378 [info] > git status -z -uall [33ms]
2025-06-05 10:52:19.378 [info] > git for-each-ref --sort -committerdate --format %(refname)%00%(objectname)%00%(*objectname) [3ms]
2025-06-05 10:53:36.840 [info] > git ls-files --stage -- src/main.js [10ms]
2025-06-05 10:53:36.884 [info] > git cat-file -s 181a8ce7ede8605e8f03e9129ca4638d8faab92a [5ms]
2025-06-05 10:53:36.916 [info] > git show --textconv :src/main.js [7ms]
2025-06-05 10:53:38.035 [info] > git fetch [2448ms]
2025-06-05 10:53:38.092 [info] > git config --get commit.template [31ms]
2025-06-05 10:53:38.096 [info] > git for-each-ref --format=%(refname)%00%(upstream:short)%00%(objectname)%00%(upstream:track)%00%(upstream:remotename)%00%(upstream:remoteref) refs/heads/main refs/remotes/main [8ms]
2025-06-05 10:53:38.155 [info] > git status -z -uall [31ms]
2025-06-05 10:53:38.161 [info] > git for-each-ref --sort -committerdate --format %(refname)%00%(objectname)%00%(*objectname) [10ms]
2025-06-05 10:53:39.298 [info] > git ls-files --stage -- src/main.js [6ms]
2025-06-05 10:53:39.322 [info] > git cat-file -s 181a8ce7ede8605e8f03e9129ca4638d8faab92a [8ms]
2025-06-05 10:53:39.351 [info] > git show --textconv :src/main.js [8ms]
2025-06-05 10:53:57.622 [info] > git config --get commit.template [32ms]
2025-06-05 10:53:57.635 [info] > git for-each-ref --format=%(refname)%00%(upstream:short)%00%(objectname)%00%(upstream:track)%00%(upstream:remotename)%00%(upstream:remoteref) refs/heads/main refs/remotes/main [20ms]
2025-06-05 10:53:57.677 [info] > git status -z -uall [22ms]
2025-06-05 10:53:57.682 [info] > git for-each-ref --sort -committerdate --format %(refname)%00%(objectname)%00%(*objectname) [8ms]
2025-06-05 10:55:55.247 [info] > git config --get commit.template [43ms]
2025-06-05 10:55:55.277 [info] > git for-each-ref --format=%(refname)%00%(upstream:short)%00%(objectname)%00%(upstream:track)%00%(upstream:remotename)%00%(upstream:remoteref) refs/heads/main refs/remotes/main [32ms]
2025-06-05 10:55:55.364 [info] > git for-each-ref --sort -committerdate --format %(refname)%00%(objectname)%00%(*objectname) [29ms]
2025-06-05 10:55:55.380 [info] > git status -z -uall [66ms]
2025-06-05 10:56:14.290 [info] > git config --get commit.template [118ms]
2025-06-05 10:56:14.315 [info] > git for-each-ref --format=%(refname)%00%(upstream:short)%00%(objectname)%00%(upstream:track)%00%(upstream:remotename)%00%(upstream:remoteref) refs/heads/main refs/remotes/main [36ms]
2025-06-05 10:56:14.379 [info] > git status -z -uall [34ms]
2025-06-05 10:56:14.393 [info] > git for-each-ref --sort -committerdate --format %(refname)%00%(objectname)%00%(*objectname) [24ms]
2025-06-05 10:56:39.477 [info] > git ls-files --stage -- src/main.js [13ms]
2025-06-05 10:56:39.507 [info] > git cat-file -s 181a8ce7ede8605e8f03e9129ca4638d8faab92a [12ms]
2025-06-05 10:56:39.544 [info] > git show --textconv :src/main.js [8ms]
2025-06-05 10:56:41.931 [info] > git fetch [3707ms]
2025-06-05 10:56:41.964 [info] > git config --get commit.template [2ms]
2025-06-05 10:56:41.998 [info] > git for-each-ref --format=%(refname)%00%(upstream:short)%00%(objectname)%00%(upstream:track)%00%(upstream:remotename)%00%(upstream:remoteref) refs/heads/main refs/remotes/main [10ms]
2025-06-05 10:56:42.040 [info] > git status -z -uall [20ms]
2025-06-05 10:56:42.047 [info] > git for-each-ref --sort -committerdate --format %(refname)%00%(objectname)%00%(*objectname) [8ms]
2025-06-05 10:56:43.156 [info] > git ls-files --stage -- src/main.js [8ms]
2025-06-05 10:56:43.186 [info] > git cat-file -s 181a8ce7ede8605e8f03e9129ca4638d8faab92a [6ms]
2025-06-05 10:56:43.227 [info] > git show --textconv :src/main.js [7ms]
2025-06-05 10:59:29.668 [info] > git config --get commit.template [62ms]
2025-06-05 10:59:29.683 [info] > git for-each-ref --format=%(refname)%00%(upstream:short)%00%(objectname)%00%(upstream:track)%00%(upstream:remotename)%00%(upstream:remoteref) refs/heads/main refs/remotes/main [57ms]
2025-06-05 10:59:29.773 [info] > git status -z -uall [53ms]
2025-06-05 10:59:29.784 [info] > git for-each-ref --sort -committerdate --format %(refname)%00%(objectname)%00%(*objectname) [36ms]
2025-06-05 10:59:43.353 [info] > git ls-files --stage -- src/main.js [8ms]
2025-06-05 10:59:43.384 [info] > git cat-file -s 181a8ce7ede8605e8f03e9129ca4638d8faab92a [9ms]
2025-06-05 10:59:43.427 [info] > git show --textconv :src/main.js [8ms]
2025-06-05 10:59:43.479 [info] > git fetch [1385ms]
2025-06-05 10:59:43.530 [info] > git config --get commit.template [25ms]
2025-06-05 10:59:43.536 [info] > git for-each-ref --format=%(refname)%00%(upstream:short)%00%(objectname)%00%(upstream:track)%00%(upstream:remotename)%00%(upstream:remoteref) refs/heads/main refs/remotes/main [7ms]
2025-06-05 10:59:43.590 [info] > git status -z -uall [28ms]
2025-06-05 10:59:43.590 [info] > git for-each-ref --sort -committerdate --format %(refname)%00%(objectname)%00%(*objectname) [11ms]
2025-06-05 10:59:44.738 [info] > git ls-files --stage -- src/main.js [15ms]
2025-06-05 10:59:44.760 [info] > git cat-file -s 181a8ce7ede8605e8f03e9129ca4638d8faab92a [7ms]
2025-06-05 10:59:44.817 [info] > git show --textconv :src/main.js [32ms]
2025-06-05 11:00:24.454 [info] > git config --get commit.template [36ms]
2025-06-05 11:00:24.483 [info] > git for-each-ref --format=%(refname)%00%(upstream:short)%00%(objectname)%00%(upstream:track)%00%(upstream:remotename)%00%(upstream:remoteref) refs/heads/main refs/remotes/main [33ms]
2025-06-05 11:00:24.547 [info] > git status -z -uall [35ms]
2025-06-05 11:00:24.556 [info] > git for-each-ref --sort -committerdate --format %(refname)%00%(objectname)%00%(*objectname) [11ms]
2025-06-05 11:02:44.949 [info] > git ls-files --stage -- src/main.js [10ms]
2025-06-05 11:02:44.969 [info] > git fetch [1332ms]
2025-06-05 11:02:44.991 [info] > git cat-file -s 181a8ce7ede8605e8f03e9129ca4638d8faab92a [23ms]
2025-06-05 11:02:45.029 [info] > git for-each-ref --format=%(refname)%00%(upstream:short)%00%(objectname)%00%(upstream:track)%00%(upstream:remotename)%00%(upstream:remoteref) refs/heads/main refs/remotes/main [21ms]
2025-06-05 11:02:45.030 [info] > git config --get commit.template [40ms]
2025-06-05 11:02:45.075 [info] > git show --textconv :src/main.js [47ms]
2025-06-05 11:02:45.075 [info] > git status -z -uall [24ms]
2025-06-05 11:02:45.081 [info] > git for-each-ref --sort -committerdate --format %(refname)%00%(objectname)%00%(*objectname) [10ms]
2025-06-05 11:02:46.231 [info] > git ls-files --stage -- src/main.js [10ms]
2025-06-05 11:02:46.262 [info] > git cat-file -s 181a8ce7ede8605e8f03e9129ca4638d8faab92a [7ms]
2025-06-05 11:02:46.295 [info] > git show --textconv :src/main.js [1ms]
2025-06-05 11:03:33.507 [info] > git config --get commit.template [26ms]
2025-06-05 11:03:33.516 [info] > git for-each-ref --format=%(refname)%00%(upstream:short)%00%(objectname)%00%(upstream:track)%00%(upstream:remotename)%00%(upstream:remoteref) refs/heads/main refs/remotes/main [13ms]
2025-06-05 11:03:33.565 [info] > git status -z -uall [21ms]
2025-06-05 11:03:33.571 [info] > git for-each-ref --sort -committerdate --format %(refname)%00%(objectname)%00%(*objectname) [8ms]
2025-06-05 11:03:55.650 [info] > git config --get commit.template [77ms]
2025-06-05 11:03:55.657 [info] > git for-each-ref --format=%(refname)%00%(upstream:short)%00%(objectname)%00%(upstream:track)%00%(upstream:remotename)%00%(upstream:remoteref) refs/heads/main refs/remotes/main [25ms]
2025-06-05 11:03:55.770 [info] > git status -z -uall [33ms]
2025-06-05 11:03:55.801 [info] > git for-each-ref --sort -committerdate --format %(refname)%00%(objectname)%00%(*objectname) [33ms]
2025-06-05 11:05:04.027 [info] > git config --get commit.template [23ms]
2025-06-05 11:05:04.038 [info] > git for-each-ref --format=%(refname)%00%(upstream:short)%00%(objectname)%00%(upstream:track)%00%(upstream:remotename)%00%(upstream:remoteref) refs/heads/main refs/remotes/main [13ms]
2025-06-05 11:05:04.086 [info] > git status -z -uall [26ms]
2025-06-05 11:05:04.093 [info] > git for-each-ref --sort -committerdate --format %(refname)%00%(objectname)%00%(*objectname) [13ms]
2025-06-05 11:05:46.420 [info] > git ls-files --stage -- src/main.js [11ms]
2025-06-05 11:05:46.449 [info] > git cat-file -s 181a8ce7ede8605e8f03e9129ca4638d8faab92a [8ms]
2025-06-05 11:05:46.483 [info] > git show --textconv :src/main.js [7ms]
2025-06-05 11:05:46.510 [info] > git fetch [1366ms]
2025-06-05 11:05:46.564 [info] > git config --get commit.template [25ms]
2025-06-05 11:05:46.570 [info] > git for-each-ref --format=%(refname)%00%(upstream:short)%00%(objectname)%00%(upstream:track)%00%(upstream:remotename)%00%(upstream:remoteref) refs/heads/main refs/remotes/main [7ms]
2025-06-05 11:05:46.617 [info] > git status -z -uall [23ms]
2025-06-05 11:05:46.623 [info] > git for-each-ref --sort -committerdate --format %(refname)%00%(objectname)%00%(*objectname) [8ms]
2025-06-05 11:05:47.754 [info] > git ls-files --stage -- src/main.js [9ms]
2025-06-05 11:05:47.787 [info] > git cat-file -s 181a8ce7ede8605e8f03e9129ca4638d8faab92a [8ms]
2025-06-05 11:05:47.823 [info] > git show --textconv :src/main.js [3ms]
2025-06-05 11:06:20.096 [info] > git config --get commit.template [32ms]
2025-06-05 11:06:20.115 [info] > git for-each-ref --format=%(refname)%00%(upstream:short)%00%(objectname)%00%(upstream:track)%00%(upstream:remotename)%00%(upstream:remoteref) refs/heads/main refs/remotes/main [21ms]
2025-06-05 11:06:20.179 [info] > git status -z -uall [32ms]
2025-06-05 11:06:20.202 [info] > git for-each-ref --sort -committerdate --format %(refname)%00%(objectname)%00%(*objectname) [29ms]
2025-06-05 11:06:37.380 [info] > git config --get commit.template [46ms]
2025-06-05 11:06:37.402 [info] > git for-each-ref --format=%(refname)%00%(upstream:short)%00%(objectname)%00%(upstream:track)%00%(upstream:remotename)%00%(upstream:remoteref) refs/heads/main refs/remotes/main [40ms]
2025-06-05 11:06:37.507 [info] > git status -z -uall [71ms]
2025-06-05 11:06:37.511 [info] > git for-each-ref --sort -committerdate --format %(refname)%00%(objectname)%00%(*objectname) [51ms]
2025-06-05 11:08:28.746 [info] > git config --get commit.template [33ms]
2025-06-05 11:08:28.762 [info] > git for-each-ref --format=%(refname)%00%(upstream:short)%00%(objectname)%00%(upstream:track)%00%(upstream:remotename)%00%(upstream:remoteref) refs/heads/main refs/remotes/main [17ms]
2025-06-05 11:08:28.813 [info] > git status -z -uall [27ms]
2025-06-05 11:08:28.822 [info] > git for-each-ref --sort -committerdate --format %(refname)%00%(objectname)%00%(*objectname) [14ms]
2025-06-05 11:08:47.912 [info] > git ls-files --stage -- src/main.js [9ms]
2025-06-05 11:08:47.935 [info] > git cat-file -s 181a8ce7ede8605e8f03e9129ca4638d8faab92a [9ms]
2025-06-05 11:08:47.971 [info] > git fetch [1296ms]
2025-06-05 11:08:47.994 [info] > git show --textconv :src/main.js [28ms]
2025-06-05 11:08:48.020 [info] > git config --get commit.template [28ms]
2025-06-05 11:08:48.025 [info] > git for-each-ref --format=%(refname)%00%(upstream:short)%00%(objectname)%00%(upstream:track)%00%(upstream:remotename)%00%(upstream:remoteref) refs/heads/main refs/remotes/main [6ms]
2025-06-05 11:08:48.076 [info] > git status -z -uall [26ms]
2025-06-05 11:08:48.078 [info] > git for-each-ref --sort -committerdate --format %(refname)%00%(objectname)%00%(*objectname) [7ms]
2025-06-05 11:08:49.212 [info] > git ls-files --stage -- src/main.js [7ms]
2025-06-05 11:08:49.241 [info] > git cat-file -s 181a8ce7ede8605e8f03e9129ca4638d8faab92a [7ms]
2025-06-05 11:08:49.281 [info] > git show --textconv :src/main.js [9ms]
2025-06-05 11:09:48.920 [info] > git config --get commit.template [23ms]
2025-06-05 11:09:48.927 [info] > git for-each-ref --format=%(refname)%00%(upstream:short)%00%(objectname)%00%(upstream:track)%00%(upstream:remotename)%00%(upstream:remoteref) refs/heads/main refs/remotes/main [8ms]
2025-06-05 11:09:48.980 [info] > git status -z -uall [22ms]
2025-06-05 11:09:48.985 [info] > git for-each-ref --sort -committerdate --format %(refname)%00%(objectname)%00%(*objectname) [8ms]
2025-06-05 11:09:54.277 [info] > git config --get commit.template [33ms]
2025-06-05 11:09:54.278 [info] > git for-each-ref --format=%(refname)%00%(upstream:short)%00%(objectname)%00%(upstream:track)%00%(upstream:remotename)%00%(upstream:remoteref) refs/heads/main refs/remotes/main [3ms]
2025-06-05 11:09:54.328 [info] > git status -z -uall [25ms]
2025-06-05 11:09:54.335 [info] > git for-each-ref --sort -committerdate --format %(refname)%00%(objectname)%00%(*objectname) [10ms]
2025-06-05 11:10:47.887 [info] > git config --get commit.template [21ms]
2025-06-05 11:10:47.893 [info] > git for-each-ref --format=%(refname)%00%(upstream:short)%00%(objectname)%00%(upstream:track)%00%(upstream:remotename)%00%(upstream:remoteref) refs/heads/main refs/remotes/main [8ms]
2025-06-05 11:10:47.936 [info] > git status -z -uall [23ms]
2025-06-05 11:10:47.945 [info] > git for-each-ref --sort -committerdate --format %(refname)%00%(objectname)%00%(*objectname) [9ms]
2025-06-05 11:11:00.036 [info] > git config --get commit.template [56ms]
2025-06-05 11:11:00.064 [info] > git for-each-ref --format=%(refname)%00%(upstream:short)%00%(objectname)%00%(upstream:track)%00%(upstream:remotename)%00%(upstream:remoteref) refs/heads/main refs/remotes/main [40ms]
2025-06-05 11:11:00.163 [info] > git status -z -uall [60ms]
2025-06-05 11:11:00.187 [info] > git for-each-ref --sort -committerdate --format %(refname)%00%(objectname)%00%(*objectname) [34ms]
2025-06-05 11:11:11.031 [info] > git config --get commit.template [20ms]
2025-06-05 11:11:11.039 [info] > git for-each-ref --format=%(refname)%00%(upstream:short)%00%(objectname)%00%(upstream:track)%00%(upstream:remotename)%00%(upstream:remoteref) refs/heads/main refs/remotes/main [9ms]
2025-06-05 11:11:11.083 [info] > git status -z -uall [24ms]
2025-06-05 11:11:11.092 [info] > git for-each-ref --sort -committerdate --format %(refname)%00%(objectname)%00%(*objectname) [10ms]
2025-06-05 11:11:28.205 [info] > git config --get commit.template [28ms]
2025-06-05 11:11:28.211 [info] > git for-each-ref --format=%(refname)%00%(upstream:short)%00%(objectname)%00%(upstream:track)%00%(upstream:remotename)%00%(upstream:remoteref) refs/heads/main refs/remotes/main [11ms]
2025-06-05 11:11:28.257 [info] > git status -z -uall [23ms]
2025-06-05 11:11:28.267 [info] > git for-each-ref --sort -committerdate --format %(refname)%00%(objectname)%00%(*objectname) [12ms]
2025-06-05 11:11:49.353 [info] > git ls-files --stage -- src/main.js [11ms]
2025-06-05 11:11:49.378 [info] > git cat-file -s 181a8ce7ede8605e8f03e9129ca4638d8faab92a [3ms]
2025-06-05 11:11:49.409 [info] > git show --textconv :src/main.js [7ms]
2025-06-05 11:11:49.513 [info] > git fetch [1403ms]
2025-06-05 11:11:49.565 [info] > git config --get commit.template [26ms]
2025-06-05 11:11:49.570 [info] > git for-each-ref --format=%(refname)%00%(upstream:short)%00%(objectname)%00%(upstream:track)%00%(upstream:remotename)%00%(upstream:remoteref) refs/heads/main refs/remotes/main [6ms]
2025-06-05 11:11:49.614 [info] > git status -z -uall [24ms]
2025-06-05 11:11:49.617 [info] > git for-each-ref --sort -committerdate --format %(refname)%00%(objectname)%00%(*objectname) [6ms]
2025-06-05 11:11:50.833 [info] > git ls-files --stage -- src/main.js [13ms]
2025-06-05 11:11:50.863 [info] > git cat-file -s 181a8ce7ede8605e8f03e9129ca4638d8faab92a [8ms]
2025-06-05 11:11:50.905 [info] > git show --textconv :src/main.js [14ms]
2025-06-05 11:12:54.905 [info] > git config --get commit.template [28ms]
2025-06-05 11:12:54.907 [info] > git for-each-ref --format=%(refname)%00%(upstream:short)%00%(objectname)%00%(upstream:track)%00%(upstream:remotename)%00%(upstream:remoteref) refs/heads/main refs/remotes/main [4ms]
2025-06-05 11:12:54.956 [info] > git status -z -uall [29ms]
2025-06-05 11:12:54.962 [info] > git for-each-ref --sort -committerdate --format %(refname)%00%(objectname)%00%(*objectname) [8ms]
2025-06-05 11:13:53.044 [info] > git config --get commit.template [39ms]
2025-06-05 11:13:53.052 [info] > git for-each-ref --format=%(refname)%00%(upstream:short)%00%(objectname)%00%(upstream:track)%00%(upstream:remotename)%00%(upstream:remoteref) refs/heads/main refs/remotes/main [29ms]
2025-06-05 11:13:53.096 [info] > git status -z -uall [26ms]
2025-06-05 11:13:53.114 [info] > git for-each-ref --sort -committerdate --format %(refname)%00%(objectname)%00%(*objectname) [26ms]
2025-06-05 11:14:50.953 [info] > git ls-files --stage -- src/main.js [14ms]
2025-06-05 11:14:50.991 [info] > git cat-file -s 181a8ce7ede8605e8f03e9129ca4638d8faab92a [13ms]
2025-06-05 11:14:50.996 [info] > git fetch [1326ms]
2025-06-05 11:14:51.037 [info] > git config --get commit.template [21ms]
2025-06-05 11:14:51.059 [info] > git show --textconv :src/main.js [24ms]
2025-06-05 11:14:51.068 [info] > git for-each-ref --format=%(refname)%00%(upstream:short)%00%(objectname)%00%(upstream:track)%00%(upstream:remotename)%00%(upstream:remoteref) refs/heads/main refs/remotes/main [11ms]
2025-06-05 11:14:51.108 [info] > git status -z -uall [22ms]
2025-06-05 11:14:51.111 [info] > git for-each-ref --sort -committerdate --format %(refname)%00%(objectname)%00%(*objectname) [4ms]
2025-06-05 11:14:52.214 [info] > git ls-files --stage -- src/main.js [10ms]
2025-06-05 11:14:52.240 [info] > git cat-file -s 181a8ce7ede8605e8f03e9129ca4638d8faab92a [2ms]
2025-06-05 11:14:52.271 [info] > git show --textconv :src/main.js [4ms]
2025-06-05 11:17:11.252 [info] > git config --get commit.template [34ms]
2025-06-05 11:17:11.282 [info] > git for-each-ref --format=%(refname)%00%(upstream:short)%00%(objectname)%00%(upstream:track)%00%(upstream:remotename)%00%(upstream:remoteref) refs/heads/main refs/remotes/main [37ms]
2025-06-05 11:17:11.324 [info] > git status -z -uall [19ms]
2025-06-05 11:17:11.340 [info] > git for-each-ref --sort -committerdate --format %(refname)%00%(objectname)%00%(*objectname) [18ms]
2025-06-05 11:17:52.206 [info] > git fetch [1053ms]
2025-06-05 11:17:52.251 [info] > git config --get commit.template [19ms]
2025-06-05 11:17:52.258 [info] > git for-each-ref --format=%(refname)%00%(upstream:short)%00%(objectname)%00%(upstream:track)%00%(upstream:remotename)%00%(upstream:remoteref) refs/heads/main refs/remotes/main [9ms]
2025-06-05 11:17:52.317 [info] > git status -z -uall [21ms]
2025-06-05 11:17:52.324 [info] > git for-each-ref --sort -committerdate --format %(refname)%00%(objectname)%00%(*objectname) [9ms]
2025-06-05 11:17:53.480 [info] > git ls-files --stage -- src/main.js [7ms]
2025-06-05 11:17:53.523 [info] > git cat-file -s 181a8ce7ede8605e8f03e9129ca4638d8faab92a [8ms]
2025-06-05 11:17:53.555 [info] > git show --textconv :src/main.js [8ms]
2025-06-05 11:18:05.647 [info] > git config --get commit.template [22ms]
2025-06-05 11:18:05.653 [info] > git for-each-ref --format=%(refname)%00%(upstream:short)%00%(objectname)%00%(upstream:track)%00%(upstream:remotename)%00%(upstream:remoteref) refs/heads/main refs/remotes/main [8ms]
2025-06-05 11:18:05.696 [info] > git status -z -uall [20ms]
2025-06-05 11:18:05.703 [info] > git for-each-ref --sort -committerdate --format %(refname)%00%(objectname)%00%(*objectname) [9ms]
2025-06-05 11:20:53.643 [info] > git ls-files --stage -- src/main.js [4ms]
2025-06-05 11:20:53.670 [info] > git cat-file -s 181a8ce7ede8605e8f03e9129ca4638d8faab92a [9ms]
2025-06-05 11:20:53.711 [info] > git show --textconv :src/main.js [7ms]
2025-06-05 11:20:53.727 [info] > git fetch [1349ms]
2025-06-05 11:20:53.785 [info] > git config --get commit.template [31ms]
2025-06-05 11:20:53.787 [info] > git for-each-ref --format=%(refname)%00%(upstream:short)%00%(objectname)%00%(upstream:track)%00%(upstream:remotename)%00%(upstream:remoteref) refs/heads/main refs/remotes/main [4ms]
2025-06-05 11:20:53.845 [info] > git status -z -uall [27ms]
2025-06-05 11:20:53.850 [info] > git for-each-ref --sort -committerdate --format %(refname)%00%(objectname)%00%(*objectname) [7ms]
2025-06-05 11:20:54.995 [info] > git ls-files --stage -- src/main.js [10ms]
2025-06-05 11:20:55.020 [info] > git cat-file -s 181a8ce7ede8605e8f03e9129ca4638d8faab92a [8ms]
2025-06-05 11:20:55.049 [info] > git show --textconv :src/main.js [8ms]
2025-06-05 11:20:55.897 [info] > git config --get commit.template [23ms]
2025-06-05 11:20:55.905 [info] > git for-each-ref --format=%(refname)%00%(upstream:short)%00%(objectname)%00%(upstream:track)%00%(upstream:remotename)%00%(upstream:remoteref) refs/heads/main refs/remotes/main [9ms]
2025-06-05 11:20:55.968 [info] > git status -z -uall [42ms]
2025-06-05 11:20:55.989 [info] > git for-each-ref --sort -committerdate --format %(refname)%00%(objectname)%00%(*objectname) [30ms]
2025-06-05 11:21:43.894 [info] > git config --get commit.template [35ms]
2025-06-05 11:21:43.909 [info] > git for-each-ref --format=%(refname)%00%(upstream:short)%00%(objectname)%00%(upstream:track)%00%(upstream:remotename)%00%(upstream:remoteref) refs/heads/main refs/remotes/main [24ms]
2025-06-05 11:21:43.961 [info] > git status -z -uall [26ms]
2025-06-05 11:21:43.976 [info] > git for-each-ref --sort -committerdate --format %(refname)%00%(objectname)%00%(*objectname) [22ms]
2025-06-05 11:22:05.264 [info] > git config --get commit.template [25ms]
2025-06-05 11:22:05.274 [info] > git for-each-ref --format=%(refname)%00%(upstream:short)%00%(objectname)%00%(upstream:track)%00%(upstream:remotename)%00%(upstream:remoteref) refs/heads/main refs/remotes/main [11ms]
2025-06-05 11:22:05.327 [info] > git status -z -uall [30ms]
2025-06-05 11:22:05.327 [info] > git for-each-ref --sort -committerdate --format %(refname)%00%(objectname)%00%(*objectname) [4ms]
2025-06-05 11:23:55.199 [info] > git ls-files --stage -- src/main.js [9ms]
2025-06-05 11:23:55.228 [info] > git fetch [1313ms]
2025-06-05 11:23:55.260 [info] > git cat-file -s 181a8ce7ede8605e8f03e9129ca4638d8faab92a [33ms]
2025-06-05 11:23:55.282 [info] > git config --get commit.template [23ms]
2025-06-05 11:23:55.308 [info] > git for-each-ref --format=%(refname)%00%(upstream:short)%00%(objectname)%00%(upstream:track)%00%(upstream:remotename)%00%(upstream:remoteref) refs/heads/main refs/remotes/main [26ms]
2025-06-05 11:23:55.354 [info] > git show --textconv :src/main.js [47ms]
2025-06-05 11:23:55.356 [info] > git status -z -uall [25ms]
2025-06-05 11:23:55.374 [info] > git for-each-ref --sort -committerdate --format %(refname)%00%(objectname)%00%(*objectname) [22ms]
2025-06-05 11:23:56.468 [info] > git ls-files --stage -- src/main.js [8ms]
2025-06-05 11:23:56.494 [info] > git cat-file -s 181a8ce7ede8605e8f03e9129ca4638d8faab92a [6ms]
2025-06-05 11:23:56.523 [info] > git show --textconv :src/main.js [7ms]
2025-06-05 11:26:56.707 [info] > git ls-files --stage -- src/main.js [14ms]
2025-06-05 11:26:56.733 [info] > git cat-file -s 181a8ce7ede8605e8f03e9129ca4638d8faab92a [8ms]
2025-06-05 11:26:56.763 [info] > git show --textconv :src/main.js [8ms]
2025-06-05 11:26:59.813 [info] > git fetch [4391ms]
2025-06-05 11:26:59.905 [info] > git config --get commit.template [41ms]
2025-06-05 11:26:59.912 [info] > git for-each-ref --format=%(refname)%00%(upstream:short)%00%(objectname)%00%(upstream:track)%00%(upstream:remotename)%00%(upstream:remoteref) refs/heads/main refs/remotes/main [11ms]
2025-06-05 11:26:59.955 [info] > git status -z -uall [22ms]
2025-06-05 11:26:59.963 [info] > git for-each-ref --sort -committerdate --format %(refname)%00%(objectname)%00%(*objectname) [9ms]
2025-06-05 11:27:01.055 [info] > git ls-files --stage -- src/main.js [8ms]
2025-06-05 11:27:01.078 [info] > git cat-file -s 181a8ce7ede8605e8f03e9129ca4638d8faab92a [3ms]
2025-06-05 11:27:01.103 [info] > git show --textconv :src/main.js [7ms]
2025-06-05 11:27:31.184 [info] > git config --get commit.template [30ms]
2025-06-05 11:27:31.193 [info] > git for-each-ref --format=%(refname)%00%(upstream:short)%00%(objectname)%00%(upstream:track)%00%(upstream:remotename)%00%(upstream:remoteref) refs/heads/main refs/remotes/main [12ms]
2025-06-05 11:27:31.248 [info] > git status -z -uall [36ms]
2025-06-05 11:27:31.261 [info] > git for-each-ref --sort -committerdate --format %(refname)%00%(objectname)%00%(*objectname) [15ms]
2025-06-05 11:27:58.800 [info] > git config --get commit.template [26ms]
2025-06-05 11:27:58.816 [info] > git for-each-ref --format=%(refname)%00%(upstream:short)%00%(objectname)%00%(upstream:track)%00%(upstream:remotename)%00%(upstream:remoteref) refs/heads/main refs/remotes/main [18ms]
2025-06-05 11:27:58.853 [info] > git status -z -uall [19ms]
2025-06-05 11:27:58.873 [info] > git for-each-ref --sort -committerdate --format %(refname)%00%(objectname)%00%(*objectname) [21ms]
2025-06-05 11:28:14.809 [info] > git config --get commit.template [55ms]
2025-06-05 11:28:14.822 [info] > git for-each-ref --format=%(refname)%00%(upstream:short)%00%(objectname)%00%(upstream:track)%00%(upstream:remotename)%00%(upstream:remoteref) refs/heads/main refs/remotes/main [15ms]
2025-06-05 11:28:14.967 [info] > git status -z -uall [40ms]
2025-06-05 11:28:14.997 [info] > git for-each-ref --sort -committerdate --format %(refname)%00%(objectname)%00%(*objectname) [34ms]
2025-06-05 11:30:01.280 [info] > git ls-files --stage -- src/main.js [11ms]
2025-06-05 11:30:01.313 [info] > git cat-file -s 181a8ce7ede8605e8f03e9129ca4638d8faab92a [10ms]
2025-06-05 11:30:01.392 [info] > git show --textconv :src/main.js [10ms]
2025-06-05 11:30:06.536 [info] > git fetch [6528ms]
2025-06-05 11:30:06.588 [info] > git config --get commit.template [27ms]
2025-06-05 11:30:06.593 [info] > git for-each-ref --format=%(refname)%00%(upstream:short)%00%(objectname)%00%(upstream:track)%00%(upstream:remotename)%00%(upstream:remoteref) refs/heads/main refs/remotes/main [6ms]
2025-06-05 11:30:06.641 [info] > git status -z -uall [23ms]
2025-06-05 11:30:06.644 [info] > git for-each-ref --sort -committerdate --format %(refname)%00%(objectname)%00%(*objectname) [5ms]
2025-06-05 11:30:07.739 [info] > git ls-files --stage -- src/main.js [7ms]
2025-06-05 11:30:07.768 [info] > git cat-file -s 181a8ce7ede8605e8f03e9129ca4638d8faab92a [11ms]
2025-06-05 11:30:07.803 [info] > git show --textconv :src/main.js [8ms]
2025-06-05 11:33:08.033 [info] > git ls-files --stage -- src/main.js [19ms]
2025-06-05 11:33:08.063 [info] > git cat-file -s 181a8ce7ede8605e8f03e9129ca4638d8faab92a [9ms]
2025-06-05 11:33:08.095 [info] > git show --textconv :src/main.js [8ms]
2025-06-05 11:33:08.873 [info] > git fetch [2178ms]
2025-06-05 11:33:08.921 [info] > git config --get commit.template [27ms]
2025-06-05 11:33:08.942 [info] > git for-each-ref --format=%(refname)%00%(upstream:short)%00%(objectname)%00%(upstream:track)%00%(upstream:remotename)%00%(upstream:remoteref) refs/heads/main refs/remotes/main [23ms]
2025-06-05 11:33:09.016 [info] > git status -z -uall [45ms]
2025-06-05 11:33:09.034 [info] > git for-each-ref --sort -committerdate --format %(refname)%00%(objectname)%00%(*objectname) [35ms]
2025-06-05 11:33:10.156 [info] > git ls-files --stage -- src/main.js [8ms]
2025-06-05 11:33:10.187 [info] > git cat-file -s 181a8ce7ede8605e8f03e9129ca4638d8faab92a [10ms]
2025-06-05 11:33:10.229 [info] > git show --textconv :src/main.js [13ms]
2025-06-05 11:33:15.385 [info] > git config --get commit.template [45ms]
2025-06-05 11:33:15.396 [info] > git for-each-ref --format=%(refname)%00%(upstream:short)%00%(objectname)%00%(upstream:track)%00%(upstream:remotename)%00%(upstream:remoteref) refs/heads/main refs/remotes/main [14ms]
2025-06-05 11:33:15.455 [info] > git status -z -uall [36ms]
2025-06-05 11:33:15.473 [info] > git for-each-ref --sort -committerdate --format %(refname)%00%(objectname)%00%(*objectname) [20ms]
2025-06-05 11:35:46.785 [info] > git config --get commit.template [32ms]
2025-06-05 11:35:46.799 [info] > git for-each-ref --format=%(refname)%00%(upstream:short)%00%(objectname)%00%(upstream:track)%00%(upstream:remotename)%00%(upstream:remoteref) refs/heads/main refs/remotes/main [16ms]
2025-06-05 11:35:46.891 [info] > git status -z -uall [58ms]
2025-06-05 11:35:46.927 [info] > git for-each-ref --sort -committerdate --format %(refname)%00%(objectname)%00%(*objectname) [56ms]
2025-06-05 11:36:10.155 [info] > git fetch [1067ms]
2025-06-05 11:36:10.201 [info] > git config --get commit.template [23ms]
2025-06-05 11:36:10.210 [info] > git for-each-ref --format=%(refname)%00%(upstream:short)%00%(objectname)%00%(upstream:track)%00%(upstream:remotename)%00%(upstream:remoteref) refs/heads/main refs/remotes/main [12ms]
2025-06-05 11:36:10.261 [info] > git status -z -uall [28ms]
2025-06-05 11:36:10.265 [info] > git for-each-ref --sort -committerdate --format %(refname)%00%(objectname)%00%(*objectname) [14ms]
2025-06-05 11:36:11.393 [info] > git ls-files --stage -- src/main.js [7ms]
2025-06-05 11:36:11.420 [info] > git cat-file -s 181a8ce7ede8605e8f03e9129ca4638d8faab92a [9ms]
2025-06-05 11:36:11.446 [info] > git show --textconv :src/main.js [3ms]
2025-06-05 11:36:27.001 [info] > git show --textconv :src/getFresnelMat.js [26ms]
2025-06-05 11:36:27.004 [info] > git ls-files --stage -- src/getFresnelMat.js [6ms]
2025-06-05 11:36:27.036 [info] > git cat-file -s 806634125d805042c561e2fafff7efc5b9c7b820 [14ms]
2025-06-05 11:36:36.942 [info] > git blame --root --incremental 0c7f98d6c27ca993238bcf1c27dbfd2d6fd62a85 -- src/getFresnelMat.js [31ms]
2025-06-05 11:39:11.697 [info] > git ls-files --stage -- src/getFresnelMat.js [15ms]
2025-06-05 11:39:11.741 [info] > git cat-file -s 806634125d805042c561e2fafff7efc5b9c7b820 [9ms]
2025-06-05 11:39:11.793 [info] > git show --textconv :src/getFresnelMat.js [10ms]
2025-06-05 11:39:12.099 [info] > git fetch [1749ms]
2025-06-05 11:39:12.155 [info] > git config --get commit.template [21ms]
2025-06-05 11:39:12.161 [info] > git for-each-ref --format=%(refname)%00%(upstream:short)%00%(objectname)%00%(upstream:track)%00%(upstream:remotename)%00%(upstream:remoteref) refs/heads/main refs/remotes/main [8ms]
2025-06-05 11:39:12.208 [info] > git status -z -uall [21ms]
2025-06-05 11:39:12.212 [info] > git for-each-ref --sort -committerdate --format %(refname)%00%(objectname)%00%(*objectname) [7ms]
2025-06-05 11:39:13.288 [info] > git ls-files --stage -- src/getFresnelMat.js [5ms]
2025-06-05 11:39:13.317 [info] > git cat-file -s 806634125d805042c561e2fafff7efc5b9c7b820 [8ms]
2025-06-05 11:39:13.353 [info] > git show --textconv :src/getFresnelMat.js [9ms]
2025-06-05 11:40:00.752 [info] > git ls-files --stage -- src/main.js [33ms]
2025-06-05 11:40:00.778 [info] > git show --textconv :src/main.js [81ms]
2025-06-05 11:40:00.785 [info] > git cat-file -s 181a8ce7ede8605e8f03e9129ca4638d8faab92a [9ms]
2025-06-05 11:40:03.864 [info] > git show --textconv :src/getFresnelMat.js [32ms]
2025-06-05 11:40:03.866 [info] > git ls-files --stage -- src/getFresnelMat.js [8ms]
2025-06-05 11:40:03.899 [info] > git cat-file -s 806634125d805042c561e2fafff7efc5b9c7b820 [12ms]
2025-06-05 11:41:20.856 [info] > git show --textconv :src/main.js [30ms]
2025-06-05 11:41:20.863 [info] > git ls-files --stage -- src/main.js [8ms]
2025-06-05 11:41:20.900 [info] > git cat-file -s 181a8ce7ede8605e8f03e9129ca4638d8faab92a [18ms]
2025-06-05 11:41:46.298 [info] > git show --textconv :src/getFresnelMat.js [31ms]
2025-06-05 11:41:46.308 [info] > git ls-files --stage -- src/getFresnelMat.js [14ms]
2025-06-05 11:41:46.336 [info] > git cat-file -s 806634125d805042c561e2fafff7efc5b9c7b820 [12ms]
2025-06-05 11:42:13.540 [info] > git ls-files --stage -- src/getFresnelMat.js [9ms]
2025-06-05 11:42:13.561 [info] > git fetch [1299ms]
2025-06-05 11:42:13.585 [info] > git cat-file -s 806634125d805042c561e2fafff7efc5b9c7b820 [27ms]
2025-06-05 11:42:13.608 [info] > git config --get commit.template [25ms]
2025-06-05 11:42:13.629 [info] > git for-each-ref --format=%(refname)%00%(upstream:short)%00%(objectname)%00%(upstream:track)%00%(upstream:remotename)%00%(upstream:remoteref) refs/heads/main refs/remotes/main [22ms]
2025-06-05 11:42:13.672 [info] > git show --textconv :src/getFresnelMat.js [44ms]
2025-06-05 11:42:13.672 [info] > git status -z -uall [21ms]
2025-06-05 11:42:13.677 [info] > git for-each-ref --sort -committerdate --format %(refname)%00%(objectname)%00%(*objectname) [6ms]
2025-06-05 11:42:14.730 [info] > git ls-files --stage -- src/getFresnelMat.js [8ms]
2025-06-05 11:42:14.755 [info] > git cat-file -s 806634125d805042c561e2fafff7efc5b9c7b820 [5ms]
2025-06-05 11:42:14.784 [info] > git show --textconv :src/getFresnelMat.js [8ms]
2025-06-05 11:43:25.522 [info] > git show --textconv :src/getVenusFresnelMat.js [83ms]
2025-06-05 11:43:25.552 [info] > git ls-files --stage -- src/getVenusFresnelMat.js [95ms]
2025-06-05 11:43:25.576 [info] > git hash-object -t tree /dev/null [25ms]
2025-06-05 11:43:25.577 [warning] [GitFileSystemProvider][readFile] File not found - git:/data/data/com.termux/files/home/project/src/getVenusFresnelMat.js.git?%7B%22path%22%3A%22%2Fdata%2Fdata%2Fcom.termux%2Ffiles%2Fhome%2Fproject%2Fsrc%2FgetVenusFresnelMat.js%22%2C%22ref%22%3A%22%22%7D
2025-06-05 11:43:25.584 [info] > git hash-object -t tree /dev/null [9ms]
2025-06-05 11:43:25.584 [warning] [GitFileSystemProvider][stat] File not found - git:/data/data/com.termux/files/home/project/src/getVenusFresnelMat.js.git?%7B%22path%22%3A%22%2Fdata%2Fdata%2Fcom.termux%2Ffiles%2Fhome%2Fproject%2Fsrc%2FgetVenusFresnelMat.js%22%2C%22ref%22%3A%22%22%7D
2025-06-05 11:43:25.684 [info] > git check-ignore -v -z --stdin [14ms]
2025-06-05 11:43:26.218 [info] > git config --get commit.template [29ms]
2025-06-05 11:43:26.224 [info] > git for-each-ref --format=%(refname)%00%(upstream:short)%00%(objectname)%00%(upstream:track)%00%(upstream:remotename)%00%(upstream:remoteref) refs/heads/main refs/remotes/main [12ms]
2025-06-05 11:43:26.279 [info] > git status -z -uall [31ms]
2025-06-05 11:43:26.292 [info] > git for-each-ref --sort -committerdate --format %(refname)%00%(objectname)%00%(*objectname) [22ms]
2025-06-05 11:43:42.592 [info] > git config --get commit.template [30ms]
2025-06-05 11:43:42.599 [info] > git for-each-ref --format=%(refname)%00%(upstream:short)%00%(objectname)%00%(upstream:track)%00%(upstream:remotename)%00%(upstream:remoteref) refs/heads/main refs/remotes/main [9ms]
2025-06-05 11:43:42.646 [info] > git status -z -uall [23ms]
2025-06-05 11:43:42.653 [info] > git for-each-ref --sort -committerdate --format %(refname)%00%(objectname)%00%(*objectname) [9ms]
2025-06-05 11:43:51.427 [info] > git show --textconv :src/getFresnelMat.js [51ms]
2025-06-05 11:43:51.432 [info] > git ls-files --stage -- src/getFresnelMat.js [33ms]
2025-06-05 11:43:51.453 [info] > git cat-file -s 806634125d805042c561e2fafff7efc5b9c7b820 [5ms]
2025-06-05 11:44:09.518 [info] > git show --textconv :src/main.js [49ms]
2025-06-05 11:44:09.522 [info] > git ls-files --stage -- src/main.js [26ms]
2025-06-05 11:44:09.563 [info] > git cat-file -s 181a8ce7ede8605e8f03e9129ca4638d8faab92a [20ms]
2025-06-05 11:44:10.295 [info] > git config --get commit.template [26ms]
2025-06-05 11:44:10.373 [info] > git for-each-ref --format=%(refname)%00%(upstream:short)%00%(objectname)%00%(upstream:track)%00%(upstream:remotename)%00%(upstream:remoteref) refs/heads/main refs/remotes/main [36ms]
2025-06-05 11:44:10.465 [info] > git status -z -uall [40ms]
2025-06-05 11:44:10.477 [info] > git for-each-ref --sort -committerdate --format %(refname)%00%(objectname)%00%(*objectname) [14ms]
2025-06-05 11:44:34.965 [info] > git config --get commit.template [31ms]
2025-06-05 11:44:34.979 [info] > git for-each-ref --format=%(refname)%00%(upstream:short)%00%(objectname)%00%(upstream:track)%00%(upstream:remotename)%00%(upstream:remoteref) refs/heads/main refs/remotes/main [20ms]
2025-06-05 11:44:35.054 [info] > git status -z -uall [51ms]
2025-06-05 11:44:35.059 [info] > git for-each-ref --sort -committerdate --format %(refname)%00%(objectname)%00%(*objectname) [21ms]
2025-06-05 11:45:13.112 [info] > git config --get commit.template [103ms]
2025-06-05 11:45:13.141 [info] > git for-each-ref --format=%(refname)%00%(upstream:short)%00%(objectname)%00%(upstream:track)%00%(upstream:remotename)%00%(upstream:remoteref) refs/heads/main refs/remotes/main [51ms]
2025-06-05 11:45:13.274 [info] > git status -z -uall [75ms]
2025-06-05 11:45:13.280 [info] > git for-each-ref --sort -committerdate --format %(refname)%00%(objectname)%00%(*objectname) [33ms]
2025-06-05 11:45:14.969 [info] > git ls-files --stage -- src/main.js [9ms]
2025-06-05 11:45:15.005 [info] > git cat-file -s 181a8ce7ede8605e8f03e9129ca4638d8faab92a [14ms]
2025-06-05 11:45:15.037 [info] > git show --textconv :src/main.js [7ms]
2025-06-05 11:49:22.150 [info] > git fetch [248434ms]
2025-06-05 11:49:22.153 [info] fatal: unable to access 'https://github.com/nurmuhammedjoy/project.git/': Recv failure: Connection timed out
2025-06-05 11:49:22.194 [info] > git config --get commit.template [21ms]
2025-06-05 11:49:22.205 [info] > git for-each-ref --format=%(refname)%00%(upstream:short)%00%(objectname)%00%(upstream:track)%00%(upstream:remotename)%00%(upstream:remoteref) refs/heads/main refs/remotes/main [12ms]
2025-06-05 11:49:22.244 [info] > git status -z -uall [18ms]
2025-06-05 11:49:22.256 [info] > git for-each-ref --sort -committerdate --format %(refname)%00%(objectname)%00%(*objectname) [13ms]
2025-06-05 11:49:33.097 [info] > git config --get commit.template [33ms]
2025-06-05 11:49:33.104 [info] > git for-each-ref --format=%(refname)%00%(upstream:short)%00%(objectname)%00%(upstream:track)%00%(upstream:remotename)%00%(upstream:remoteref) refs/heads/main refs/remotes/main [9ms]
2025-06-05 11:49:33.151 [info] > git status -z -uall [23ms]
2025-06-05 11:49:33.165 [info] > git for-each-ref --sort -committerdate --format %(refname)%00%(objectname)%00%(*objectname) [14ms]
2025-06-05 11:50:04.389 [info] > git config --get commit.template [69ms]
2025-06-05 11:50:04.416 [info] > git for-each-ref --format=%(refname)%00%(upstream:short)%00%(objectname)%00%(upstream:track)%00%(upstream:remotename)%00%(upstream:remoteref) refs/heads/main refs/remotes/main [52ms]
2025-06-05 11:50:04.474 [info] > git status -z -uall [32ms]
2025-06-05 11:50:04.487 [info] > git for-each-ref --sort -committerdate --format %(refname)%00%(objectname)%00%(*objectname) [24ms]
2025-06-05 11:50:28.603 [info] > git config --get commit.template [28ms]
2025-06-05 11:50:28.603 [info] > git for-each-ref --format=%(refname)%00%(upstream:short)%00%(objectname)%00%(upstream:track)%00%(upstream:remotename)%00%(upstream:remoteref) refs/heads/main refs/remotes/main [11ms]
2025-06-05 11:50:28.684 [info] > git status -z -uall [30ms]
2025-06-05 11:50:28.742 [info] > git for-each-ref --sort -committerdate --format %(refname)%00%(objectname)%00%(*objectname) [59ms]
2025-06-05 11:52:10.736 [info] > git config --get commit.template [103ms]
2025-06-05 11:52:10.816 [info] > git for-each-ref --format=%(refname)%00%(upstream:short)%00%(objectname)%00%(upstream:track)%00%(upstream:remotename)%00%(upstream:remoteref) refs/heads/main refs/remotes/main [136ms]
2025-06-05 11:52:10.948 [info] > git status -z -uall [65ms]
2025-06-05 11:52:10.997 [info] > git for-each-ref --sort -committerdate --format %(refname)%00%(objectname)%00%(*objectname) [60ms]
2025-06-05 11:52:23.495 [info] > git fetch [1203ms]
2025-06-05 11:52:23.568 [info] > git config --get commit.template [47ms]
2025-06-05 11:52:23.569 [info] > git ls-files --stage -- src/main.js [23ms]
2025-06-05 11:52:23.587 [info] > git for-each-ref --format=%(refname)%00%(upstream:short)%00%(objectname)%00%(upstream:track)%00%(upstream:remotename)%00%(upstream:remoteref) refs/heads/main refs/remotes/main [21ms]
2025-06-05 11:52:23.627 [info] > git status -z -uall [20ms]
2025-06-05 11:52:23.628 [info] > git cat-file -s 181a8ce7ede8605e8f03e9129ca4638d8faab92a [43ms]
2025-06-05 11:52:23.652 [info] > git for-each-ref --sort -committerdate --format %(refname)%00%(objectname)%00%(*objectname) [27ms]
2025-06-05 11:52:23.658 [info] > git show --textconv :src/main.js [8ms]
2025-06-05 11:52:24.728 [info] > git ls-files --stage -- src/main.js [10ms]
2025-06-05 11:52:24.757 [info] > git cat-file -s 181a8ce7ede8605e8f03e9129ca4638d8faab92a [9ms]
2025-06-05 11:52:24.785 [info] > git show --textconv :src/main.js [6ms]
2025-06-05 11:54:49.011 [info] > git config --get commit.template [44ms]
2025-06-05 11:54:49.017 [info] > git for-each-ref --format=%(refname)%00%(upstream:short)%00%(objectname)%00%(upstream:track)%00%(upstream:remotename)%00%(upstream:remoteref) refs/heads/main refs/remotes/main [16ms]
2025-06-05 11:54:49.075 [info] > git status -z -uall [25ms]
2025-06-05 11:54:49.083 [info] > git for-each-ref --sort -committerdate --format %(refname)%00%(objectname)%00%(*objectname) [13ms]
2025-06-05 11:54:54.144 [info] > git config --get commit.template [24ms]
2025-06-05 11:54:54.150 [info] > git for-each-ref --format=%(refname)%00%(upstream:short)%00%(objectname)%00%(upstream:track)%00%(upstream:remotename)%00%(upstream:remoteref) refs/heads/main refs/remotes/main [7ms]
2025-06-05 11:54:54.190 [info] > git status -z -uall [20ms]
2025-06-05 11:54:54.195 [info] > git for-each-ref --sort -committerdate --format %(refname)%00%(objectname)%00%(*objectname) [6ms]
2025-06-05 11:55:07.561 [info] > git config --get commit.template [34ms]
2025-06-05 11:55:07.563 [info] > git for-each-ref --format=%(refname)%00%(upstream:short)%00%(objectname)%00%(upstream:track)%00%(upstream:remotename)%00%(upstream:remoteref) refs/heads/main refs/remotes/main [4ms]
2025-06-05 11:55:07.616 [info] > git status -z -uall [29ms]
2025-06-05 11:55:07.619 [info] > git for-each-ref --sort -committerdate --format %(refname)%00%(objectname)%00%(*objectname) [4ms]
2025-06-05 11:55:25.016 [info] > git ls-files --stage -- src/main.js [14ms]
2025-06-05 11:55:25.050 [info] > git cat-file -s 181a8ce7ede8605e8f03e9129ca4638d8faab92a [8ms]
2025-06-05 11:55:25.084 [info] > git show --textconv :src/main.js [8ms]
2025-06-05 11:55:32.497 [info] > git fetch [8808ms]
2025-06-05 11:55:32.568 [info] > git config --get commit.template [31ms]
2025-06-05 11:55:32.585 [info] > git for-each-ref --format=%(refname)%00%(upstream:short)%00%(objectname)%00%(upstream:track)%00%(upstream:remotename)%00%(upstream:remoteref) refs/heads/main refs/remotes/main [22ms]
2025-06-05 11:55:32.634 [info] > git status -z -uall [25ms]
2025-06-05 11:55:32.640 [info] > git for-each-ref --sort -committerdate --format %(refname)%00%(objectname)%00%(*objectname) [9ms]
2025-06-05 11:55:33.697 [info] > git ls-files --stage -- src/main.js [7ms]
2025-06-05 11:55:33.720 [info] > git cat-file -s 181a8ce7ede8605e8f03e9129ca4638d8faab92a [7ms]
2025-06-05 11:55:33.779 [info] > git show --textconv :src/main.js [20ms]
2025-06-05 11:56:48.620 [info] > git config --get commit.template [84ms]
2025-06-05 11:56:48.623 [info] > git for-each-ref --format=%(refname)%00%(upstream:short)%00%(objectname)%00%(upstream:track)%00%(upstream:remotename)%00%(upstream:remoteref) refs/heads/main refs/remotes/main [60ms]
2025-06-05 11:56:48.669 [info] > git status -z -uall [26ms]
2025-06-05 11:56:48.687 [info] > git for-each-ref --sort -committerdate --format %(refname)%00%(objectname)%00%(*objectname) [25ms]
2025-06-05 11:56:51.484 [info] > git show --textconv :index.html [24ms]
2025-06-05 11:56:51.526 [info] > git ls-files --stage -- index.html [45ms]
2025-06-05 11:56:51.563 [info] > git cat-file -s 751137ea27fb95a8c64106716228ff31fe8fae15 [6ms]
2025-06-05 11:56:51.722 [info] > git blame --root --incremental 0c7f98d6c27ca993238bcf1c27dbfd2d6fd62a85 -- index.html [114ms]
2025-06-05 11:56:54.242 [info] > git config --get commit.template [28ms]
2025-06-05 11:56:54.250 [info] > git for-each-ref --format=%(refname)%00%(upstream:short)%00%(objectname)%00%(upstream:track)%00%(upstream:remotename)%00%(upstream:remoteref) refs/heads/main refs/remotes/main [11ms]
2025-06-05 11:56:54.307 [info] > git status -z -uall [24ms]
2025-06-05 11:56:54.314 [info] > git for-each-ref --sort -committerdate --format %(refname)%00%(objectname)%00%(*objectname) [8ms]
2025-06-05 11:56:55.213 [info] > git show --textconv :src/main.js [29ms]
2025-06-05 11:56:55.217 [info] > git ls-files --stage -- src/main.js [9ms]
2025-06-05 11:56:55.247 [info] > git cat-file -s 181a8ce7ede8605e8f03e9129ca4638d8faab92a [7ms]
2025-06-05 11:56:57.682 [info] > git show --textconv :src/main.js [40ms]
2025-06-05 11:56:57.701 [info] > git ls-files --stage -- src/main.js [20ms]
2025-06-05 11:56:57.734 [info] > git cat-file -s 181a8ce7ede8605e8f03e9129ca4638d8faab92a [12ms]
2025-06-05 11:57:10.251 [info] > git config --get commit.template [32ms]
2025-06-05 11:57:10.253 [info] > git for-each-ref --format=%(refname)%00%(upstream:short)%00%(objectname)%00%(upstream:track)%00%(upstream:remotename)%00%(upstream:remoteref) refs/heads/main refs/remotes/main [9ms]
2025-06-05 11:57:10.297 [info] > git status -z -uall [27ms]
2025-06-05 11:57:10.302 [info] > git for-each-ref --sort -committerdate --format %(refname)%00%(objectname)%00%(*objectname) [7ms]
2025-06-05 11:57:58.360 [info] > git config --get commit.template [29ms]
2025-06-05 11:57:58.365 [info] > git for-each-ref --format=%(refname)%00%(upstream:short)%00%(objectname)%00%(upstream:track)%00%(upstream:remotename)%00%(upstream:remoteref) refs/heads/main refs/remotes/main [7ms]
2025-06-05 11:57:58.412 [info] > git status -z -uall [24ms]
2025-06-05 11:57:58.419 [info] > git for-each-ref --sort -committerdate --format %(refname)%00%(objectname)%00%(*objectname) [8ms]
2025-06-05 11:58:12.131 [info] > git config --get commit.template [27ms]
2025-06-05 11:58:12.136 [info] > git for-each-ref --format=%(refname)%00%(upstream:short)%00%(objectname)%00%(upstream:track)%00%(upstream:remotename)%00%(upstream:remoteref) refs/heads/main refs/remotes/main [9ms]
2025-06-05 11:58:12.174 [info] > git status -z -uall [18ms]
2025-06-05 11:58:12.180 [info] > git for-each-ref --sort -committerdate --format %(refname)%00%(objectname)%00%(*objectname) [7ms]
2025-06-05 11:58:34.036 [info] > git ls-files --stage -- src/main.js [22ms]
2025-06-05 11:58:34.080 [info] > git cat-file -s 181a8ce7ede8605e8f03e9129ca4638d8faab92a [13ms]
2025-06-05 11:58:34.115 [info] > git show --textconv :src/main.js [12ms]
2025-06-05 11:58:34.145 [info] > git fetch [1451ms]
2025-06-05 11:58:34.205 [info] > git config --get commit.template [26ms]
2025-06-05 11:58:34.208 [info] > git for-each-ref --format=%(refname)%00%(upstream:short)%00%(objectname)%00%(upstream:track)%00%(upstream:remotename)%00%(upstream:remoteref) refs/heads/main refs/remotes/main [7ms]
2025-06-05 11:58:34.258 [info] > git status -z -uall [21ms]
2025-06-05 11:58:34.265 [info] > git for-each-ref --sort -committerdate --format %(refname)%00%(objectname)%00%(*objectname) [11ms]
2025-06-05 11:58:35.365 [info] > git ls-files --stage -- src/main.js [17ms]
2025-06-05 11:58:35.401 [info] > git cat-file -s 181a8ce7ede8605e8f03e9129ca4638d8faab92a [10ms]
2025-06-05 11:58:35.434 [info] > git show --textconv :src/main.js [13ms]
2025-06-05 11:59:55.175 [info] > git config --get commit.template [23ms]
2025-06-05 11:59:55.177 [info] > git for-each-ref --format=%(refname)%00%(upstream:short)%00%(objectname)%00%(upstream:track)%00%(upstream:remotename)%00%(upstream:remoteref) refs/heads/main refs/remotes/main [9ms]
2025-06-05 11:59:55.217 [info] > git status -z -uall [21ms]
2025-06-05 11:59:55.244 [info] > git for-each-ref --sort -committerdate --format %(refname)%00%(objectname)%00%(*objectname) [28ms]
2025-06-05 11:59:55.255 [info] > git ls-files --stage -- src/main.js [13ms]
2025-06-05 11:59:55.278 [info] > git cat-file -s 862b4a3887fb64f4a2718542e1374af5e888862d [5ms]
2025-06-05 11:59:55.325 [info] > git show --textconv :src/main.js [6ms]
2025-06-05 11:59:55.626 [info] > git show --textconv HEAD:src/main.js [31ms]
2025-06-05 11:59:55.635 [info] > git ls-tree -l HEAD -- src/main.js [10ms]
2025-06-05 12:01:35.392 [info] > git fetch [1061ms]
2025-06-05 12:01:35.440 [info] > git config --get commit.template [27ms]
2025-06-05 12:01:35.444 [info] > git for-each-ref --format=%(refname)%00%(upstream:short)%00%(objectname)%00%(upstream:track)%00%(upstream:remotename)%00%(upstream:remoteref) refs/heads/main refs/remotes/main [9ms]
2025-06-05 12:01:35.492 [info] > git status -z -uall [23ms]
2025-06-05 12:01:35.496 [info] > git for-each-ref --sort -committerdate --format %(refname)%00%(objectname)%00%(*objectname) [10ms]
2025-06-05 12:01:36.614 [info] > git ls-files --stage -- src/main.js [29ms]
2025-06-05 12:01:36.635 [info] > git ls-tree -l HEAD -- src/main.js [22ms]
2025-06-05 12:01:36.656 [info] > git cat-file -s 862b4a3887fb64f4a2718542e1374af5e888862d [23ms]
2025-06-05 12:01:36.677 [info] > git show --textconv HEAD:src/main.js [22ms]
2025-06-05 12:01:36.695 [info] > git show --textconv :src/main.js [17ms]
2025-06-05 12:04:22.496 [info] > git add -A -- src/main.js [23ms]
2025-06-05 12:04:22.549 [info] > git config --get commit.template [24ms]
2025-06-05 12:04:22.555 [info] > git for-each-ref --format=%(refname)%00%(upstream:short)%00%(objectname)%00%(upstream:track)%00%(upstream:remotename)%00%(upstream:remoteref) refs/heads/main refs/remotes/main [8ms]
2025-06-05 12:04:22.603 [info] > git status -z -uall [27ms]
2025-06-05 12:04:22.611 [info] > git for-each-ref --sort -committerdate --format %(refname)%00%(objectname)%00%(*objectname) [10ms]
2025-06-05 12:04:22.683 [info] > git -c user.useConfigOnly=true commit --quiet --allow-empty-message --file - [36ms]
2025-06-05 12:04:22.719 [info] > git config --get commit.template [10ms]
2025-06-05 12:04:22.772 [info] > git config --get commit.template [27ms]
2025-06-05 12:04:22.780 [info] > git for-each-ref --format=%(refname)%00%(upstream:short)%00%(objectname)%00%(upstream:track)%00%(upstream:remotename)%00%(upstream:remoteref) refs/heads/main refs/remotes/main [9ms]
2025-06-05 12:04:22.825 [info] > git status -z -uall [28ms]
2025-06-05 12:04:22.834 [info] > git for-each-ref --sort -committerdate --format %(refname)%00%(objectname)%00%(*objectname) [11ms]
2025-06-05 12:04:22.938 [info] > git merge-base refs/heads/main refs/remotes/origin/main [36ms]
2025-06-05 12:04:23.001 [info] > git diff --name-status -z --diff-filter=ADMR 0c7f98d6c27ca993238bcf1c27dbfd2d6fd62a85...refs/remotes/origin/main [26ms]
2025-06-05 12:04:23.022 [info] > git blame --root --incremental 48a5596f36ef3f872bcaa96463c3fac9d10fc7e7 -- src/main.js [156ms]
2025-06-05 12:04:23.192 [info] > git config --get commit.template [28ms]
2025-06-05 12:04:23.212 [info] > git for-each-ref --format=%(refname)%00%(upstream:short)%00%(objectname)%00%(upstream:track)%00%(upstream:remotename)%00%(upstream:remoteref) refs/heads/main refs/remotes/main [21ms]
2025-06-05 12:04:23.265 [info] > git status -z -uall [25ms]
2025-06-05 12:04:23.276 [info] > git for-each-ref --sort -committerdate --format %(refname)%00%(objectname)%00%(*objectname) [13ms]
2025-06-05 12:04:24.091 [info] > git ls-files --stage -- src/main.js [4ms]
2025-06-05 12:04:24.119 [info] > git cat-file -s 1fda22fc1e1b3779fc596eebe23aebfecc766271 [6ms]
2025-06-05 12:04:24.146 [info] > git show --textconv :src/main.js [6ms]
2025-06-05 12:04:30.034 [info] > git log --oneline --cherry main...main@{upstream} -- [8ms]
2025-06-05 12:04:31.325 [info] > git ls-files --stage -- src/main.js [17ms]
2025-06-05 12:04:31.356 [info] > git cat-file -s 1fda22fc1e1b3779fc596eebe23aebfecc766271 [6ms]
2025-06-05 12:04:31.393 [info] > git show --textconv :src/main.js [9ms]
2025-06-05 12:04:32.580 [info] > git pull --tags origin main [2516ms]
2025-06-05 12:04:32.580 [info] From https://github.com/nurmuhammedjoy/project
 * branch            main       -> FETCH_HEAD
2025-06-05 12:04:33.861 [info] > git ls-files --stage -- src/main.js [14ms]
2025-06-05 12:04:33.898 [info] > git cat-file -s 1fda22fc1e1b3779fc596eebe23aebfecc766271 [7ms]
2025-06-05 12:04:33.934 [info] > git show --textconv :src/main.js [8ms]
2025-06-05 12:04:47.668 [info] > git push origin main:main [15057ms]
2025-06-05 12:04:47.668 [info] To https://github.com/nurmuhammedjoy/project.git
   0c7f98d..48a5596  main -> main
2025-06-05 12:04:47.724 [info] > git config --get commit.template [32ms]
2025-06-05 12:04:47.727 [info] > git for-each-ref --format=%(refname)%00%(upstream:short)%00%(objectname)%00%(upstream:track)%00%(upstream:remotename)%00%(upstream:remoteref) refs/heads/main refs/remotes/main [4ms]
2025-06-05 12:04:47.779 [info] > git status -z -uall [29ms]
2025-06-05 12:04:47.791 [info] > git for-each-ref --sort -committerdate --format %(refname)%00%(objectname)%00%(*objectname) [16ms]
2025-06-05 12:04:47.860 [info] > git merge-base refs/heads/main refs/remotes/origin/main [27ms]
2025-06-05 12:04:47.905 [info] > git diff --name-status -z --diff-filter=ADMR 48a5596f36ef3f872bcaa96463c3fac9d10fc7e7...refs/remotes/origin/main [19ms]
2025-06-05 12:04:49.203 [info] > git ls-files --stage -- src/main.js [14ms]
2025-06-05 12:04:49.227 [info] > git cat-file -s 1fda22fc1e1b3779fc596eebe23aebfecc766271 [7ms]
2025-06-05 12:04:49.258 [info] > git show --textconv :src/main.js [7ms]
2025-06-05 12:04:54.848 [info] > git fetch [6994ms]
2025-06-05 12:04:54.895 [info] > git config --get commit.template [23ms]
2025-06-05 12:04:54.901 [info] > git for-each-ref --format=%(refname)%00%(upstream:short)%00%(objectname)%00%(upstream:track)%00%(upstream:remotename)%00%(upstream:remoteref) refs/heads/main refs/remotes/main [7ms]
2025-06-05 12:04:54.945 [info] > git status -z -uall [20ms]
2025-06-05 12:04:54.952 [info] > git for-each-ref --sort -committerdate --format %(refname)%00%(objectname)%00%(*objectname) [9ms]
2025-06-05 12:04:56.093 [info] > git ls-files --stage -- src/main.js [7ms]
2025-06-05 12:04:56.120 [info] > git cat-file -s 1fda22fc1e1b3779fc596eebe23aebfecc766271 [8ms]
2025-06-05 12:04:56.148 [info] > git show --textconv :src/main.js [5ms]
