2025-06-04 17:18:08.117 [info] [main] Log level: Info
2025-06-04 17:18:08.117 [info] [main] Validating found git in: "git"
2025-06-04 17:18:08.117 [info] [main] Using git "2.49.0" from "git"
2025-06-04 17:18:08.117 [info] [Model][doInitialScan] Initial repository scan started
2025-06-04 17:18:08.117 [info] > git rev-parse --show-toplevel [33ms]
2025-06-04 17:18:08.119 [info] > git rev-parse --git-dir --git-common-dir [14ms]
2025-06-04 17:18:08.197 [info] [Model][openRepository] Opened repository (path): /data/data/com.termux/files/home/project
2025-06-04 17:18:08.197 [info] [Model][openRepository] Opened repository (real path): /data/data/com.termux/files/home/project
2025-06-04 17:18:08.766 [info] > git rev-parse --show-toplevel [494ms]
2025-06-04 17:18:08.768 [info] > git config --get commit.template [536ms]
2025-06-04 17:18:09.030 [info] > git rev-parse --show-toplevel [116ms]
2025-06-04 17:18:09.062 [info] > git for-each-ref --format=%(refname)%00%(upstream:short)%00%(objectname)%00%(upstream:track)%00%(upstream:remotename)%00%(upstream:remoteref) refs/heads/main refs/remotes/main [67ms]
2025-06-04 17:18:09.074 [info] > git rev-parse --show-toplevel [13ms]
2025-06-04 17:18:09.306 [info] > git status -z -uall [176ms]
2025-06-04 17:18:09.306 [info] > git check-ignore -v -z --stdin [43ms]
2025-06-04 17:18:09.310 [info] > git rev-parse --show-toplevel [85ms]
2025-06-04 17:18:09.311 [info] [Model][doInitialScan] Initial repository scan completed - repositories (1), closed repositories (0), parent repositories (0), unsafe repositories (0)
2025-06-04 17:18:09.348 [info] > git for-each-ref --sort -committerdate --format %(refname)%00%(objectname)%00%(*objectname) [161ms]
2025-06-04 17:18:09.497 [info] > git show --textconv :src/main.js [168ms]
2025-06-04 17:18:09.498 [info] > git for-each-ref --format=%(refname)%00%(upstream:short)%00%(objectname)%00%(upstream:track)%00%(upstream:remotename)%00%(upstream:remoteref) refs/heads/main refs/remotes/main [53ms]
2025-06-04 17:18:09.535 [info] > git ls-files --stage -- src/main.js [189ms]
2025-06-04 17:18:09.569 [info] > git config --get --local branch.main.vscode-merge-base [34ms]
2025-06-04 17:18:09.596 [info] > git config --get commit.template [98ms]
2025-06-04 17:18:09.624 [info] > git for-each-ref --format=%(refname)%00%(upstream:short)%00%(objectname)%00%(upstream:track)%00%(upstream:remotename)%00%(upstream:remoteref) refs/heads/origin/main refs/remotes/origin/main [32ms]
2025-06-04 17:18:09.656 [info] > git cat-file -s 93fa279ba164096f733379502a4c7f7de6b3fb60 [98ms]
2025-06-04 17:18:09.686 [info] > git merge-base refs/heads/main refs/remotes/origin/main [32ms]
2025-06-04 17:18:09.733 [info] > git for-each-ref --format=%(refname)%00%(upstream:short)%00%(objectname)%00%(upstream:track)%00%(upstream:remotename)%00%(upstream:remoteref) refs/heads/main refs/remotes/main [51ms]
2025-06-04 17:18:09.824 [info] > git diff --name-status -z --diff-filter=ADMR 3b854ea79a220c0bc3ace30238f26b0696db95c1...refs/remotes/origin/main [97ms]
2025-06-04 17:18:09.896 [info] > git status -z -uall [35ms]
2025-06-04 17:18:09.897 [info] > git for-each-ref --sort -committerdate --format %(refname)%00%(objectname)%00%(*objectname) [18ms]
2025-06-04 17:18:10.115 [info] > git blame --root --incremental 3c735204f3ba2f744d78421101975360b926c311 -- src/main.js [178ms]
2025-06-04 17:18:11.620 [info] > git fetch [3424ms]
2025-06-04 17:18:11.806 [info] > git for-each-ref --format=%(refname)%00%(upstream:short)%00%(objectname)%00%(upstream:track)%00%(upstream:remotename)%00%(upstream:remoteref) refs/heads/main refs/remotes/main [102ms]
2025-06-04 17:18:11.808 [info] > git config --get commit.template [153ms]
2025-06-04 17:18:11.952 [info] > git status -z -uall [80ms]
2025-06-04 17:18:12.007 [info] > git for-each-ref --sort -committerdate --format %(refname)%00%(objectname)%00%(*objectname) [101ms]
2025-06-04 17:18:22.910 [info] > git config --get commit.template [17ms]
2025-06-04 17:18:22.977 [info] > git for-each-ref --format=%(refname)%00%(upstream:short)%00%(objectname)%00%(upstream:track)%00%(upstream:remotename)%00%(upstream:remoteref) refs/heads/main refs/remotes/main [23ms]
2025-06-04 17:18:23.049 [info] > git status -z -uall [42ms]
2025-06-04 17:18:23.052 [info] > git for-each-ref --sort -committerdate --format %(refname)%00%(objectname)%00%(*objectname) [22ms]
2025-06-04 17:21:13.334 [info] > git ls-files --stage -- src/main.js [17ms]
2025-06-04 17:21:13.386 [info] > git cat-file -s 93fa279ba164096f733379502a4c7f7de6b3fb60 [27ms]
2025-06-04 17:21:13.431 [info] > git show --textconv :src/main.js [7ms]
2025-06-04 17:21:18.478 [info] > git fetch [6441ms]
2025-06-04 17:21:18.520 [info] > git config --get commit.template [21ms]
2025-06-04 17:21:18.526 [info] > git for-each-ref --format=%(refname)%00%(upstream:short)%00%(objectname)%00%(upstream:track)%00%(upstream:remotename)%00%(upstream:remoteref) refs/heads/main refs/remotes/main [8ms]
2025-06-04 17:21:18.580 [info] > git status -z -uall [28ms]
2025-06-04 17:21:18.585 [info] > git for-each-ref --sort -committerdate --format %(refname)%00%(objectname)%00%(*objectname) [8ms]
2025-06-04 17:21:19.722 [info] > git ls-files --stage -- src/main.js [5ms]
2025-06-04 17:21:19.753 [info] > git cat-file -s 93fa279ba164096f733379502a4c7f7de6b3fb60 [7ms]
2025-06-04 17:21:19.788 [info] > git show --textconv :src/main.js [4ms]
2025-06-04 17:21:20.624 [info] > git config --get commit.template [26ms]
2025-06-04 17:21:20.631 [info] > git for-each-ref --format=%(refname)%00%(upstream:short)%00%(objectname)%00%(upstream:track)%00%(upstream:remotename)%00%(upstream:remoteref) refs/heads/main refs/remotes/main [10ms]
2025-06-04 17:21:20.679 [info] > git status -z -uall [23ms]
2025-06-04 17:21:20.685 [info] > git for-each-ref --sort -committerdate --format %(refname)%00%(objectname)%00%(*objectname) [8ms]
2025-06-04 17:21:35.561 [info] > git config --get commit.template [32ms]
2025-06-04 17:21:35.566 [info] > git for-each-ref --format=%(refname)%00%(upstream:short)%00%(objectname)%00%(upstream:track)%00%(upstream:remotename)%00%(upstream:remoteref) refs/heads/main refs/remotes/main [8ms]
2025-06-04 17:21:35.626 [info] > git status -z -uall [19ms]
2025-06-04 17:21:35.632 [info] > git for-each-ref --sort -committerdate --format %(refname)%00%(objectname)%00%(*objectname) [8ms]
2025-06-04 17:23:09.750 [info] > git config --get commit.template [45ms]
2025-06-04 17:23:09.761 [info] > git for-each-ref --format=%(refname)%00%(upstream:short)%00%(objectname)%00%(upstream:track)%00%(upstream:remotename)%00%(upstream:remoteref) refs/heads/main refs/remotes/main [32ms]
2025-06-04 17:23:09.803 [info] > git status -z -uall [21ms]
2025-06-04 17:23:09.819 [info] > git for-each-ref --sort -committerdate --format %(refname)%00%(objectname)%00%(*objectname) [18ms]
2025-06-04 17:23:14.884 [info] > git config --get commit.template [26ms]
2025-06-04 17:23:14.890 [info] > git for-each-ref --format=%(refname)%00%(upstream:short)%00%(objectname)%00%(upstream:track)%00%(upstream:remotename)%00%(upstream:remoteref) refs/heads/main refs/remotes/main [7ms]
2025-06-04 17:23:14.969 [info] > git status -z -uall [51ms]
2025-06-04 17:23:14.987 [info] > git for-each-ref --sort -committerdate --format %(refname)%00%(objectname)%00%(*objectname) [32ms]
2025-06-04 17:24:19.970 [info] > git ls-files --stage -- src/main.js [13ms]
2025-06-04 17:24:20.014 [info] > git cat-file -s 93fa279ba164096f733379502a4c7f7de6b3fb60 [12ms]
2025-06-04 17:24:20.049 [info] > git show --textconv :src/main.js [5ms]
2025-06-04 17:24:21.353 [info] > git fetch [2708ms]
2025-06-04 17:24:21.400 [info] > git config --get commit.template [20ms]
2025-06-04 17:24:21.411 [info] > git for-each-ref --format=%(refname)%00%(upstream:short)%00%(objectname)%00%(upstream:track)%00%(upstream:remotename)%00%(upstream:remoteref) refs/heads/main refs/remotes/main [13ms]
2025-06-04 17:24:21.464 [info] > git status -z -uall [30ms]
2025-06-04 17:24:21.469 [info] > git for-each-ref --sort -committerdate --format %(refname)%00%(objectname)%00%(*objectname) [8ms]
2025-06-04 17:24:22.621 [info] > git ls-files --stage -- src/main.js [10ms]
2025-06-04 17:24:22.652 [info] > git cat-file -s 93fa279ba164096f733379502a4c7f7de6b3fb60 [12ms]
2025-06-04 17:24:22.687 [info] > git show --textconv :src/main.js [9ms]
2025-06-04 17:25:40.214 [info] > git config --get commit.template [26ms]
2025-06-04 17:25:40.220 [info] > git for-each-ref --format=%(refname)%00%(upstream:short)%00%(objectname)%00%(upstream:track)%00%(upstream:remotename)%00%(upstream:remoteref) refs/heads/main refs/remotes/main [9ms]
2025-06-04 17:25:40.265 [info] > git status -z -uall [25ms]
2025-06-04 17:25:40.270 [info] > git for-each-ref --sort -committerdate --format %(refname)%00%(objectname)%00%(*objectname) [7ms]
2025-06-04 17:25:45.341 [info] > git config --get commit.template [25ms]
2025-06-04 17:25:45.347 [info] > git for-each-ref --format=%(refname)%00%(upstream:short)%00%(objectname)%00%(upstream:track)%00%(upstream:remotename)%00%(upstream:remoteref) refs/heads/main refs/remotes/main [7ms]
2025-06-04 17:25:45.399 [info] > git status -z -uall [25ms]
2025-06-04 17:25:45.405 [info] > git for-each-ref --sort -committerdate --format %(refname)%00%(objectname)%00%(*objectname) [7ms]
2025-06-04 17:25:54.135 [info] > git config --get commit.template [9ms]
2025-06-04 17:25:54.164 [info] > git for-each-ref --format=%(refname)%00%(upstream:short)%00%(objectname)%00%(upstream:track)%00%(upstream:remotename)%00%(upstream:remoteref) refs/heads/main refs/remotes/main [9ms]
2025-06-04 17:25:54.211 [info] > git status -z -uall [25ms]
2025-06-04 17:25:54.219 [info] > git for-each-ref --sort -committerdate --format %(refname)%00%(objectname)%00%(*objectname) [9ms]
2025-06-04 17:26:23.758 [info] > git config --get commit.template [34ms]
2025-06-04 17:26:23.766 [info] > git for-each-ref --format=%(refname)%00%(upstream:short)%00%(objectname)%00%(upstream:track)%00%(upstream:remotename)%00%(upstream:remoteref) refs/heads/main refs/remotes/main [11ms]
2025-06-04 17:26:23.824 [info] > git status -z -uall [30ms]
2025-06-04 17:26:23.824 [info] > git for-each-ref --sort -committerdate --format %(refname)%00%(objectname)%00%(*objectname) [10ms]
2025-06-04 17:27:22.827 [info] > git ls-files --stage -- src/main.js [11ms]
2025-06-04 17:27:22.873 [info] > git cat-file -s 93fa279ba164096f733379502a4c7f7de6b3fb60 [15ms]
2025-06-04 17:27:22.919 [info] > git show --textconv :src/main.js [9ms]
2025-06-04 17:27:23.301 [info] > git fetch [1784ms]
2025-06-04 17:27:23.353 [info] > git config --get commit.template [26ms]
2025-06-04 17:27:23.362 [info] > git for-each-ref --format=%(refname)%00%(upstream:short)%00%(objectname)%00%(upstream:track)%00%(upstream:remotename)%00%(upstream:remoteref) refs/heads/main refs/remotes/main [11ms]
2025-06-04 17:27:23.411 [info] > git status -z -uall [24ms]
2025-06-04 17:27:23.416 [info] > git for-each-ref --sort -committerdate --format %(refname)%00%(objectname)%00%(*objectname) [7ms]
2025-06-04 17:27:24.516 [info] > git ls-files --stage -- src/main.js [10ms]
2025-06-04 17:27:24.548 [info] > git cat-file -s 93fa279ba164096f733379502a4c7f7de6b3fb60 [7ms]
2025-06-04 17:27:24.579 [info] > git show --textconv :src/main.js [9ms]
2025-06-04 17:27:28.962 [info] > git config --get commit.template [32ms]
2025-06-04 17:27:28.967 [info] > git for-each-ref --format=%(refname)%00%(upstream:short)%00%(objectname)%00%(upstream:track)%00%(upstream:remotename)%00%(upstream:remoteref) refs/heads/main refs/remotes/main [7ms]
2025-06-04 17:27:29.016 [info] > git status -z -uall [26ms]
2025-06-04 17:27:29.020 [info] > git for-each-ref --sort -committerdate --format %(refname)%00%(objectname)%00%(*objectname) [5ms]
2025-06-04 17:27:34.091 [info] > git config --get commit.template [28ms]
2025-06-04 17:27:34.096 [info] > git for-each-ref --format=%(refname)%00%(upstream:short)%00%(objectname)%00%(upstream:track)%00%(upstream:remotename)%00%(upstream:remoteref) refs/heads/main refs/remotes/main [8ms]
2025-06-04 17:27:34.146 [info] > git status -z -uall [31ms]
2025-06-04 17:27:34.151 [info] > git for-each-ref --sort -committerdate --format %(refname)%00%(objectname)%00%(*objectname) [7ms]
2025-06-04 17:29:34.072 [info] > git config --get commit.template [78ms]
2025-06-04 17:29:34.087 [info] > git for-each-ref --format=%(refname)%00%(upstream:short)%00%(objectname)%00%(upstream:track)%00%(upstream:remotename)%00%(upstream:remoteref) refs/heads/main refs/remotes/main [72ms]
2025-06-04 17:29:34.144 [info] > git status -z -uall [27ms]
2025-06-04 17:29:34.154 [info] > git for-each-ref --sort -committerdate --format %(refname)%00%(objectname)%00%(*objectname) [16ms]
2025-06-04 17:29:40.450 [info] > git config --get commit.template [36ms]
2025-06-04 17:29:40.455 [info] > git for-each-ref --format=%(refname)%00%(upstream:short)%00%(objectname)%00%(upstream:track)%00%(upstream:remotename)%00%(upstream:remoteref) refs/heads/main refs/remotes/main [7ms]
2025-06-04 17:29:40.504 [info] > git status -z -uall [22ms]
2025-06-04 17:29:40.511 [info] > git for-each-ref --sort -committerdate --format %(refname)%00%(objectname)%00%(*objectname) [8ms]
2025-06-04 17:30:24.706 [info] > git ls-files --stage -- src/main.js [8ms]
2025-06-04 17:30:24.734 [info] > git cat-file -s 93fa279ba164096f733379502a4c7f7de6b3fb60 [8ms]
2025-06-04 17:30:24.768 [info] > git show --textconv :src/main.js [6ms]
2025-06-04 17:30:29.774 [info] > git fetch [6318ms]
2025-06-04 17:30:29.801 [info] > git config --get commit.template [2ms]
2025-06-04 17:30:29.828 [info] > git for-each-ref --format=%(refname)%00%(upstream:short)%00%(objectname)%00%(upstream:track)%00%(upstream:remotename)%00%(upstream:remoteref) refs/heads/main refs/remotes/main [8ms]
2025-06-04 17:30:29.870 [info] > git status -z -uall [22ms]
2025-06-04 17:30:29.874 [info] > git for-each-ref --sort -committerdate --format %(refname)%00%(objectname)%00%(*objectname) [6ms]
2025-06-04 17:30:31.017 [info] > git ls-files --stage -- src/main.js [5ms]
2025-06-04 17:30:31.046 [info] > git cat-file -s 93fa279ba164096f733379502a4c7f7de6b3fb60 [7ms]
2025-06-04 17:30:31.081 [info] > git show --textconv :src/main.js [9ms]
2025-06-04 17:31:17.216 [info] > git config --get commit.template [47ms]
2025-06-04 17:31:17.225 [info] > git for-each-ref --format=%(refname)%00%(upstream:short)%00%(objectname)%00%(upstream:track)%00%(upstream:remotename)%00%(upstream:remoteref) refs/heads/main refs/remotes/main [29ms]
2025-06-04 17:31:17.297 [info] > git status -z -uall [41ms]
2025-06-04 17:31:17.310 [info] > git for-each-ref --sort -committerdate --format %(refname)%00%(objectname)%00%(*objectname) [16ms]
2025-06-04 17:32:13.245 [info] > git config --get commit.template [115ms]
2025-06-04 17:32:13.331 [info] > git for-each-ref --format=%(refname)%00%(upstream:short)%00%(objectname)%00%(upstream:track)%00%(upstream:remotename)%00%(upstream:remoteref) refs/heads/main refs/remotes/main [119ms]
2025-06-04 17:32:13.433 [info] > git status -z -uall [53ms]
2025-06-04 17:32:13.464 [info] > git for-each-ref --sort -committerdate --format %(refname)%00%(objectname)%00%(*objectname) [41ms]
2025-06-04 17:33:31.223 [info] > git ls-files --stage -- src/main.js [8ms]
2025-06-04 17:33:31.274 [info] > git cat-file -s 93fa279ba164096f733379502a4c7f7de6b3fb60 [11ms]
2025-06-04 17:33:31.309 [info] > git show --textconv :src/main.js [6ms]
2025-06-04 17:33:36.205 [info] > git fetch [6253ms]
2025-06-04 17:33:36.250 [info] > git config --get commit.template [25ms]
2025-06-04 17:33:36.254 [info] > git for-each-ref --format=%(refname)%00%(upstream:short)%00%(objectname)%00%(upstream:track)%00%(upstream:remotename)%00%(upstream:remoteref) refs/heads/main refs/remotes/main [7ms]
2025-06-04 17:33:36.310 [info] > git status -z -uall [22ms]
2025-06-04 17:33:36.313 [info] > git for-each-ref --sort -committerdate --format %(refname)%00%(objectname)%00%(*objectname) [5ms]
2025-06-04 17:33:37.517 [info] > git ls-files --stage -- src/main.js [21ms]
2025-06-04 17:33:37.559 [info] > git cat-file -s 93fa279ba164096f733379502a4c7f7de6b3fb60 [10ms]
2025-06-04 17:33:37.594 [info] > git show --textconv :src/main.js [7ms]
2025-06-04 17:36:37.690 [info] > git ls-files --stage -- src/main.js [14ms]
2025-06-04 17:36:37.721 [info] > git cat-file -s 93fa279ba164096f733379502a4c7f7de6b3fb60 [9ms]
2025-06-04 17:36:37.765 [info] > git show --textconv :src/main.js [2ms]
2025-06-04 17:36:38.403 [info] > git fetch [2002ms]
2025-06-04 17:36:38.470 [info] > git config --get commit.template [35ms]
2025-06-04 17:36:38.474 [info] > git for-each-ref --format=%(refname)%00%(upstream:short)%00%(objectname)%00%(upstream:track)%00%(upstream:remotename)%00%(upstream:remoteref) refs/heads/main refs/remotes/main [11ms]
2025-06-04 17:36:38.533 [info] > git status -z -uall [29ms]
2025-06-04 17:36:38.539 [info] > git for-each-ref --sort -committerdate --format %(refname)%00%(objectname)%00%(*objectname) [7ms]
2025-06-04 17:36:39.627 [info] > git ls-files --stage -- src/main.js [11ms]
2025-06-04 17:36:39.660 [info] > git cat-file -s 93fa279ba164096f733379502a4c7f7de6b3fb60 [7ms]
2025-06-04 17:36:39.694 [info] > git show --textconv :src/main.js [6ms]
2025-06-04 17:39:39.917 [info] > git ls-files --stage -- src/main.js [14ms]
2025-06-04 17:39:39.950 [info] > git cat-file -s 93fa279ba164096f733379502a4c7f7de6b3fb60 [7ms]
2025-06-04 17:39:39.980 [info] > git show --textconv :src/main.js [5ms]
2025-06-04 17:39:39.998 [info] > git fetch [1386ms]
2025-06-04 17:39:40.054 [info] > git config --get commit.template [23ms]
2025-06-04 17:39:40.057 [info] > git for-each-ref --format=%(refname)%00%(upstream:short)%00%(objectname)%00%(upstream:track)%00%(upstream:remotename)%00%(upstream:remoteref) refs/heads/main refs/remotes/main [6ms]
2025-06-04 17:39:40.111 [info] > git status -z -uall [28ms]
2025-06-04 17:39:40.115 [info] > git for-each-ref --sort -committerdate --format %(refname)%00%(objectname)%00%(*objectname) [8ms]
2025-06-04 17:39:41.254 [info] > git ls-files --stage -- src/main.js [7ms]
2025-06-04 17:39:41.281 [info] > git cat-file -s 93fa279ba164096f733379502a4c7f7de6b3fb60 [2ms]
2025-06-04 17:39:41.317 [info] > git show --textconv :src/main.js [7ms]
2025-06-04 17:40:10.335 [info] > git show --textconv :src/main.js [35ms]
2025-06-04 17:40:10.338 [info] > git ls-files --stage -- src/main.js [7ms]
2025-06-04 17:40:10.373 [info] > git cat-file -s 93fa279ba164096f733379502a4c7f7de6b3fb60 [12ms]
2025-06-04 17:40:20.947 [info] > git add -A -- texture/mars_1k_color.jpg [4ms]
2025-06-04 17:40:20.999 [info] > git config --get commit.template [26ms]
2025-06-04 17:40:21.005 [info] > git for-each-ref --format=%(refname)%00%(upstream:short)%00%(objectname)%00%(upstream:track)%00%(upstream:remotename)%00%(upstream:remoteref) refs/heads/main refs/remotes/main [7ms]
2025-06-04 17:40:21.058 [info] > git status -z -uall [25ms]
2025-06-04 17:40:21.062 [info] > git for-each-ref --sort -committerdate --format %(refname)%00%(objectname)%00%(*objectname) [8ms]
2025-06-04 17:40:22.218 [info] > git ls-files --stage -- src/main.js [6ms]
2025-06-04 17:40:22.244 [info] > git cat-file -s 93fa279ba164096f733379502a4c7f7de6b3fb60 [6ms]
2025-06-04 17:40:22.274 [info] > git show --textconv :src/main.js [8ms]
2025-06-04 17:40:23.100 [info] > git add -A -- src/main.js [12ms]
2025-06-04 17:40:23.125 [info] > git config --get commit.template [4ms]
2025-06-04 17:40:23.149 [info] > git for-each-ref --format=%(refname)%00%(upstream:short)%00%(objectname)%00%(upstream:track)%00%(upstream:remotename)%00%(upstream:remoteref) refs/heads/main refs/remotes/main [5ms]
2025-06-04 17:40:23.189 [info] > git status -z -uall [21ms]
2025-06-04 17:40:23.193 [info] > git for-each-ref --sort -committerdate --format %(refname)%00%(objectname)%00%(*objectname) [6ms]
2025-06-04 17:40:23.566 [info] > git show --textconv HEAD:src/main.js [26ms]
2025-06-04 17:40:23.582 [info] > git ls-tree -l HEAD -- src/main.js [18ms]
2025-06-04 17:40:24.349 [info] > git ls-files --stage -- src/main.js [21ms]
2025-06-04 17:40:24.371 [info] > git ls-tree -l HEAD -- src/main.js [24ms]
2025-06-04 17:40:24.397 [info] > git cat-file -s 38d7d1d57cb76593fdb369481a32d5b8485632c4 [28ms]
2025-06-04 17:40:24.422 [info] > git show --textconv HEAD:src/main.js [26ms]
2025-06-04 17:40:24.427 [info] > git show --textconv :src/main.js [4ms]
2025-06-04 17:40:40.777 [info] > git -c user.useConfigOnly=true commit --quiet --allow-empty-message --file - [68ms]
2025-06-04 17:40:40.838 [info] > git config --get commit.template [16ms]
2025-06-04 17:40:40.917 [info] > git config --get commit.template [29ms]
2025-06-04 17:40:40.925 [info] > git for-each-ref --format=%(refname)%00%(upstream:short)%00%(objectname)%00%(upstream:track)%00%(upstream:remotename)%00%(upstream:remoteref) refs/heads/main refs/remotes/main [12ms]
2025-06-04 17:40:40.978 [info] > git status -z -uall [26ms]
2025-06-04 17:40:41.006 [info] > git for-each-ref --sort -committerdate --format %(refname)%00%(objectname)%00%(*objectname) [30ms]
2025-06-04 17:40:41.063 [info] > git merge-base refs/heads/main refs/remotes/origin/main [12ms]
2025-06-04 17:40:41.100 [info] > git diff --name-status -z --diff-filter=ADMR 3b854ea79a220c0bc3ace30238f26b0696db95c1...refs/remotes/origin/main [11ms]
2025-06-04 17:40:41.174 [info] > git blame --root --incremental 636c224beb46df0c5a35b4c473780c8d631d6f08 -- src/main.js [144ms]
2025-06-04 17:40:41.176 [info] > git config --get commit.template [31ms]
2025-06-04 17:40:41.182 [info] > git for-each-ref --format=%(refname)%00%(upstream:short)%00%(objectname)%00%(upstream:track)%00%(upstream:remotename)%00%(upstream:remoteref) refs/heads/main refs/remotes/main [11ms]
2025-06-04 17:40:41.229 [info] > git status -z -uall [23ms]
2025-06-04 17:40:41.239 [info] > git for-each-ref --sort -committerdate --format %(refname)%00%(objectname)%00%(*objectname) [13ms]
2025-06-04 17:40:42.067 [info] > git ls-files --stage -- src/main.js [5ms]
2025-06-04 17:40:42.098 [info] > git cat-file -s 38d7d1d57cb76593fdb369481a32d5b8485632c4 [7ms]
2025-06-04 17:40:42.132 [info] > git show --textconv :src/main.js [9ms]
2025-06-04 17:40:44.777 [info] > git log --oneline --cherry main...main@{upstream} -- [17ms]
2025-06-04 17:40:46.052 [info] > git ls-files --stage -- src/main.js [12ms]
2025-06-04 17:40:46.087 [info] > git cat-file -s 38d7d1d57cb76593fdb369481a32d5b8485632c4 [11ms]
2025-06-04 17:40:46.121 [info] > git show --textconv :src/main.js [6ms]
2025-06-04 17:40:50.756 [info] > git pull --tags origin main [5952ms]
2025-06-04 17:40:50.757 [info] From https://github.com/nurmuhammedjoy/project
 * branch            main       -> FETCH_HEAD
hint: You have divergent branches and need to specify how to reconcile them.
hint: You can do so by running one of the following commands sometime before
hint: your next pull:
hint:
hint:   git config pull.rebase false  # merge
hint:   git config pull.rebase true   # rebase
hint:   git config pull.ff only       # fast-forward only
hint:
hint: You can replace "git config" with "git config --global" to set a default
hint: preference for all repositories. You can also pass --rebase, --no-rebase,
hint: or --ff-only on the command line to override the configured default per
hint: invocation.
fatal: Need to specify how to reconcile divergent branches.
2025-06-04 17:40:50.828 [info] > git config --get commit.template [33ms]
2025-06-04 17:40:50.837 [info] > git for-each-ref --format=%(refname)%00%(upstream:short)%00%(objectname)%00%(upstream:track)%00%(upstream:remotename)%00%(upstream:remoteref) refs/heads/main refs/remotes/main [12ms]
2025-06-04 17:40:50.894 [info] > git status -z -uall [25ms]
2025-06-04 17:40:50.901 [info] > git for-each-ref --sort -committerdate --format %(refname)%00%(objectname)%00%(*objectname) [9ms]
2025-06-04 17:40:53.241 [info] > git ls-files --stage -- src/main.js [4ms]
2025-06-04 17:40:53.271 [info] > git cat-file -s 38d7d1d57cb76593fdb369481a32d5b8485632c4 [11ms]
2025-06-04 17:40:53.306 [info] > git show --textconv :src/main.js [3ms]
2025-06-04 17:42:41.583 [info] > git ls-files --stage -- src/main.js [8ms]
2025-06-04 17:42:41.610 [info] > git cat-file -s 38d7d1d57cb76593fdb369481a32d5b8485632c4 [8ms]
2025-06-04 17:42:41.653 [info] > git show --textconv :src/main.js [9ms]
2025-06-04 17:42:41.655 [info] > git fetch [1433ms]
2025-06-04 17:42:41.734 [info] > git config --get commit.template [25ms]
2025-06-04 17:42:41.744 [info] > git for-each-ref --format=%(refname)%00%(upstream:short)%00%(objectname)%00%(upstream:track)%00%(upstream:remotename)%00%(upstream:remoteref) refs/heads/main refs/remotes/main [12ms]
2025-06-04 17:42:41.806 [info] > git status -z -uall [42ms]
2025-06-04 17:42:41.806 [info] > git for-each-ref --sort -committerdate --format %(refname)%00%(objectname)%00%(*objectname) [23ms]
2025-06-04 17:42:42.879 [info] > git ls-files --stage -- src/main.js [11ms]
2025-06-04 17:42:42.909 [info] > git cat-file -s 38d7d1d57cb76593fdb369481a32d5b8485632c4 [9ms]
2025-06-04 17:42:42.944 [info] > git show --textconv :src/main.js [8ms]
2025-06-04 17:43:52.393 [info] > git config --get commit.template [23ms]
2025-06-04 17:43:52.395 [info] > git for-each-ref --format=%(refname)%00%(upstream:short)%00%(objectname)%00%(upstream:track)%00%(upstream:remotename)%00%(upstream:remoteref) refs/heads/main refs/remotes/main [9ms]
2025-06-04 17:43:52.440 [info] > git status -z -uall [24ms]
2025-06-04 17:43:52.446 [info] > git for-each-ref --sort -committerdate --format %(refname)%00%(objectname)%00%(*objectname) [7ms]
2025-06-04 17:43:52.487 [info] > git ls-files --stage -- src/main.js [12ms]
2025-06-04 17:43:52.514 [info] > git cat-file -s 38d7d1d57cb76593fdb369481a32d5b8485632c4 [9ms]
2025-06-04 17:43:52.555 [info] > git show --textconv :src/main.js [11ms]
2025-06-04 17:43:55.420 [info] > git ls-files --stage -- src/main.js [8ms]
2025-06-04 17:43:55.450 [info] > git cat-file -s 38d7d1d57cb76593fdb369481a32d5b8485632c4 [2ms]
2025-06-04 17:43:55.484 [info] > git show --textconv :src/main.js [1ms]
2025-06-04 17:43:57.544 [info] > git config --get commit.template [35ms]
2025-06-04 17:43:57.551 [info] > git for-each-ref --format=%(refname)%00%(upstream:short)%00%(objectname)%00%(upstream:track)%00%(upstream:remotename)%00%(upstream:remoteref) refs/heads/main refs/remotes/main [9ms]
2025-06-04 17:43:57.645 [info] > git for-each-ref --sort -committerdate --format %(refname)%00%(objectname)%00%(*objectname) [18ms]
2025-06-04 17:43:57.651 [info] > git status -z -uall [59ms]
2025-06-04 17:43:57.723 [info] > git merge-base refs/heads/main refs/remotes/origin/main [17ms]
2025-06-04 17:43:57.757 [info] > git diff --name-status -z --diff-filter=ADMR b0b48ec380eb862c011fdf869aed1a2f0a9d2470...refs/remotes/origin/main [2ms]
2025-06-04 17:43:57.778 [info] > git blame --root --incremental bd438e543b73ed533248ae649a1f5f95c5a79925 -- src/main.js [97ms]
2025-06-04 17:44:05.418 [info] > git config --get commit.template [23ms]
2025-06-04 17:44:05.422 [info] > git for-each-ref --format=%(refname)%00%(upstream:short)%00%(objectname)%00%(upstream:track)%00%(upstream:remotename)%00%(upstream:remoteref) refs/heads/main refs/remotes/main [6ms]
2025-06-04 17:44:05.498 [info] > git for-each-ref --sort -committerdate --format %(refname)%00%(objectname)%00%(*objectname) [19ms]
2025-06-04 17:44:05.530 [info] > git status -z -uall [80ms]
2025-06-04 17:44:05.588 [info] > git ls-files --stage -- src/main.js [61ms]
2025-06-04 17:44:05.608 [info] > git merge-base refs/heads/main refs/remotes/origin/main [38ms]
2025-06-04 17:44:05.639 [info] > git cat-file -s 38d7d1d57cb76593fdb369481a32d5b8485632c4 [32ms]
2025-06-04 17:44:05.674 [info] > git diff --name-status -z --diff-filter=ADMR bd438e543b73ed533248ae649a1f5f95c5a79925...refs/remotes/origin/main [37ms]
2025-06-04 17:44:05.689 [info] > git show --textconv :src/main.js [16ms]
2025-06-04 17:45:43.184 [info] > git ls-files --stage -- src/main.js [11ms]
2025-06-04 17:45:43.233 [info] > git cat-file -s 38d7d1d57cb76593fdb369481a32d5b8485632c4 [20ms]
2025-06-04 17:45:43.284 [info] > git show --textconv :src/main.js [20ms]
2025-06-04 17:45:44.697 [info] > git fetch [2823ms]
2025-06-04 17:45:44.741 [info] > git config --get commit.template [22ms]
2025-06-04 17:45:44.748 [info] > git for-each-ref --format=%(refname)%00%(upstream:short)%00%(objectname)%00%(upstream:track)%00%(upstream:remotename)%00%(upstream:remoteref) refs/heads/main refs/remotes/main [8ms]
2025-06-04 17:45:44.802 [info] > git for-each-ref --sort -committerdate --format %(refname)%00%(objectname)%00%(*objectname) [12ms]
2025-06-04 17:45:44.821 [info] > git status -z -uall [54ms]
2025-06-04 17:45:45.952 [info] > git ls-files --stage -- src/main.js [6ms]
2025-06-04 17:45:45.981 [info] > git cat-file -s 38d7d1d57cb76593fdb369481a32d5b8485632c4 [10ms]
2025-06-04 17:45:46.015 [info] > git show --textconv :src/main.js [7ms]
2025-06-04 17:46:11.755 [info] > git show --textconv :index.html [35ms]
2025-06-04 17:46:11.755 [info] > git ls-files --stage -- index.html [15ms]
2025-06-04 17:46:11.826 [info] > git cat-file -s 522cb649269bffdd49f0e382f7e5e2c022fd60fd [40ms]
2025-06-04 17:46:18.183 [info] > git blame --root --incremental bd438e543b73ed533248ae649a1f5f95c5a79925 -- index.html [83ms]
2025-06-04 17:47:52.736 [info] > git config --get commit.template [61ms]
2025-06-04 17:47:52.762 [info] > git for-each-ref --format=%(refname)%00%(upstream:short)%00%(objectname)%00%(upstream:track)%00%(upstream:remotename)%00%(upstream:remoteref) refs/heads/main refs/remotes/main [46ms]
2025-06-04 17:47:52.853 [info] > git for-each-ref --sort -committerdate --format %(refname)%00%(objectname)%00%(*objectname) [25ms]
2025-06-04 17:47:52.880 [info] > git status -z -uall [89ms]
2025-06-04 17:48:01.738 [info] > git config --get commit.template [29ms]
2025-06-04 17:48:01.745 [info] > git for-each-ref --format=%(refname)%00%(upstream:short)%00%(objectname)%00%(upstream:track)%00%(upstream:remotename)%00%(upstream:remoteref) refs/heads/main refs/remotes/main [8ms]
2025-06-04 17:48:01.798 [info] > git for-each-ref --sort -committerdate --format %(refname)%00%(objectname)%00%(*objectname) [6ms]
2025-06-04 17:48:01.824 [info] > git status -z -uall [57ms]
2025-06-04 17:48:17.040 [info] > git ls-files --stage -- src/main.js [8ms]
2025-06-04 17:48:17.066 [info] > git show --textconv :src/main.js [66ms]
2025-06-04 17:48:17.076 [info] > git cat-file -s 38d7d1d57cb76593fdb369481a32d5b8485632c4 [12ms]
2025-06-04 17:48:46.120 [info] > git ls-files --stage -- src/main.js [8ms]
2025-06-04 17:48:46.144 [info] > git cat-file -s 38d7d1d57cb76593fdb369481a32d5b8485632c4 [8ms]
2025-06-04 17:48:46.174 [info] > git show --textconv :src/main.js [9ms]
2025-06-04 17:48:47.359 [info] > git fetch [2486ms]
2025-06-04 17:48:47.414 [info] > git config --get commit.template [27ms]
2025-06-04 17:48:47.425 [info] > git for-each-ref --format=%(refname)%00%(upstream:short)%00%(objectname)%00%(upstream:track)%00%(upstream:remotename)%00%(upstream:remoteref) refs/heads/main refs/remotes/main [12ms]
2025-06-04 17:48:47.480 [info] > git for-each-ref --sort -committerdate --format %(refname)%00%(objectname)%00%(*objectname) [12ms]
2025-06-04 17:48:47.494 [info] > git status -z -uall [48ms]
2025-06-04 17:48:48.626 [info] > git ls-files --stage -- src/main.js [9ms]
2025-06-04 17:48:48.669 [info] > git cat-file -s 38d7d1d57cb76593fdb369481a32d5b8485632c4 [6ms]
2025-06-04 17:48:48.709 [info] > git show --textconv :src/main.js [10ms]
2025-06-04 17:49:06.578 [info] > git config --get commit.template [21ms]
2025-06-04 17:49:06.590 [info] > git for-each-ref --format=%(refname)%00%(upstream:short)%00%(objectname)%00%(upstream:track)%00%(upstream:remotename)%00%(upstream:remoteref) refs/heads/main refs/remotes/main [13ms]
2025-06-04 17:49:06.653 [info] > git for-each-ref --sort -committerdate --format %(refname)%00%(objectname)%00%(*objectname) [5ms]
2025-06-04 17:49:06.670 [info] > git status -z -uall [60ms]
2025-06-04 17:51:48.894 [info] > git ls-files --stage -- src/main.js [27ms]
2025-06-04 17:51:48.929 [info] > git cat-file -s 38d7d1d57cb76593fdb369481a32d5b8485632c4 [10ms]
2025-06-04 17:51:48.965 [info] > git show --textconv :src/main.js [14ms]
2025-06-04 17:51:49.458 [info] > git fetch [1903ms]
2025-06-04 17:51:49.518 [info] > git config --get commit.template [28ms]
2025-06-04 17:51:49.525 [info] > git for-each-ref --format=%(refname)%00%(upstream:short)%00%(objectname)%00%(upstream:track)%00%(upstream:remotename)%00%(upstream:remoteref) refs/heads/main refs/remotes/main [8ms]
2025-06-04 17:51:49.581 [info] > git for-each-ref --sort -committerdate --format %(refname)%00%(objectname)%00%(*objectname) [17ms]
2025-06-04 17:51:49.623 [info] > git status -z -uall [77ms]
2025-06-04 17:51:50.746 [info] > git ls-files --stage -- src/main.js [10ms]
2025-06-04 17:51:50.775 [info] > git cat-file -s 38d7d1d57cb76593fdb369481a32d5b8485632c4 [8ms]
2025-06-04 17:51:50.819 [info] > git show --textconv :src/main.js [12ms]
2025-06-04 17:51:52.022 [info] > git config --get commit.template [94ms]
2025-06-04 17:51:52.152 [info] > git for-each-ref --format=%(refname)%00%(upstream:short)%00%(objectname)%00%(upstream:track)%00%(upstream:remotename)%00%(upstream:remoteref) refs/heads/main refs/remotes/main [142ms]
2025-06-04 17:51:52.418 [info] > git for-each-ref --sort -committerdate --format %(refname)%00%(objectname)%00%(*objectname) [60ms]
2025-06-04 17:51:52.589 [info] > git status -z -uall [261ms]
2025-06-04 17:54:10.595 [info] > git config --get commit.template [122ms]
2025-06-04 17:54:10.622 [info] > git for-each-ref --format=%(refname)%00%(upstream:short)%00%(objectname)%00%(upstream:track)%00%(upstream:remotename)%00%(upstream:remoteref) refs/heads/main refs/remotes/main [124ms]
2025-06-04 17:54:10.725 [info] > git for-each-ref --sort -committerdate --format %(refname)%00%(objectname)%00%(*objectname) [38ms]
2025-06-04 17:54:10.762 [info] > git status -z -uall [99ms]
2025-06-04 17:54:50.938 [info] > git fetch [1253ms]
2025-06-04 17:54:51.002 [info] > git config --get commit.template [26ms]
2025-06-04 17:54:51.025 [info] > git ls-files --stage -- src/main.js [27ms]
2025-06-04 17:54:51.050 [info] > git for-each-ref --format=%(refname)%00%(upstream:short)%00%(objectname)%00%(upstream:track)%00%(upstream:remotename)%00%(upstream:remoteref) refs/heads/main refs/remotes/main [27ms]
2025-06-04 17:54:51.099 [info] > git cat-file -s 38d7d1d57cb76593fdb369481a32d5b8485632c4 [51ms]
2025-06-04 17:54:51.128 [info] > git for-each-ref --sort -committerdate --format %(refname)%00%(objectname)%00%(*objectname) [30ms]
2025-06-04 17:54:51.134 [info] > git show --textconv :src/main.js [7ms]
2025-06-04 17:54:51.162 [info] > git status -z -uall [89ms]
2025-06-04 17:54:52.150 [info] > git ls-files --stage -- src/main.js [15ms]
2025-06-04 17:54:52.181 [info] > git cat-file -s 38d7d1d57cb76593fdb369481a32d5b8485632c4 [10ms]
2025-06-04 17:54:52.229 [info] > git show --textconv :src/main.js [8ms]
2025-06-04 17:55:41.218 [info] > git config --get commit.template [15ms]
2025-06-04 17:55:41.299 [info] > git for-each-ref --format=%(refname)%00%(upstream:short)%00%(objectname)%00%(upstream:track)%00%(upstream:remotename)%00%(upstream:remoteref) refs/heads/main refs/remotes/main [42ms]
2025-06-04 17:55:41.499 [info] > git status -z -uall [111ms]
2025-06-04 17:55:41.510 [info] > git for-each-ref --sort -committerdate --format %(refname)%00%(objectname)%00%(*objectname) [41ms]
2025-06-04 17:56:32.230 [info] > git config --get commit.template [106ms]
2025-06-04 17:56:32.260 [info] > git for-each-ref --format=%(refname)%00%(upstream:short)%00%(objectname)%00%(upstream:track)%00%(upstream:remotename)%00%(upstream:remoteref) refs/heads/main refs/remotes/main [69ms]
2025-06-04 17:56:32.389 [info] > git for-each-ref --sort -committerdate --format %(refname)%00%(objectname)%00%(*objectname) [50ms]
2025-06-04 17:56:32.404 [info] > git status -z -uall [97ms]
2025-06-04 17:57:03.872 [info] > git config --get commit.template [29ms]
2025-06-04 17:57:03.877 [info] > git for-each-ref --format=%(refname)%00%(upstream:short)%00%(objectname)%00%(upstream:track)%00%(upstream:remotename)%00%(upstream:remoteref) refs/heads/main refs/remotes/main [8ms]
2025-06-04 17:57:03.977 [info] > git for-each-ref --sort -committerdate --format %(refname)%00%(objectname)%00%(*objectname) [36ms]
2025-06-04 17:57:04.133 [info] > git status -z -uall [225ms]
2025-06-04 17:57:52.483 [info] > git ls-files --stage -- src/main.js [13ms]
2025-06-04 17:57:52.513 [info] > git cat-file -s 38d7d1d57cb76593fdb369481a32d5b8485632c4 [6ms]
2025-06-04 17:57:52.539 [info] > git show --textconv :src/main.js [4ms]
2025-06-04 17:57:53.576 [info] > git fetch [2358ms]
2025-06-04 17:57:53.616 [info] > git config --get commit.template [19ms]
2025-06-04 17:57:53.621 [info] > git for-each-ref --format=%(refname)%00%(upstream:short)%00%(objectname)%00%(upstream:track)%00%(upstream:remotename)%00%(upstream:remoteref) refs/heads/main refs/remotes/main [7ms]
2025-06-04 17:57:53.683 [info] > git status -z -uall [38ms]
2025-06-04 17:57:53.683 [info] > git for-each-ref --sort -committerdate --format %(refname)%00%(objectname)%00%(*objectname) [21ms]
2025-06-04 17:57:54.823 [info] > git ls-files --stage -- src/main.js [13ms]
2025-06-04 17:57:54.853 [info] > git cat-file -s 38d7d1d57cb76593fdb369481a32d5b8485632c4 [6ms]
2025-06-04 17:57:54.882 [info] > git show --textconv :src/main.js [7ms]
2025-06-04 17:58:07.660 [info] > git config --get commit.template [29ms]
2025-06-04 17:58:07.666 [info] > git for-each-ref --format=%(refname)%00%(upstream:short)%00%(objectname)%00%(upstream:track)%00%(upstream:remotename)%00%(upstream:remoteref) refs/heads/main refs/remotes/main [8ms]
2025-06-04 17:58:07.727 [info] > git for-each-ref --sort -committerdate --format %(refname)%00%(objectname)%00%(*objectname) [16ms]
2025-06-04 17:58:07.793 [info] > git status -z -uall [104ms]
2025-06-04 17:58:16.523 [info] > git config --get commit.template [24ms]
2025-06-04 17:58:16.529 [info] > git for-each-ref --format=%(refname)%00%(upstream:short)%00%(objectname)%00%(upstream:track)%00%(upstream:remotename)%00%(upstream:remoteref) refs/heads/main refs/remotes/main [8ms]
2025-06-04 17:58:16.584 [info] > git for-each-ref --sort -committerdate --format %(refname)%00%(objectname)%00%(*objectname) [10ms]
2025-06-04 17:58:16.610 [info] > git status -z -uall [58ms]
2025-06-04 17:58:21.722 [info] > git config --get commit.template [42ms]
2025-06-04 17:58:21.726 [info] > git for-each-ref --format=%(refname)%00%(upstream:short)%00%(objectname)%00%(upstream:track)%00%(upstream:remotename)%00%(upstream:remoteref) refs/heads/main refs/remotes/main [6ms]
2025-06-04 17:58:21.797 [info] > git for-each-ref --sort -committerdate --format %(refname)%00%(objectname)%00%(*objectname) [25ms]
2025-06-04 17:58:21.808 [info] > git status -z -uall [60ms]
2025-06-04 17:58:55.715 [info] > git config --get commit.template [33ms]
2025-06-04 17:58:55.721 [info] > git for-each-ref --format=%(refname)%00%(upstream:short)%00%(objectname)%00%(upstream:track)%00%(upstream:remotename)%00%(upstream:remoteref) refs/heads/main refs/remotes/main [15ms]
2025-06-04 17:58:55.785 [info] > git for-each-ref --sort -committerdate --format %(refname)%00%(objectname)%00%(*objectname) [13ms]
2025-06-04 17:58:55.839 [info] > git status -z -uall [96ms]
2025-06-04 17:59:45.995 [info] > git config --get commit.template [81ms]
2025-06-04 17:59:46.034 [info] > git for-each-ref --format=%(refname)%00%(upstream:short)%00%(objectname)%00%(upstream:track)%00%(upstream:remotename)%00%(upstream:remoteref) refs/heads/main refs/remotes/main [95ms]
2025-06-04 17:59:46.151 [info] > git for-each-ref --sort -committerdate --format %(refname)%00%(objectname)%00%(*objectname) [34ms]
2025-06-04 17:59:46.192 [info] > git status -z -uall [115ms]
2025-06-04 17:59:51.310 [info] > git config --get commit.template [63ms]
2025-06-04 17:59:51.315 [info] > git for-each-ref --format=%(refname)%00%(upstream:short)%00%(objectname)%00%(upstream:track)%00%(upstream:remotename)%00%(upstream:remoteref) refs/heads/main refs/remotes/main [30ms]
2025-06-04 17:59:51.444 [info] > git for-each-ref --sort -committerdate --format %(refname)%00%(objectname)%00%(*objectname) [38ms]
2025-06-04 17:59:51.474 [info] > git status -z -uall [131ms]
2025-06-04 18:00:23.625 [info] > git config --get commit.template [46ms]
2025-06-04 18:00:23.692 [info] > git for-each-ref --format=%(refname)%00%(upstream:short)%00%(objectname)%00%(upstream:track)%00%(upstream:remotename)%00%(upstream:remoteref) refs/heads/main refs/remotes/main [74ms]
2025-06-04 18:00:23.850 [info] > git for-each-ref --sort -committerdate --format %(refname)%00%(objectname)%00%(*objectname) [68ms]
2025-06-04 18:00:23.923 [info] > git status -z -uall [187ms]
2025-06-04 18:00:35.586 [info] > git config --get commit.template [41ms]
2025-06-04 18:00:35.599 [info] > git for-each-ref --format=%(refname)%00%(upstream:short)%00%(objectname)%00%(upstream:track)%00%(upstream:remotename)%00%(upstream:remoteref) refs/heads/main refs/remotes/main [15ms]
2025-06-04 18:00:35.689 [info] > git for-each-ref --sort -committerdate --format %(refname)%00%(objectname)%00%(*objectname) [35ms]
2025-06-04 18:00:35.720 [info] > git status -z -uall [91ms]
2025-06-04 18:00:43.673 [info] > git config --get commit.template [27ms]
2025-06-04 18:00:43.680 [info] > git for-each-ref --format=%(refname)%00%(upstream:short)%00%(objectname)%00%(upstream:track)%00%(upstream:remotename)%00%(upstream:remoteref) refs/heads/main refs/remotes/main [9ms]
2025-06-04 18:00:43.769 [info] > git for-each-ref --sort -committerdate --format %(refname)%00%(objectname)%00%(*objectname) [23ms]
2025-06-04 18:00:43.790 [info] > git status -z -uall [84ms]
2025-06-04 18:00:55.063 [info] > git ls-files --stage -- src/main.js [11ms]
2025-06-04 18:00:55.103 [info] > git cat-file -s 38d7d1d57cb76593fdb369481a32d5b8485632c4 [6ms]
2025-06-04 18:00:55.137 [info] > git show --textconv :src/main.js [6ms]
2025-06-04 18:00:55.808 [info] > git fetch [2055ms]
2025-06-04 18:00:55.884 [info] > git config --get commit.template [34ms]
2025-06-04 18:00:55.889 [info] > git for-each-ref --format=%(refname)%00%(upstream:short)%00%(objectname)%00%(upstream:track)%00%(upstream:remotename)%00%(upstream:remoteref) refs/heads/main refs/remotes/main [7ms]
2025-06-04 18:00:55.943 [info] > git for-each-ref --sort -committerdate --format %(refname)%00%(objectname)%00%(*objectname) [9ms]
2025-06-04 18:00:55.967 [info] > git status -z -uall [54ms]
2025-06-04 18:00:57.046 [info] > git ls-files --stage -- src/main.js [20ms]
2025-06-04 18:00:57.115 [info] > git cat-file -s 38d7d1d57cb76593fdb369481a32d5b8485632c4 [23ms]
2025-06-04 18:00:57.166 [info] > git show --textconv :src/main.js [9ms]
2025-06-04 18:01:49.030 [info] > git config --get commit.template [23ms]
2025-06-04 18:01:49.038 [info] > git for-each-ref --format=%(refname)%00%(upstream:short)%00%(objectname)%00%(upstream:track)%00%(upstream:remotename)%00%(upstream:remoteref) refs/heads/main refs/remotes/main [10ms]
2025-06-04 18:01:49.102 [info] > git for-each-ref --sort -committerdate --format %(refname)%00%(objectname)%00%(*objectname) [24ms]
2025-06-04 18:01:49.120 [info] > git status -z -uall [62ms]
2025-06-04 18:02:01.629 [info] > git config --get commit.template [35ms]
2025-06-04 18:02:01.635 [info] > git for-each-ref --format=%(refname)%00%(upstream:short)%00%(objectname)%00%(upstream:track)%00%(upstream:remotename)%00%(upstream:remoteref) refs/heads/main refs/remotes/main [10ms]
2025-06-04 18:02:01.713 [info] > git for-each-ref --sort -committerdate --format %(refname)%00%(objectname)%00%(*objectname) [23ms]
2025-06-04 18:02:01.765 [info] > git status -z -uall [111ms]
2025-06-04 18:02:11.274 [info] > git config --get commit.template [37ms]
2025-06-04 18:02:11.294 [info] > git for-each-ref --format=%(refname)%00%(upstream:short)%00%(objectname)%00%(upstream:track)%00%(upstream:remotename)%00%(upstream:remoteref) refs/heads/main refs/remotes/main [20ms]
2025-06-04 18:02:11.362 [info] > git for-each-ref --sort -committerdate --format %(refname)%00%(objectname)%00%(*objectname) [20ms]
2025-06-04 18:02:11.396 [info] > git status -z -uall [80ms]
2025-06-04 18:03:31.368 [info] > git config --get commit.template [26ms]
2025-06-04 18:03:31.370 [info] > git for-each-ref --format=%(refname)%00%(upstream:short)%00%(objectname)%00%(upstream:track)%00%(upstream:remotename)%00%(upstream:remoteref) refs/heads/main refs/remotes/main [7ms]
2025-06-04 18:03:31.436 [info] > git for-each-ref --sort -committerdate --format %(refname)%00%(objectname)%00%(*objectname) [25ms]
2025-06-04 18:03:31.465 [info] > git status -z -uall [75ms]
2025-06-04 18:03:57.313 [info] > git ls-files --stage -- src/main.js [8ms]
2025-06-04 18:03:57.347 [info] > git cat-file -s 38d7d1d57cb76593fdb369481a32d5b8485632c4 [9ms]
2025-06-04 18:03:57.383 [info] > git show --textconv :src/main.js [9ms]
2025-06-04 18:03:58.520 [info] > git fetch [2477ms]
2025-06-04 18:03:58.561 [info] > git config --get commit.template [20ms]
2025-06-04 18:03:58.567 [info] > git for-each-ref --format=%(refname)%00%(upstream:short)%00%(objectname)%00%(upstream:track)%00%(upstream:remotename)%00%(upstream:remoteref) refs/heads/main refs/remotes/main [8ms]
2025-06-04 18:03:58.613 [info] > git for-each-ref --sort -committerdate --format %(refname)%00%(objectname)%00%(*objectname) [5ms]
2025-06-04 18:03:58.641 [info] > git status -z -uall [54ms]
2025-06-04 18:03:59.752 [info] > git ls-files --stage -- src/main.js [7ms]
2025-06-04 18:03:59.784 [info] > git cat-file -s 38d7d1d57cb76593fdb369481a32d5b8485632c4 [15ms]
2025-06-04 18:03:59.821 [info] > git show --textconv :src/main.js [8ms]
2025-06-04 18:05:26.605 [info] > git config --get commit.template [32ms]
2025-06-04 18:05:26.617 [info] > git for-each-ref --format=%(refname)%00%(upstream:short)%00%(objectname)%00%(upstream:track)%00%(upstream:remotename)%00%(upstream:remoteref) refs/heads/main refs/remotes/main [15ms]
2025-06-04 18:05:26.675 [info] > git for-each-ref --sort -committerdate --format %(refname)%00%(objectname)%00%(*objectname) [8ms]
2025-06-04 18:05:26.721 [info] > git status -z -uall [78ms]
2025-06-04 18:05:51.184 [info] > git config --get commit.template [33ms]
2025-06-04 18:05:51.194 [info] > git for-each-ref --format=%(refname)%00%(upstream:short)%00%(objectname)%00%(upstream:track)%00%(upstream:remotename)%00%(upstream:remoteref) refs/heads/main refs/remotes/main [14ms]
2025-06-04 18:05:51.280 [info] > git for-each-ref --sort -committerdate --format %(refname)%00%(objectname)%00%(*objectname) [31ms]
2025-06-04 18:05:51.334 [info] > git status -z -uall [112ms]
2025-06-04 18:05:56.441 [info] > git config --get commit.template [36ms]
2025-06-04 18:05:56.443 [info] > git for-each-ref --format=%(refname)%00%(upstream:short)%00%(objectname)%00%(upstream:track)%00%(upstream:remotename)%00%(upstream:remoteref) refs/heads/main refs/remotes/main [11ms]
2025-06-04 18:05:56.511 [info] > git for-each-ref --sort -committerdate --format %(refname)%00%(objectname)%00%(*objectname) [20ms]
2025-06-04 18:05:56.565 [info] > git status -z -uall [101ms]
2025-06-04 18:06:05.203 [info] > git config --get commit.template [24ms]
2025-06-04 18:06:05.210 [info] > git for-each-ref --format=%(refname)%00%(upstream:short)%00%(objectname)%00%(upstream:track)%00%(upstream:remotename)%00%(upstream:remoteref) refs/heads/main refs/remotes/main [8ms]
2025-06-04 18:06:05.270 [info] > git for-each-ref --sort -committerdate --format %(refname)%00%(objectname)%00%(*objectname) [12ms]
2025-06-04 18:06:05.324 [info] > git status -z -uall [88ms]
2025-06-04 18:06:38.046 [info] > git config --get commit.template [23ms]
2025-06-04 18:06:38.053 [info] > git for-each-ref --format=%(refname)%00%(upstream:short)%00%(objectname)%00%(upstream:track)%00%(upstream:remotename)%00%(upstream:remoteref) refs/heads/main refs/remotes/main [9ms]
2025-06-04 18:06:38.105 [info] > git for-each-ref --sort -committerdate --format %(refname)%00%(objectname)%00%(*objectname) [10ms]
2025-06-04 18:06:38.132 [info] > git status -z -uall [57ms]
2025-06-04 18:06:43.332 [info] > git config --get commit.template [27ms]
2025-06-04 18:06:43.336 [info] > git for-each-ref --format=%(refname)%00%(upstream:short)%00%(objectname)%00%(upstream:track)%00%(upstream:remotename)%00%(upstream:remoteref) refs/heads/main refs/remotes/main [6ms]
2025-06-04 18:06:43.409 [info] > git for-each-ref --sort -committerdate --format %(refname)%00%(objectname)%00%(*objectname) [21ms]
2025-06-04 18:06:43.412 [info] > git status -z -uall [54ms]
2025-06-04 18:06:59.635 [info] > git fetch [967ms]
2025-06-04 18:06:59.676 [info] > git config --get commit.template [19ms]
2025-06-04 18:06:59.681 [info] > git for-each-ref --format=%(refname)%00%(upstream:short)%00%(objectname)%00%(upstream:track)%00%(upstream:remotename)%00%(upstream:remoteref) refs/heads/main refs/remotes/main [7ms]
2025-06-04 18:06:59.737 [info] > git for-each-ref --sort -committerdate --format %(refname)%00%(objectname)%00%(*objectname) [10ms]
2025-06-04 18:06:59.751 [info] > git status -z -uall [49ms]
2025-06-04 18:07:00.866 [info] > git ls-files --stage -- src/main.js [2ms]
2025-06-04 18:07:00.889 [info] > git cat-file -s 38d7d1d57cb76593fdb369481a32d5b8485632c4 [6ms]
2025-06-04 18:07:00.918 [info] > git show --textconv :src/main.js [8ms]
2025-06-04 18:07:17.004 [info] > git config --get commit.template [31ms]
2025-06-04 18:07:17.013 [info] > git for-each-ref --format=%(refname)%00%(upstream:short)%00%(objectname)%00%(upstream:track)%00%(upstream:remotename)%00%(upstream:remoteref) refs/heads/main refs/remotes/main [11ms]
2025-06-04 18:07:17.066 [info] > git for-each-ref --sort -committerdate --format %(refname)%00%(objectname)%00%(*objectname) [11ms]
2025-06-04 18:07:17.089 [info] > git status -z -uall [56ms]
2025-06-04 18:10:01.117 [info] > git ls-files --stage -- src/main.js [13ms]
2025-06-04 18:10:01.152 [info] > git cat-file -s 38d7d1d57cb76593fdb369481a32d5b8485632c4 [11ms]
2025-06-04 18:10:01.188 [info] > git show --textconv :src/main.js [9ms]
2025-06-04 18:10:04.307 [info] > git fetch [4485ms]
2025-06-04 18:10:04.359 [info] > git config --get commit.template [24ms]
2025-06-04 18:10:04.365 [info] > git for-each-ref --format=%(refname)%00%(upstream:short)%00%(objectname)%00%(upstream:track)%00%(upstream:remotename)%00%(upstream:remoteref) refs/heads/main refs/remotes/main [7ms]
2025-06-04 18:10:04.421 [info] > git for-each-ref --sort -committerdate --format %(refname)%00%(objectname)%00%(*objectname) [7ms]
2025-06-04 18:10:04.468 [info] > git status -z -uall [77ms]
2025-06-04 18:10:05.581 [info] > git ls-files --stage -- src/main.js [8ms]
2025-06-04 18:10:05.604 [info] > git cat-file -s 38d7d1d57cb76593fdb369481a32d5b8485632c4 [7ms]
2025-06-04 18:10:05.635 [info] > git show --textconv :src/main.js [3ms]
2025-06-04 18:10:40.949 [info] > git config --get commit.template [44ms]
2025-06-04 18:10:40.956 [info] > git for-each-ref --format=%(refname)%00%(upstream:short)%00%(objectname)%00%(upstream:track)%00%(upstream:remotename)%00%(upstream:remoteref) refs/heads/main refs/remotes/main [23ms]
2025-06-04 18:10:41.028 [info] > git for-each-ref --sort -committerdate --format %(refname)%00%(objectname)%00%(*objectname) [15ms]
2025-06-04 18:10:41.060 [info] > git status -z -uall [71ms]
2025-06-04 18:13:05.835 [info] > git ls-files --stage -- src/main.js [22ms]
2025-06-04 18:13:05.874 [info] > git cat-file -s 38d7d1d57cb76593fdb369481a32d5b8485632c4 [9ms]
2025-06-04 18:13:05.917 [info] > git show --textconv :src/main.js [11ms]
2025-06-04 18:13:05.946 [info] > git fetch [1419ms]
2025-06-04 18:13:06.002 [info] > git config --get commit.template [23ms]
2025-06-04 18:13:06.009 [info] > git for-each-ref --format=%(refname)%00%(upstream:short)%00%(objectname)%00%(upstream:track)%00%(upstream:remotename)%00%(upstream:remoteref) refs/heads/main refs/remotes/main [8ms]
2025-06-04 18:13:06.072 [info] > git for-each-ref --sort -committerdate --format %(refname)%00%(objectname)%00%(*objectname) [9ms]
2025-06-04 18:13:06.128 [info] > git status -z -uall [91ms]
2025-06-04 18:13:07.161 [info] > git ls-files --stage -- src/main.js [8ms]
2025-06-04 18:13:07.192 [info] > git cat-file -s 38d7d1d57cb76593fdb369481a32d5b8485632c4 [7ms]
2025-06-04 18:13:07.220 [info] > git show --textconv :src/main.js [8ms]
2025-06-04 18:13:10.776 [info] > git config --get commit.template [32ms]
2025-06-04 18:13:10.781 [info] > git for-each-ref --format=%(refname)%00%(upstream:short)%00%(objectname)%00%(upstream:track)%00%(upstream:remotename)%00%(upstream:remoteref) refs/heads/main refs/remotes/main [7ms]
2025-06-04 18:13:10.838 [info] > git for-each-ref --sort -committerdate --format %(refname)%00%(objectname)%00%(*objectname) [12ms]
2025-06-04 18:13:10.865 [info] > git status -z -uall [60ms]
2025-06-04 18:13:17.363 [info] > git config --get commit.template [25ms]
2025-06-04 18:13:17.368 [info] > git for-each-ref --format=%(refname)%00%(upstream:short)%00%(objectname)%00%(upstream:track)%00%(upstream:remotename)%00%(upstream:remoteref) refs/heads/main refs/remotes/main [6ms]
2025-06-04 18:13:17.427 [info] > git for-each-ref --sort -committerdate --format %(refname)%00%(objectname)%00%(*objectname) [10ms]
2025-06-04 18:13:17.448 [info] > git status -z -uall [53ms]
2025-06-04 18:16:07.558 [info] > git ls-files --stage -- src/main.js [9ms]
2025-06-04 18:16:07.592 [info] > git cat-file -s 38d7d1d57cb76593fdb369481a32d5b8485632c4 [9ms]
2025-06-04 18:16:07.629 [info] > git show --textconv :src/main.js [8ms]
2025-06-04 18:16:19.732 [info] > git fetch [13495ms]
2025-06-04 18:16:19.820 [info] > git config --get commit.template [26ms]
2025-06-04 18:16:19.822 [info] > git for-each-ref --format=%(refname)%00%(upstream:short)%00%(objectname)%00%(upstream:track)%00%(upstream:remotename)%00%(upstream:remoteref) refs/heads/main refs/remotes/main [7ms]
2025-06-04 18:16:19.877 [info] > git for-each-ref --sort -committerdate --format %(refname)%00%(objectname)%00%(*objectname) [7ms]
2025-06-04 18:16:19.932 [info] > git status -z -uall [89ms]
2025-06-04 18:16:20.978 [info] > git ls-files --stage -- src/main.js [10ms]
2025-06-04 18:16:21.009 [info] > git cat-file -s 38d7d1d57cb76593fdb369481a32d5b8485632c4 [5ms]
2025-06-04 18:16:21.042 [info] > git show --textconv :src/main.js [7ms]
2025-06-04 18:17:08.261 [info] > git config --get commit.template [57ms]
2025-06-04 18:17:08.284 [info] > git for-each-ref --format=%(refname)%00%(upstream:short)%00%(objectname)%00%(upstream:track)%00%(upstream:remotename)%00%(upstream:remoteref) refs/heads/main refs/remotes/main [29ms]
2025-06-04 18:17:08.439 [info] > git for-each-ref --sort -committerdate --format %(refname)%00%(objectname)%00%(*objectname) [60ms]
2025-06-04 18:17:08.533 [info] > git status -z -uall [208ms]
2025-06-04 18:17:13.627 [info] > git config --get commit.template [34ms]
2025-06-04 18:17:13.631 [info] > git for-each-ref --format=%(refname)%00%(upstream:short)%00%(objectname)%00%(upstream:track)%00%(upstream:remotename)%00%(upstream:remoteref) refs/heads/main refs/remotes/main [19ms]
2025-06-04 18:17:13.696 [info] > git for-each-ref --sort -committerdate --format %(refname)%00%(objectname)%00%(*objectname) [20ms]
2025-06-04 18:17:13.743 [info] > git status -z -uall [89ms]
2025-06-04 18:17:46.493 [info] > git config --get commit.template [34ms]
2025-06-04 18:17:46.518 [info] > git for-each-ref --format=%(refname)%00%(upstream:short)%00%(objectname)%00%(upstream:track)%00%(upstream:remotename)%00%(upstream:remoteref) refs/heads/main refs/remotes/main [27ms]
2025-06-04 18:17:46.585 [info] > git for-each-ref --sort -committerdate --format %(refname)%00%(objectname)%00%(*objectname) [11ms]
2025-06-04 18:17:46.600 [info] > git status -z -uall [58ms]
2025-06-04 18:19:21.338 [info] > git ls-files --stage -- src/main.js [23ms]
2025-06-04 18:19:21.371 [info] > git cat-file -s 38d7d1d57cb76593fdb369481a32d5b8485632c4 [10ms]
2025-06-04 18:19:21.412 [info] > git show --textconv :src/main.js [9ms]
2025-06-04 18:19:35.750 [info] > git fetch [15742ms]
2025-06-04 18:19:35.854 [info] > git config --get commit.template [28ms]
2025-06-04 18:19:35.860 [info] > git for-each-ref --format=%(refname)%00%(upstream:short)%00%(objectname)%00%(upstream:track)%00%(upstream:remotename)%00%(upstream:remoteref) refs/heads/main refs/remotes/main [8ms]
2025-06-04 18:19:35.913 [info] > git for-each-ref --sort -committerdate --format %(refname)%00%(objectname)%00%(*objectname) [9ms]
2025-06-04 18:19:35.955 [info] > git status -z -uall [73ms]
2025-06-04 18:19:36.970 [info] > git ls-files --stage -- src/main.js [7ms]
2025-06-04 18:19:37.014 [info] > git cat-file -s 38d7d1d57cb76593fdb369481a32d5b8485632c4 [8ms]
2025-06-04 18:19:37.065 [info] > git show --textconv :src/main.js [20ms]
2025-06-04 18:21:32.498 [info] > git config --get commit.template [39ms]
2025-06-04 18:21:32.507 [info] > git for-each-ref --format=%(refname)%00%(upstream:short)%00%(objectname)%00%(upstream:track)%00%(upstream:remotename)%00%(upstream:remoteref) refs/heads/main refs/remotes/main [21ms]
2025-06-04 18:21:32.578 [info] > git for-each-ref --sort -committerdate --format %(refname)%00%(objectname)%00%(*objectname) [23ms]
2025-06-04 18:21:32.599 [info] > git status -z -uall [68ms]
2025-06-04 18:21:53.424 [info] > git config --get commit.template [42ms]
2025-06-04 18:21:53.434 [info] > git for-each-ref --format=%(refname)%00%(upstream:short)%00%(objectname)%00%(upstream:track)%00%(upstream:remotename)%00%(upstream:remoteref) refs/heads/main refs/remotes/main [13ms]
2025-06-04 18:21:53.497 [info] > git for-each-ref --sort -committerdate --format %(refname)%00%(objectname)%00%(*objectname) [24ms]
2025-06-04 18:21:53.511 [info] > git status -z -uall [57ms]
2025-06-04 18:22:37.269 [info] > git ls-files --stage -- src/main.js [8ms]
2025-06-04 18:22:37.295 [info] > git cat-file -s 38d7d1d57cb76593fdb369481a32d5b8485632c4 [4ms]
2025-06-04 18:22:37.328 [info] > git show --textconv :src/main.js [5ms]
2025-06-04 18:22:42.305 [info] > git fetch [6304ms]
2025-06-04 18:22:42.354 [info] > git config --get commit.template [26ms]
2025-06-04 18:22:42.357 [info] > git for-each-ref --format=%(refname)%00%(upstream:short)%00%(objectname)%00%(upstream:track)%00%(upstream:remotename)%00%(upstream:remoteref) refs/heads/main refs/remotes/main [5ms]
2025-06-04 18:22:42.413 [info] > git for-each-ref --sort -committerdate --format %(refname)%00%(objectname)%00%(*objectname) [7ms]
2025-06-04 18:22:42.430 [info] > git status -z -uall [48ms]
2025-06-04 18:22:43.576 [info] > git ls-files --stage -- src/main.js [18ms]
2025-06-04 18:22:43.630 [info] > git cat-file -s 38d7d1d57cb76593fdb369481a32d5b8485632c4 [23ms]
2025-06-04 18:22:43.698 [info] > git show --textconv :src/main.js [38ms]
2025-06-04 18:22:57.783 [info] > git config --get commit.template [41ms]
2025-06-04 18:22:57.789 [info] > git for-each-ref --format=%(refname)%00%(upstream:short)%00%(objectname)%00%(upstream:track)%00%(upstream:remotename)%00%(upstream:remoteref) refs/heads/main refs/remotes/main [20ms]
2025-06-04 18:22:57.858 [info] > git for-each-ref --sort -committerdate --format %(refname)%00%(objectname)%00%(*objectname) [22ms]
2025-06-04 18:22:57.881 [info] > git status -z -uall [71ms]
2025-06-04 18:25:34.191 [info] > git config --get commit.template [74ms]
2025-06-04 18:25:34.211 [info] > git for-each-ref --format=%(refname)%00%(upstream:short)%00%(objectname)%00%(upstream:track)%00%(upstream:remotename)%00%(upstream:remoteref) refs/heads/main refs/remotes/main [49ms]
2025-06-04 18:25:34.291 [info] > git for-each-ref --sort -committerdate --format %(refname)%00%(objectname)%00%(*objectname) [29ms]
2025-06-04 18:25:34.325 [info] > git status -z -uall [93ms]
2025-06-04 18:25:43.765 [info] > git ls-files --stage -- src/main.js [15ms]
2025-06-04 18:25:43.799 [info] > git cat-file -s 38d7d1d57cb76593fdb369481a32d5b8485632c4 [10ms]
2025-06-04 18:25:43.838 [info] > git show --textconv :src/main.js [13ms]
2025-06-04 18:25:47.149 [info] > git fetch [4669ms]
2025-06-04 18:25:47.234 [info] > git config --get commit.template [29ms]
2025-06-04 18:25:47.235 [info] > git for-each-ref --format=%(refname)%00%(upstream:short)%00%(objectname)%00%(upstream:track)%00%(upstream:remotename)%00%(upstream:remoteref) refs/heads/main refs/remotes/main [6ms]
2025-06-04 18:25:47.282 [info] > git for-each-ref --sort -committerdate --format %(refname)%00%(objectname)%00%(*objectname) [4ms]
2025-06-04 18:25:47.332 [info] > git status -z -uall [75ms]
2025-06-04 18:25:48.389 [info] > git ls-files --stage -- src/main.js [10ms]
2025-06-04 18:25:48.420 [info] > git cat-file -s 38d7d1d57cb76593fdb369481a32d5b8485632c4 [7ms]
2025-06-04 18:25:48.481 [info] > git show --textconv :src/main.js [25ms]
2025-06-04 18:27:02.388 [info] > git config --get commit.template [40ms]
2025-06-04 18:27:02.399 [info] > git for-each-ref --format=%(refname)%00%(upstream:short)%00%(objectname)%00%(upstream:track)%00%(upstream:remotename)%00%(upstream:remoteref) refs/heads/main refs/remotes/main [31ms]
2025-06-04 18:27:02.474 [info] > git for-each-ref --sort -committerdate --format %(refname)%00%(objectname)%00%(*objectname) [33ms]
2025-06-04 18:27:02.494 [info] > git status -z -uall [70ms]
2025-06-04 18:28:48.664 [info] > git fetch [1275ms]
2025-06-04 18:28:48.739 [info] > git ls-files --stage -- src/main.js [40ms]
2025-06-04 18:28:48.778 [info] > git config --get commit.template [40ms]
2025-06-04 18:28:48.806 [info] > git cat-file -s 38d7d1d57cb76593fdb369481a32d5b8485632c4 [37ms]
2025-06-04 18:28:48.836 [info] > git for-each-ref --format=%(refname)%00%(upstream:short)%00%(objectname)%00%(upstream:track)%00%(upstream:remotename)%00%(upstream:remoteref) refs/heads/main refs/remotes/main [32ms]
2025-06-04 18:28:48.877 [info] > git show --textconv :src/main.js [42ms]
2025-06-04 18:28:48.885 [info] > git for-each-ref --sort -committerdate --format %(refname)%00%(objectname)%00%(*objectname) [12ms]
2025-06-04 18:28:48.947 [info] > git status -z -uall [92ms]
2025-06-04 18:28:49.903 [info] > git ls-files --stage -- src/main.js [5ms]
2025-06-04 18:28:49.932 [info] > git cat-file -s 38d7d1d57cb76593fdb369481a32d5b8485632c4 [6ms]
2025-06-04 18:28:49.964 [info] > git show --textconv :src/main.js [9ms]
2025-06-04 18:31:50.380 [info] > git ls-files --stage -- src/main.js [16ms]
2025-06-04 18:31:50.418 [info] > git cat-file -s 38d7d1d57cb76593fdb369481a32d5b8485632c4 [11ms]
2025-06-04 18:31:50.471 [info] > git show --textconv :src/main.js [7ms]
2025-06-04 18:31:59.211 [info] > git fetch [10166ms]
2025-06-04 18:31:59.211 [info] fatal: unable to access 'https://github.com/nurmuhammedjoy/project.git/': Could not resolve host: github.com
2025-06-04 18:31:59.289 [info] > git config --get commit.template [33ms]
2025-06-04 18:31:59.294 [info] > git for-each-ref --format=%(refname)%00%(upstream:short)%00%(objectname)%00%(upstream:track)%00%(upstream:remotename)%00%(upstream:remoteref) refs/heads/main refs/remotes/main [6ms]
2025-06-04 18:31:59.401 [info] > git status -z -uall [82ms]
2025-06-04 18:31:59.403 [info] > git for-each-ref --sort -committerdate --format %(refname)%00%(objectname)%00%(*objectname) [29ms]
2025-06-04 18:35:00.808 [info] > git ls-files --stage -- src/main.js [19ms]
2025-06-04 18:35:00.858 [info] > git cat-file -s 38d7d1d57cb76593fdb369481a32d5b8485632c4 [19ms]
2025-06-04 18:35:00.925 [info] > git show --textconv :src/main.js [9ms]
2025-06-04 18:35:03.081 [info] > git fetch [3620ms]
2025-06-04 18:35:03.143 [info] > git for-each-ref --format=%(refname)%00%(upstream:short)%00%(objectname)%00%(upstream:track)%00%(upstream:remotename)%00%(upstream:remoteref) refs/heads/main refs/remotes/main [3ms]
2025-06-04 18:35:03.144 [info] > git config --get commit.template [35ms]
2025-06-04 18:35:03.213 [info] > git for-each-ref --sort -committerdate --format %(refname)%00%(objectname)%00%(*objectname) [24ms]
2025-06-04 18:35:03.241 [info] > git status -z -uall [73ms]
2025-06-04 18:35:04.271 [info] > git ls-files --stage -- src/main.js [1ms]
2025-06-04 18:35:04.300 [info] > git cat-file -s 38d7d1d57cb76593fdb369481a32d5b8485632c4 [9ms]
2025-06-04 18:35:04.358 [info] > git show --textconv :src/main.js [10ms]
2025-06-04 18:35:12.205 [info] > git config --get commit.template [20ms]
2025-06-04 18:35:12.211 [info] > git for-each-ref --format=%(refname)%00%(upstream:short)%00%(objectname)%00%(upstream:track)%00%(upstream:remotename)%00%(upstream:remoteref) refs/heads/main refs/remotes/main [7ms]
2025-06-04 18:35:12.271 [info] > git for-each-ref --sort -committerdate --format %(refname)%00%(objectname)%00%(*objectname) [15ms]
2025-06-04 18:35:12.286 [info] > git status -z -uall [48ms]
2025-06-04 18:37:12.806 [info] > git config --get commit.template [129ms]
2025-06-04 18:37:12.832 [info] > git for-each-ref --format=%(refname)%00%(upstream:short)%00%(objectname)%00%(upstream:track)%00%(upstream:remotename)%00%(upstream:remoteref) refs/heads/main refs/remotes/main [133ms]
2025-06-04 18:37:13.033 [info] > git for-each-ref --sort -committerdate --format %(refname)%00%(objectname)%00%(*objectname) [89ms]
2025-06-04 18:37:13.053 [info] > git status -z -uall [183ms]
2025-06-04 18:37:28.589 [info] > git config --get commit.template [25ms]
2025-06-04 18:37:28.599 [info] > git for-each-ref --format=%(refname)%00%(upstream:short)%00%(objectname)%00%(upstream:track)%00%(upstream:remotename)%00%(upstream:remoteref) refs/heads/main refs/remotes/main [10ms]
2025-06-04 18:37:28.670 [info] > git for-each-ref --sort -committerdate --format %(refname)%00%(objectname)%00%(*objectname) [20ms]
2025-06-04 18:37:28.706 [info] > git status -z -uall [83ms]
2025-06-04 18:38:04.482 [info] > git fetch [1178ms]
2025-06-04 18:38:04.534 [info] > git config --get commit.template [24ms]
2025-06-04 18:38:04.556 [info] > git for-each-ref --format=%(refname)%00%(upstream:short)%00%(objectname)%00%(upstream:track)%00%(upstream:remotename)%00%(upstream:remoteref) refs/heads/main refs/remotes/main [26ms]
2025-06-04 18:38:04.594 [info] > git ls-files --stage -- src/main.js [39ms]
2025-06-04 18:38:04.614 [info] > git for-each-ref --sort -committerdate --format %(refname)%00%(objectname)%00%(*objectname) [21ms]
2025-06-04 18:38:04.626 [info] > git cat-file -s 38d7d1d57cb76593fdb369481a32d5b8485632c4 [13ms]
2025-06-04 18:38:04.628 [info] > git status -z -uall [51ms]
2025-06-04 18:38:04.660 [info] > git show --textconv :src/main.js [9ms]
2025-06-04 18:38:05.658 [info] > git ls-files --stage -- src/main.js [5ms]
2025-06-04 18:38:05.682 [info] > git cat-file -s 38d7d1d57cb76593fdb369481a32d5b8485632c4 [7ms]
2025-06-04 18:38:05.709 [info] > git show --textconv :src/main.js [5ms]
2025-06-04 18:38:13.391 [info] > git config --get commit.template [39ms]
2025-06-04 18:38:13.401 [info] > git for-each-ref --format=%(refname)%00%(upstream:short)%00%(objectname)%00%(upstream:track)%00%(upstream:remotename)%00%(upstream:remoteref) refs/heads/main refs/remotes/main [11ms]
2025-06-04 18:38:13.564 [info] > git for-each-ref --sort -committerdate --format %(refname)%00%(objectname)%00%(*objectname) [64ms]
2025-06-04 18:38:13.602 [info] > git status -z -uall [154ms]
2025-06-04 18:43:32.194 [info] > git ls-files --stage -- src/main.js [13ms]
2025-06-04 18:43:32.224 [info] > git fetch [1433ms]
2025-06-04 18:43:32.251 [info] > git cat-file -s 38d7d1d57cb76593fdb369481a32d5b8485632c4 [33ms]
2025-06-04 18:43:32.322 [info] > git show --textconv :src/main.js [11ms]
2025-06-04 18:43:32.322 [info] > git for-each-ref --format=%(refname)%00%(upstream:short)%00%(objectname)%00%(upstream:track)%00%(upstream:remotename)%00%(upstream:remoteref) refs/heads/main refs/remotes/main [48ms]
2025-06-04 18:43:32.323 [info] > git config --get commit.template [74ms]
2025-06-04 18:43:32.390 [info] > git for-each-ref --sort -committerdate --format %(refname)%00%(objectname)%00%(*objectname) [11ms]
2025-06-04 18:43:32.458 [info] > git status -z -uall [102ms]
2025-06-04 18:43:33.429 [info] > git ls-files --stage -- src/main.js [12ms]
2025-06-04 18:43:33.461 [info] > git cat-file -s 38d7d1d57cb76593fdb369481a32d5b8485632c4 [6ms]
2025-06-04 18:43:33.505 [info] > git show --textconv :src/main.js [10ms]
2025-06-04 18:44:16.722 [info] > git config --get commit.template [77ms]
2025-06-04 18:44:16.768 [info] > git for-each-ref --format=%(refname)%00%(upstream:short)%00%(objectname)%00%(upstream:track)%00%(upstream:remotename)%00%(upstream:remoteref) refs/heads/main refs/remotes/main [71ms]
2025-06-04 18:44:16.936 [info] > git for-each-ref --sort -committerdate --format %(refname)%00%(objectname)%00%(*objectname) [45ms]
2025-06-04 18:44:17.216 [info] > git status -z -uall [377ms]
2025-06-04 18:46:33.631 [info] > git fetch [1083ms]
2025-06-04 18:46:33.677 [info] > git config --get commit.template [5ms]
2025-06-04 18:46:33.707 [info] > git for-each-ref --format=%(refname)%00%(upstream:short)%00%(objectname)%00%(upstream:track)%00%(upstream:remotename)%00%(upstream:remoteref) refs/heads/main refs/remotes/main [4ms]
2025-06-04 18:46:33.762 [info] > git for-each-ref --sort -committerdate --format %(refname)%00%(objectname)%00%(*objectname) [3ms]
2025-06-04 18:46:33.813 [info] > git status -z -uall [80ms]
2025-06-04 18:46:34.889 [info] > git ls-files --stage -- src/main.js [17ms]
2025-06-04 18:46:34.929 [info] > git cat-file -s 38d7d1d57cb76593fdb369481a32d5b8485632c4 [9ms]
2025-06-04 18:46:34.964 [info] > git show --textconv :src/main.js [2ms]
2025-06-04 18:46:58.774 [info] > git config --get commit.template [31ms]
2025-06-04 18:46:58.781 [info] > git for-each-ref --format=%(refname)%00%(upstream:short)%00%(objectname)%00%(upstream:track)%00%(upstream:remotename)%00%(upstream:remoteref) refs/heads/main refs/remotes/main [8ms]
2025-06-04 18:46:58.847 [info] > git for-each-ref --sort -committerdate --format %(refname)%00%(objectname)%00%(*objectname) [11ms]
2025-06-04 18:46:58.866 [info] > git status -z -uall [56ms]
2025-06-04 18:49:27.236 [info] > git config --get commit.template [25ms]
2025-06-04 18:49:27.245 [info] > git for-each-ref --format=%(refname)%00%(upstream:short)%00%(objectname)%00%(upstream:track)%00%(upstream:remotename)%00%(upstream:remoteref) refs/heads/main refs/remotes/main [15ms]
2025-06-04 18:49:27.308 [info] > git for-each-ref --sort -committerdate --format %(refname)%00%(objectname)%00%(*objectname) [21ms]
2025-06-04 18:49:27.331 [info] > git status -z -uall [66ms]
2025-06-04 18:49:34.848 [info] > git fetch [995ms]
2025-06-04 18:49:34.901 [info] > git config --get commit.template [26ms]
2025-06-04 18:49:34.924 [info] > git for-each-ref --format=%(refname)%00%(upstream:short)%00%(objectname)%00%(upstream:track)%00%(upstream:remotename)%00%(upstream:remoteref) refs/heads/main refs/remotes/main [26ms]
2025-06-04 18:49:35.009 [info] > git for-each-ref --sort -committerdate --format %(refname)%00%(objectname)%00%(*objectname) [16ms]
2025-06-04 18:49:35.038 [info] > git status -z -uall [65ms]
2025-06-04 18:49:36.076 [info] > git ls-files --stage -- src/main.js [14ms]
2025-06-04 18:49:36.110 [info] > git cat-file -s 38d7d1d57cb76593fdb369481a32d5b8485632c4 [11ms]
2025-06-04 18:49:36.171 [info] > git show --textconv :src/main.js [9ms]
2025-06-04 18:51:20.899 [info] > git config --get commit.template [46ms]
2025-06-04 18:51:20.910 [info] > git for-each-ref --format=%(refname)%00%(upstream:short)%00%(objectname)%00%(upstream:track)%00%(upstream:remotename)%00%(upstream:remoteref) refs/heads/main refs/remotes/main [33ms]
2025-06-04 18:51:20.993 [info] > git for-each-ref --sort -committerdate --format %(refname)%00%(objectname)%00%(*objectname) [32ms]
2025-06-04 18:51:21.025 [info] > git status -z -uall [94ms]
2025-06-04 18:52:07.284 [info] > git config --get commit.template [56ms]
2025-06-04 18:52:07.301 [info] > git for-each-ref --format=%(refname)%00%(upstream:short)%00%(objectname)%00%(upstream:track)%00%(upstream:remotename)%00%(upstream:remoteref) refs/heads/main refs/remotes/main [19ms]
2025-06-04 18:52:07.426 [info] > git for-each-ref --sort -committerdate --format %(refname)%00%(objectname)%00%(*objectname) [27ms]
2025-06-04 18:52:07.491 [info] > git status -z -uall [142ms]
2025-06-04 18:52:36.135 [info] > git fetch [1048ms]
2025-06-04 18:52:36.180 [info] > git config --get commit.template [22ms]
2025-06-04 18:52:36.187 [info] > git for-each-ref --format=%(refname)%00%(upstream:short)%00%(objectname)%00%(upstream:track)%00%(upstream:remotename)%00%(upstream:remoteref) refs/heads/main refs/remotes/main [8ms]
2025-06-04 18:52:36.235 [info] > git for-each-ref --sort -committerdate --format %(refname)%00%(objectname)%00%(*objectname) [5ms]
2025-06-04 18:52:36.279 [info] > git status -z -uall [71ms]
2025-06-04 18:52:37.375 [info] > git ls-files --stage -- src/main.js [10ms]
2025-06-04 18:52:37.404 [info] > git cat-file -s 38d7d1d57cb76593fdb369481a32d5b8485632c4 [9ms]
2025-06-04 18:52:37.437 [info] > git show --textconv :src/main.js [8ms]
2025-06-04 18:52:47.361 [info] > git for-each-ref --format=%(refname)%00%(upstream:short)%00%(objectname)%00%(upstream:track)%00%(upstream:remotename)%00%(upstream:remoteref) refs/heads/main refs/remotes/main [13ms]
2025-06-04 18:52:47.362 [info] > git config --get commit.template [77ms]
2025-06-04 18:52:47.490 [info] > git for-each-ref --sort -committerdate --format %(refname)%00%(objectname)%00%(*objectname) [21ms]
2025-06-04 18:52:47.546 [info] > git status -z -uall [129ms]
2025-06-04 18:55:07.744 [info] > git config --get commit.template [59ms]
2025-06-04 18:55:07.771 [info] > git for-each-ref --format=%(refname)%00%(upstream:short)%00%(objectname)%00%(upstream:track)%00%(upstream:remotename)%00%(upstream:remoteref) refs/heads/main refs/remotes/main [43ms]
2025-06-04 18:55:07.843 [info] > git for-each-ref --sort -committerdate --format %(refname)%00%(objectname)%00%(*objectname) [18ms]
2025-06-04 18:55:07.867 [info] > git status -z -uall [66ms]
2025-06-04 18:55:30.224 [info] > git config --get commit.template [46ms]
2025-06-04 18:55:30.268 [info] > git for-each-ref --format=%(refname)%00%(upstream:short)%00%(objectname)%00%(upstream:track)%00%(upstream:remotename)%00%(upstream:remoteref) refs/heads/main refs/remotes/main [44ms]
2025-06-04 18:55:30.396 [info] > git for-each-ref --sort -committerdate --format %(refname)%00%(objectname)%00%(*objectname) [34ms]
2025-06-04 18:55:30.458 [info] > git status -z -uall [136ms]
2025-06-04 18:55:37.768 [info] > git ls-files --stage -- src/main.js [14ms]
2025-06-04 18:55:37.810 [info] > git cat-file -s 38d7d1d57cb76593fdb369481a32d5b8485632c4 [12ms]
2025-06-04 18:55:37.851 [info] > git show --textconv :src/main.js [9ms]
2025-06-04 18:55:39.710 [info] > git fetch [3375ms]
2025-06-04 18:55:39.783 [info] > git config --get commit.template [36ms]
2025-06-04 18:55:39.796 [info] > git for-each-ref --format=%(refname)%00%(upstream:short)%00%(objectname)%00%(upstream:track)%00%(upstream:remotename)%00%(upstream:remoteref) refs/heads/main refs/remotes/main [15ms]
2025-06-04 18:55:39.904 [info] > git for-each-ref --sort -committerdate --format %(refname)%00%(objectname)%00%(*objectname) [40ms]
2025-06-04 18:55:39.999 [info] > git status -z -uall [176ms]
2025-06-04 18:55:41.006 [info] > git ls-files --stage -- src/main.js [5ms]
2025-06-04 18:55:41.036 [info] > git cat-file -s 38d7d1d57cb76593fdb369481a32d5b8485632c4 [11ms]
2025-06-04 18:55:41.087 [info] > git show --textconv :src/main.js [18ms]
2025-06-04 18:56:34.823 [info] > git config --get commit.template [37ms]
2025-06-04 18:56:34.838 [info] > git for-each-ref --format=%(refname)%00%(upstream:short)%00%(objectname)%00%(upstream:track)%00%(upstream:remotename)%00%(upstream:remoteref) refs/heads/main refs/remotes/main [29ms]
2025-06-04 18:56:34.920 [info] > git for-each-ref --sort -committerdate --format %(refname)%00%(objectname)%00%(*objectname) [29ms]
2025-06-04 18:56:34.948 [info] > git status -z -uall [85ms]
2025-06-04 18:57:15.707 [info] > git config --get commit.template [48ms]
2025-06-04 18:57:15.725 [info] > git for-each-ref --format=%(refname)%00%(upstream:short)%00%(objectname)%00%(upstream:track)%00%(upstream:remotename)%00%(upstream:remoteref) refs/heads/main refs/remotes/main [39ms]
2025-06-04 18:57:15.788 [info] > git for-each-ref --sort -committerdate --format %(refname)%00%(objectname)%00%(*objectname) [13ms]
2025-06-04 18:57:15.829 [info] > git status -z -uall [78ms]
2025-06-04 18:57:34.014 [info] > git config --get commit.template [33ms]
2025-06-04 18:57:34.022 [info] > git for-each-ref --format=%(refname)%00%(upstream:short)%00%(objectname)%00%(upstream:track)%00%(upstream:remotename)%00%(upstream:remoteref) refs/heads/main refs/remotes/main [12ms]
2025-06-04 18:57:34.132 [info] > git for-each-ref --sort -committerdate --format %(refname)%00%(objectname)%00%(*objectname) [36ms]
2025-06-04 18:57:34.141 [info] > git status -z -uall [81ms]
2025-06-04 18:58:41.173 [info] > git fetch [1090ms]
2025-06-04 18:58:41.238 [info] > git config --get commit.template [33ms]
2025-06-04 18:58:41.249 [info] > git for-each-ref --format=%(refname)%00%(upstream:short)%00%(objectname)%00%(upstream:track)%00%(upstream:remotename)%00%(upstream:remoteref) refs/heads/main refs/remotes/main [20ms]
2025-06-04 18:58:41.304 [info] > git for-each-ref --sort -committerdate --format %(refname)%00%(objectname)%00%(*objectname) [7ms]
2025-06-04 18:58:41.348 [info] > git status -z -uall [73ms]
2025-06-04 18:58:42.397 [info] > git ls-files --stage -- src/main.js [8ms]
2025-06-04 18:58:42.438 [info] > git cat-file -s 38d7d1d57cb76593fdb369481a32d5b8485632c4 [10ms]
2025-06-04 18:58:42.488 [info] > git show --textconv :src/main.js [10ms]
2025-06-04 19:01:42.776 [info] > git ls-files --stage -- src/main.js [12ms]
2025-06-04 19:01:42.811 [info] > git cat-file -s 38d7d1d57cb76593fdb369481a32d5b8485632c4 [13ms]
2025-06-04 19:01:42.841 [info] > git show --textconv :src/main.js [9ms]
2025-06-04 19:01:42.932 [info] > git fetch [1497ms]
2025-06-04 19:01:42.998 [info] > git config --get commit.template [25ms]
2025-06-04 19:01:43.001 [info] > git for-each-ref --format=%(refname)%00%(upstream:short)%00%(objectname)%00%(upstream:track)%00%(upstream:remotename)%00%(upstream:remoteref) refs/heads/main refs/remotes/main [7ms]
2025-06-04 19:01:43.059 [info] > git for-each-ref --sort -committerdate --format %(refname)%00%(objectname)%00%(*objectname) [3ms]
2025-06-04 19:01:43.093 [info] > git status -z -uall [68ms]
2025-06-04 19:01:44.184 [info] > git ls-files --stage -- src/main.js [19ms]
2025-06-04 19:01:44.216 [info] > git cat-file -s 38d7d1d57cb76593fdb369481a32d5b8485632c4 [5ms]
2025-06-04 19:01:44.245 [info] > git show --textconv :src/main.js [6ms]
2025-06-04 19:01:57.363 [info] > git config --get commit.template [25ms]
2025-06-04 19:01:57.366 [info] > git for-each-ref --format=%(refname)%00%(upstream:short)%00%(objectname)%00%(upstream:track)%00%(upstream:remotename)%00%(upstream:remoteref) refs/heads/main refs/remotes/main [9ms]
2025-06-04 19:01:57.419 [info] > git for-each-ref --sort -committerdate --format %(refname)%00%(objectname)%00%(*objectname) [9ms]
2025-06-04 19:01:57.436 [info] > git status -z -uall [50ms]
2025-06-04 19:02:51.865 [info] > git config --get commit.template [43ms]
2025-06-04 19:02:51.886 [info] > git for-each-ref --format=%(refname)%00%(upstream:short)%00%(objectname)%00%(upstream:track)%00%(upstream:remotename)%00%(upstream:remoteref) refs/heads/main refs/remotes/main [38ms]
2025-06-04 19:02:51.949 [info] > git for-each-ref --sort -committerdate --format %(refname)%00%(objectname)%00%(*objectname) [21ms]
2025-06-04 19:02:51.964 [info] > git status -z -uall [55ms]
2025-06-04 19:04:44.194 [info] > git fetch [990ms]
2025-06-04 19:04:44.244 [info] > git config --get commit.template [20ms]
2025-06-04 19:04:44.249 [info] > git for-each-ref --format=%(refname)%00%(upstream:short)%00%(objectname)%00%(upstream:track)%00%(upstream:remotename)%00%(upstream:remoteref) refs/heads/main refs/remotes/main [8ms]
2025-06-04 19:04:44.307 [info] > git for-each-ref --sort -committerdate --format %(refname)%00%(objectname)%00%(*objectname) [19ms]
2025-06-04 19:04:44.332 [info] > git status -z -uall [62ms]
2025-06-04 19:04:45.397 [info] > git ls-files --stage -- src/main.js [7ms]
2025-06-04 19:04:45.432 [info] > git cat-file -s 38d7d1d57cb76593fdb369481a32d5b8485632c4 [7ms]
2025-06-04 19:04:45.464 [info] > git show --textconv :src/main.js [3ms]
2025-06-04 19:07:45.448 [info] > git fetch [985ms]
2025-06-04 19:07:45.525 [info] > git config --get commit.template [34ms]
2025-06-04 19:07:45.549 [info] > git for-each-ref --format=%(refname)%00%(upstream:short)%00%(objectname)%00%(upstream:track)%00%(upstream:remotename)%00%(upstream:remoteref) refs/heads/main refs/remotes/main [29ms]
2025-06-04 19:07:45.688 [info] > git for-each-ref --sort -committerdate --format %(refname)%00%(objectname)%00%(*objectname) [21ms]
2025-06-04 19:07:45.723 [info] > git status -z -uall [94ms]
2025-06-04 19:07:46.696 [info] > git ls-files --stage -- src/main.js [11ms]
2025-06-04 19:07:46.722 [info] > git cat-file -s 38d7d1d57cb76593fdb369481a32d5b8485632c4 [6ms]
2025-06-04 19:07:46.750 [info] > git show --textconv :src/main.js [4ms]
2025-06-04 19:10:47.161 [info] > git ls-files --stage -- src/main.js [13ms]
2025-06-04 19:10:47.193 [info] > git cat-file -s 38d7d1d57cb76593fdb369481a32d5b8485632c4 [17ms]
2025-06-04 19:10:47.231 [info] > git show --textconv :src/main.js [9ms]
2025-06-04 19:10:47.409 [info] > git fetch [1596ms]
2025-06-04 19:10:47.460 [info] > git config --get commit.template [21ms]
2025-06-04 19:10:47.467 [info] > git for-each-ref --format=%(refname)%00%(upstream:short)%00%(objectname)%00%(upstream:track)%00%(upstream:remotename)%00%(upstream:remoteref) refs/heads/main refs/remotes/main [9ms]
2025-06-04 19:10:47.542 [info] > git for-each-ref --sort -committerdate --format %(refname)%00%(objectname)%00%(*objectname) [21ms]
2025-06-04 19:10:47.558 [info] > git status -z -uall [60ms]
2025-06-04 19:10:48.590 [info] > git ls-files --stage -- src/main.js [6ms]
2025-06-04 19:10:48.612 [info] > git cat-file -s 38d7d1d57cb76593fdb369481a32d5b8485632c4 [1ms]
2025-06-04 19:10:48.638 [info] > git show --textconv :src/main.js [6ms]
2025-06-04 19:12:40.567 [info] > git config --get commit.template [59ms]
2025-06-04 19:12:40.589 [info] > git for-each-ref --format=%(refname)%00%(upstream:short)%00%(objectname)%00%(upstream:track)%00%(upstream:remotename)%00%(upstream:remoteref) refs/heads/main refs/remotes/main [59ms]
2025-06-04 19:12:40.722 [info] > git for-each-ref --sort -committerdate --format %(refname)%00%(objectname)%00%(*objectname) [62ms]
2025-06-04 19:12:40.797 [info] > git status -z -uall [179ms]
2025-06-04 19:13:14.382 [info] > git config --get commit.template [87ms]
2025-06-04 19:13:14.445 [info] > git for-each-ref --format=%(refname)%00%(upstream:short)%00%(objectname)%00%(upstream:track)%00%(upstream:remotename)%00%(upstream:remoteref) refs/heads/main refs/remotes/main [73ms]
2025-06-04 19:13:14.688 [info] > git for-each-ref --sort -committerdate --format %(refname)%00%(objectname)%00%(*objectname) [121ms]
2025-06-04 19:13:14.755 [info] > git status -z -uall [286ms]
2025-06-04 19:13:49.191 [info] > git ls-files --stage -- src/main.js [12ms]
2025-06-04 19:13:49.234 [info] > git cat-file -s 38d7d1d57cb76593fdb369481a32d5b8485632c4 [20ms]
2025-06-04 19:13:49.348 [info] > git show --textconv :src/main.js [24ms]
2025-06-04 19:13:55.187 [info] > git fetch [7579ms]
2025-06-04 19:13:55.246 [info] > git config --get commit.template [26ms]
2025-06-04 19:13:55.254 [info] > git for-each-ref --format=%(refname)%00%(upstream:short)%00%(objectname)%00%(upstream:track)%00%(upstream:remotename)%00%(upstream:remoteref) refs/heads/main refs/remotes/main [10ms]
2025-06-04 19:13:55.299 [info] > git for-each-ref --sort -committerdate --format %(refname)%00%(objectname)%00%(*objectname) [6ms]
2025-06-04 19:13:55.322 [info] > git status -z -uall [49ms]
2025-06-04 19:13:56.413 [info] > git ls-files --stage -- src/main.js [8ms]
2025-06-04 19:13:56.437 [info] > git cat-file -s 38d7d1d57cb76593fdb369481a32d5b8485632c4 [7ms]
2025-06-04 19:13:56.471 [info] > git show --textconv :src/main.js [7ms]
2025-06-04 19:15:20.317 [info] > git config --get commit.template [29ms]
2025-06-04 19:15:20.327 [info] > git for-each-ref --format=%(refname)%00%(upstream:short)%00%(objectname)%00%(upstream:track)%00%(upstream:remotename)%00%(upstream:remoteref) refs/heads/main refs/remotes/main [12ms]
2025-06-04 19:15:20.389 [info] > git status -z -uall [30ms]
2025-06-04 19:15:20.409 [info] > git for-each-ref --sort -committerdate --format %(refname)%00%(objectname)%00%(*objectname) [22ms]
2025-06-04 19:15:20.422 [info] > git ls-files --stage -- src/main.js [15ms]
2025-06-04 19:15:20.449 [info] > git cat-file -s c5c5914ca9dca5d8aa38311eb6565b11640bbe2d [9ms]
2025-06-04 19:15:20.499 [info] > git show --textconv :src/main.js [7ms]
2025-06-04 19:15:20.799 [info] > git show --textconv HEAD:src/main.js [28ms]
2025-06-04 19:15:20.808 [info] > git ls-tree -l HEAD -- src/main.js [10ms]
2025-06-04 19:15:39.139 [info] > git config --get commit.template [20ms]
2025-06-04 19:15:39.144 [info] > git for-each-ref --format=%(refname)%00%(upstream:short)%00%(objectname)%00%(upstream:track)%00%(upstream:remotename)%00%(upstream:remoteref) refs/heads/main refs/remotes/main [7ms]
2025-06-04 19:15:39.189 [info] > git status -z -uall [22ms]
2025-06-04 19:15:39.212 [info] > git for-each-ref --sort -committerdate --format %(refname)%00%(objectname)%00%(*objectname) [26ms]
2025-06-04 19:15:39.278 [info] > git merge-base refs/heads/main refs/remotes/origin/main [22ms]
2025-06-04 19:15:39.297 [info] > git ls-files --stage -- src/main.js [86ms]
2025-06-04 19:15:39.327 [info] > git diff --name-status -z --diff-filter=ADMR bd438e543b73ed533248ae649a1f5f95c5a79925...refs/remotes/origin/main [30ms]
2025-06-04 19:15:39.329 [info] > git ls-tree -l HEAD -- src/main.js [53ms]
2025-06-04 19:15:39.332 [info] > git cat-file -s c5c5914ca9dca5d8aa38311eb6565b11640bbe2d [10ms]
2025-06-04 19:15:39.366 [info] > git blame --root --incremental b275ee63a61df1903e46e1429e274a988704aab4 -- src/main.js [129ms]
2025-06-04 19:15:39.391 [info] > git show --textconv HEAD:src/main.js [25ms]
2025-06-04 19:15:39.397 [info] > git show --textconv :src/main.js [9ms]
2025-06-04 19:16:05.887 [info] > git config --get commit.template [26ms]
2025-06-04 19:16:05.893 [info] > git for-each-ref --format=%(refname)%00%(upstream:short)%00%(objectname)%00%(upstream:track)%00%(upstream:remotename)%00%(upstream:remoteref) refs/heads/main refs/remotes/main [7ms]
2025-06-04 19:16:05.944 [info] > git status -z -uall [20ms]
2025-06-04 19:16:05.977 [info] > git for-each-ref --sort -committerdate --format %(refname)%00%(objectname)%00%(*objectname) [35ms]
2025-06-04 19:16:06.005 [info] > git ls-files --stage -- src/main.js [30ms]
2025-06-04 19:16:06.032 [info] > git cat-file -s c5c5914ca9dca5d8aa38311eb6565b11640bbe2d [6ms]
2025-06-04 19:16:06.034 [info] > git merge-base refs/heads/main refs/remotes/origin/main [33ms]
2025-06-04 19:16:06.082 [info] > git diff --name-status -z --diff-filter=ADMR b275ee63a61df1903e46e1429e274a988704aab4...refs/remotes/origin/main [26ms]
2025-06-04 19:16:06.093 [info] > git show --textconv :src/main.js [13ms]
2025-06-04 19:16:56.598 [info] > git fetch [1194ms]
2025-06-04 19:16:56.649 [info] > git config --get commit.template [7ms]
2025-06-04 19:16:56.682 [info] > git for-each-ref --format=%(refname)%00%(upstream:short)%00%(objectname)%00%(upstream:track)%00%(upstream:remotename)%00%(upstream:remoteref) refs/heads/main refs/remotes/main [9ms]
2025-06-04 19:16:56.757 [info] > git status -z -uall [26ms]
2025-06-04 19:16:56.757 [info] > git for-each-ref --sort -committerdate --format %(refname)%00%(objectname)%00%(*objectname) [2ms]
2025-06-04 19:16:56.763 [info] > git ls-files --stage -- src/main.js [55ms]
2025-06-04 19:16:56.791 [info] > git cat-file -s c5c5914ca9dca5d8aa38311eb6565b11640bbe2d [8ms]
2025-06-04 19:16:56.829 [info] > git show --textconv :src/main.js [7ms]
2025-06-04 19:16:57.816 [info] > git ls-files --stage -- src/main.js [7ms]
2025-06-04 19:16:57.844 [info] > git cat-file -s c5c5914ca9dca5d8aa38311eb6565b11640bbe2d [7ms]
2025-06-04 19:16:57.876 [info] > git show --textconv :src/main.js [8ms]
2025-06-04 19:19:58.220 [info] > git ls-files --stage -- src/main.js [11ms]
2025-06-04 19:19:58.253 [info] > git cat-file -s c5c5914ca9dca5d8aa38311eb6565b11640bbe2d [10ms]
2025-06-04 19:19:58.295 [info] > git show --textconv :src/main.js [8ms]
2025-06-04 19:19:59.027 [info] > git fetch [2140ms]
2025-06-04 19:19:59.092 [info] > git config --get commit.template [21ms]
2025-06-04 19:19:59.117 [info] > git for-each-ref --format=%(refname)%00%(upstream:short)%00%(objectname)%00%(upstream:track)%00%(upstream:remotename)%00%(upstream:remoteref) refs/heads/main refs/remotes/main [8ms]
2025-06-04 19:19:59.162 [info] > git status -z -uall [19ms]
2025-06-04 19:19:59.168 [info] > git for-each-ref --sort -committerdate --format %(refname)%00%(objectname)%00%(*objectname) [7ms]
2025-06-04 19:20:00.287 [info] > git ls-files --stage -- src/main.js [11ms]
2025-06-04 19:20:00.316 [info] > git cat-file -s c5c5914ca9dca5d8aa38311eb6565b11640bbe2d [5ms]
2025-06-04 19:20:00.350 [info] > git show --textconv :src/main.js [7ms]
2025-06-04 19:22:27.737 [info] > git config --get commit.template [30ms]
2025-06-04 19:22:27.746 [info] > git for-each-ref --format=%(refname)%00%(upstream:short)%00%(objectname)%00%(upstream:track)%00%(upstream:remotename)%00%(upstream:remoteref) refs/heads/main refs/remotes/main [18ms]
2025-06-04 19:22:27.876 [info] > git status -z -uall [89ms]
2025-06-04 19:22:28.068 [info] > git for-each-ref --sort -committerdate --format %(refname)%00%(objectname)%00%(*objectname) [198ms]
2025-06-04 19:22:43.930 [info] > git config --get commit.template [49ms]
2025-06-04 19:22:43.940 [info] > git for-each-ref --format=%(refname)%00%(upstream:short)%00%(objectname)%00%(upstream:track)%00%(upstream:remotename)%00%(upstream:remoteref) refs/heads/main refs/remotes/main [37ms]
2025-06-04 19:22:43.995 [info] > git status -z -uall [28ms]
2025-06-04 19:22:44.003 [info] > git for-each-ref --sort -committerdate --format %(refname)%00%(objectname)%00%(*objectname) [16ms]
2025-06-04 19:23:00.615 [info] > git fetch [1383ms]
2025-06-04 19:23:00.652 [info] > git ls-files --stage -- src/main.js [42ms]
2025-06-04 19:23:00.681 [info] > git config --get commit.template [29ms]
2025-06-04 19:23:00.708 [info] > git cat-file -s c5c5914ca9dca5d8aa38311eb6565b11640bbe2d [30ms]
2025-06-04 19:23:00.746 [info] > git for-each-ref --format=%(refname)%00%(upstream:short)%00%(objectname)%00%(upstream:track)%00%(upstream:remotename)%00%(upstream:remoteref) refs/heads/main refs/remotes/main [40ms]
2025-06-04 19:23:00.798 [info] > git show --textconv :src/main.js [54ms]
2025-06-04 19:23:00.801 [info] > git status -z -uall [30ms]
2025-06-04 19:23:00.807 [info] > git for-each-ref --sort -committerdate --format %(refname)%00%(objectname)%00%(*objectname) [12ms]
2025-06-04 19:23:02.061 [info] > git ls-files --stage -- src/main.js [27ms]
2025-06-04 19:23:02.101 [info] > git cat-file -s c5c5914ca9dca5d8aa38311eb6565b11640bbe2d [10ms]
2025-06-04 19:23:02.140 [info] > git show --textconv :src/main.js [9ms]
2025-06-04 19:26:01.940 [info] > git fetch [999ms]
2025-06-04 19:26:02.029 [info] > git for-each-ref --format=%(refname)%00%(upstream:short)%00%(objectname)%00%(upstream:track)%00%(upstream:remotename)%00%(upstream:remoteref) refs/heads/main refs/remotes/main [29ms]
2025-06-04 19:26:02.030 [info] > git config --get commit.template [52ms]
2025-06-04 19:26:02.076 [info] > git status -z -uall [22ms]
2025-06-04 19:26:02.087 [info] > git for-each-ref --sort -committerdate --format %(refname)%00%(objectname)%00%(*objectname) [14ms]
2025-06-04 19:26:03.176 [info] > git ls-files --stage -- src/main.js [8ms]
2025-06-04 19:26:03.210 [info] > git cat-file -s c5c5914ca9dca5d8aa38311eb6565b11640bbe2d [7ms]
2025-06-04 19:26:03.239 [info] > git show --textconv :src/main.js [7ms]
2025-06-04 19:27:46.491 [info] > git config --get commit.template [89ms]
2025-06-04 19:27:46.496 [info] > git for-each-ref --format=%(refname)%00%(upstream:short)%00%(objectname)%00%(upstream:track)%00%(upstream:remotename)%00%(upstream:remoteref) refs/heads/main refs/remotes/main [70ms]
2025-06-04 19:27:46.542 [info] > git status -z -uall [25ms]
2025-06-04 19:27:46.551 [info] > git for-each-ref --sort -committerdate --format %(refname)%00%(objectname)%00%(*objectname) [14ms]
2025-06-04 19:29:03.171 [info] > git fetch [1015ms]
2025-06-04 19:29:03.229 [info] > git config --get commit.template [28ms]
2025-06-04 19:29:03.237 [info] > git for-each-ref --format=%(refname)%00%(upstream:short)%00%(objectname)%00%(upstream:track)%00%(upstream:remotename)%00%(upstream:remoteref) refs/heads/main refs/remotes/main [10ms]
2025-06-04 19:29:03.281 [info] > git status -z -uall [24ms]
2025-06-04 19:29:03.286 [info] > git for-each-ref --sort -committerdate --format %(refname)%00%(objectname)%00%(*objectname) [9ms]
2025-06-04 19:29:04.373 [info] > git ls-files --stage -- src/main.js [8ms]
2025-06-04 19:29:04.400 [info] > git cat-file -s c5c5914ca9dca5d8aa38311eb6565b11640bbe2d [6ms]
2025-06-04 19:29:04.431 [info] > git show --textconv :src/main.js [8ms]
2025-06-04 19:32:04.896 [info] > git ls-files --stage -- src/main.js [44ms]
2025-06-04 19:32:05.027 [info] > git cat-file -s c5c5914ca9dca5d8aa38311eb6565b11640bbe2d [38ms]
2025-06-04 19:32:05.091 [info] > git show --textconv :src/main.js [16ms]
2025-06-04 19:32:05.820 [info] > git fetch [2348ms]
2025-06-04 19:32:05.965 [info] > git config --get commit.template [42ms]
2025-06-04 19:32:05.973 [info] > git for-each-ref --format=%(refname)%00%(upstream:short)%00%(objectname)%00%(upstream:track)%00%(upstream:remotename)%00%(upstream:remoteref) refs/heads/main refs/remotes/main [11ms]
2025-06-04 19:32:06.052 [info] > git status -z -uall [49ms]
2025-06-04 19:32:06.052 [info] > git for-each-ref --sort -committerdate --format %(refname)%00%(objectname)%00%(*objectname) [14ms]
2025-06-04 19:32:07.085 [info] > git ls-files --stage -- src/main.js [10ms]
2025-06-04 19:32:07.115 [info] > git cat-file -s c5c5914ca9dca5d8aa38311eb6565b11640bbe2d [6ms]
2025-06-04 19:32:07.172 [info] > git show --textconv :src/main.js [23ms]
2025-06-04 19:32:51.812 [info] > git config --get commit.template [75ms]
2025-06-04 19:32:51.816 [info] > git for-each-ref --format=%(refname)%00%(upstream:short)%00%(objectname)%00%(upstream:track)%00%(upstream:remotename)%00%(upstream:remoteref) refs/heads/main refs/remotes/main [47ms]
2025-06-04 19:32:51.870 [info] > git status -z -uall [28ms]
2025-06-04 19:32:51.878 [info] > git for-each-ref --sort -committerdate --format %(refname)%00%(objectname)%00%(*objectname) [14ms]
2025-06-04 19:32:56.941 [info] > git config --get commit.template [23ms]
2025-06-04 19:32:56.946 [info] > git for-each-ref --format=%(refname)%00%(upstream:short)%00%(objectname)%00%(upstream:track)%00%(upstream:remotename)%00%(upstream:remoteref) refs/heads/main refs/remotes/main [7ms]
2025-06-04 19:32:56.991 [info] > git status -z -uall [24ms]
2025-06-04 19:32:57.001 [info] > git for-each-ref --sort -committerdate --format %(refname)%00%(objectname)%00%(*objectname) [11ms]
2025-06-04 19:33:02.118 [info] > git config --get commit.template [50ms]
2025-06-04 19:33:02.121 [info] > git for-each-ref --format=%(refname)%00%(upstream:short)%00%(objectname)%00%(upstream:track)%00%(upstream:remotename)%00%(upstream:remoteref) refs/heads/main refs/remotes/main [22ms]
2025-06-04 19:33:02.174 [info] > git status -z -uall [26ms]
2025-06-04 19:33:02.182 [info] > git for-each-ref --sort -committerdate --format %(refname)%00%(objectname)%00%(*objectname) [10ms]
2025-06-04 19:33:28.588 [info] > git config --get commit.template [42ms]
2025-06-04 19:33:28.592 [info] > git for-each-ref --format=%(refname)%00%(upstream:short)%00%(objectname)%00%(upstream:track)%00%(upstream:remotename)%00%(upstream:remoteref) refs/heads/main refs/remotes/main [21ms]
2025-06-04 19:33:28.649 [info] > git status -z -uall [24ms]
2025-06-04 19:33:28.663 [info] > git for-each-ref --sort -committerdate --format %(refname)%00%(objectname)%00%(*objectname) [15ms]
2025-06-04 19:34:59.859 [info] > git config --get commit.template [33ms]
2025-06-04 19:34:59.886 [info] > git for-each-ref --format=%(refname)%00%(upstream:short)%00%(objectname)%00%(upstream:track)%00%(upstream:remotename)%00%(upstream:remoteref) refs/heads/main refs/remotes/main [30ms]
2025-06-04 19:34:59.930 [info] > git status -z -uall [25ms]
2025-06-04 19:34:59.941 [info] > git for-each-ref --sort -committerdate --format %(refname)%00%(objectname)%00%(*objectname) [13ms]
2025-06-04 19:35:07.375 [info] > git ls-files --stage -- src/main.js [11ms]
2025-06-04 19:35:07.405 [info] > git cat-file -s c5c5914ca9dca5d8aa38311eb6565b11640bbe2d [6ms]
2025-06-04 19:35:07.432 [info] > git show --textconv :src/main.js [6ms]
2025-06-04 19:35:13.427 [info] > git fetch [7320ms]
2025-06-04 19:35:13.486 [info] > git config --get commit.template [28ms]
2025-06-04 19:35:13.502 [info] > git for-each-ref --format=%(refname)%00%(upstream:short)%00%(objectname)%00%(upstream:track)%00%(upstream:remotename)%00%(upstream:remoteref) refs/heads/main refs/remotes/main [18ms]
2025-06-04 19:35:13.555 [info] > git status -z -uall [26ms]
2025-06-04 19:35:13.561 [info] > git for-each-ref --sort -committerdate --format %(refname)%00%(objectname)%00%(*objectname) [7ms]
2025-06-04 19:35:14.647 [info] > git ls-files --stage -- src/main.js [14ms]
2025-06-04 19:35:14.675 [info] > git cat-file -s c5c5914ca9dca5d8aa38311eb6565b11640bbe2d [8ms]
2025-06-04 19:35:14.712 [info] > git show --textconv :src/main.js [8ms]
2025-06-04 19:35:25.120 [info] > git config --get commit.template [97ms]
2025-06-04 19:35:25.123 [info] > git for-each-ref --format=%(refname)%00%(upstream:short)%00%(objectname)%00%(upstream:track)%00%(upstream:remotename)%00%(upstream:remoteref) refs/heads/main refs/remotes/main [76ms]
2025-06-04 19:35:25.207 [info] > git status -z -uall [45ms]
2025-06-04 19:35:25.228 [info] > git for-each-ref --sort -committerdate --format %(refname)%00%(objectname)%00%(*objectname) [27ms]
2025-06-04 19:36:19.012 [info] > git config --get commit.template [42ms]
2025-06-04 19:36:19.027 [info] > git for-each-ref --format=%(refname)%00%(upstream:short)%00%(objectname)%00%(upstream:track)%00%(upstream:remotename)%00%(upstream:remoteref) refs/heads/main refs/remotes/main [23ms]
2025-06-04 19:36:19.103 [info] > git status -z -uall [37ms]
2025-06-04 19:36:19.128 [info] > git for-each-ref --sort -committerdate --format %(refname)%00%(objectname)%00%(*objectname) [42ms]
2025-06-04 19:38:14.955 [info] > git ls-files --stage -- src/main.js [9ms]
2025-06-04 19:38:14.987 [info] > git cat-file -s c5c5914ca9dca5d8aa38311eb6565b11640bbe2d [9ms]
2025-06-04 19:38:15.036 [info] > git show --textconv :src/main.js [9ms]
2025-06-04 19:38:15.103 [info] > git fetch [1469ms]
2025-06-04 19:38:15.141 [info] > git config --get commit.template [2ms]
2025-06-04 19:38:15.166 [info] > git for-each-ref --format=%(refname)%00%(upstream:short)%00%(objectname)%00%(upstream:track)%00%(upstream:remotename)%00%(upstream:remoteref) refs/heads/main refs/remotes/main [2ms]
2025-06-04 19:38:15.219 [info] > git status -z -uall [27ms]
2025-06-04 19:38:15.222 [info] > git for-each-ref --sort -committerdate --format %(refname)%00%(objectname)%00%(*objectname) [8ms]
2025-06-04 19:38:16.375 [info] > git ls-files --stage -- src/main.js [10ms]
2025-06-04 19:38:16.406 [info] > git cat-file -s c5c5914ca9dca5d8aa38311eb6565b11640bbe2d [6ms]
2025-06-04 19:38:16.435 [info] > git show --textconv :src/main.js [1ms]
