2025-06-05 16:00:29.759 [info] [main] Log level: Info
2025-06-05 16:00:29.759 [info] [main] Validating found git in: "git"
2025-06-05 16:00:29.759 [info] [main] Using git "2.49.0" from "git"
2025-06-05 16:00:29.759 [info] [Model][doInitialScan] Initial repository scan started
2025-06-05 16:00:29.759 [info] > git rev-parse --show-toplevel [44ms]
2025-06-05 16:00:29.759 [info] > git rev-parse --git-dir --git-common-dir [54ms]
2025-06-05 16:00:29.759 [info] [Model][openRepository] Opened repository (path): /data/data/com.termux/files/home/project
2025-06-05 16:00:29.759 [info] [Model][openRepository] Opened repository (real path): /data/data/com.termux/files/home/project
2025-06-05 16:00:29.759 [info] > git rev-parse --show-toplevel [619ms]
2025-06-05 16:00:29.759 [info] > git config --get commit.template [643ms]
2025-06-05 16:00:29.768 [info] > git rev-parse --show-toplevel [45ms]
2025-06-05 16:00:29.800 [info] > git rev-parse --show-toplevel [13ms]
2025-06-05 16:00:29.802 [info] > git for-each-ref --format=%(refname)%00%(upstream:short)%00%(objectname)%00%(upstream:track)%00%(upstream:remotename)%00%(upstream:remoteref) refs/heads/main refs/remotes/main [45ms]
2025-06-05 16:00:29.878 [info] > git rev-parse --show-toplevel [56ms]
2025-06-05 16:00:29.880 [info] [Model][doInitialScan] Initial repository scan completed - repositories (1), closed repositories (0), parent repositories (0), unsafe repositories (0)
2025-06-05 16:00:29.983 [info] > git status -z -uall [130ms]
2025-06-05 16:00:29.983 [info] > git show --textconv :src/main.js [76ms]
2025-06-05 16:00:29.986 [info] > git for-each-ref --sort -committerdate --format %(refname)%00%(objectname)%00%(*objectname) [111ms]
2025-06-05 16:00:30.166 [info] > git check-ignore -v -z --stdin [45ms]
2025-06-05 16:00:30.169 [info] > git for-each-ref --format=%(refname)%00%(upstream:short)%00%(objectname)%00%(upstream:track)%00%(upstream:remotename)%00%(upstream:remoteref) refs/heads/main refs/remotes/main [83ms]
2025-06-05 16:00:30.199 [info] > git fetch [1326ms]
2025-06-05 16:00:30.202 [info] > git ls-files --stage -- src/main.js [255ms]
2025-06-05 16:00:30.278 [info] > git cat-file -s 1fda22fc1e1b3779fc596eebe23aebfecc766271 [55ms]
2025-06-05 16:00:30.281 [info] > git config --get --local branch.main.vscode-merge-base [83ms]
2025-06-05 16:00:30.309 [info] > git config --get commit.template [142ms]
2025-06-05 16:00:30.749 [info] > git for-each-ref --format=%(refname)%00%(upstream:short)%00%(objectname)%00%(upstream:track)%00%(upstream:remotename)%00%(upstream:remoteref) refs/heads/origin/main refs/remotes/origin/main [444ms]
2025-06-05 16:00:30.783 [info] > git config --get commit.template [508ms]
2025-06-05 16:00:30.842 [info] > git merge-base refs/heads/main refs/remotes/origin/main [61ms]
2025-06-05 16:00:30.910 [info] > git for-each-ref --format=%(refname)%00%(upstream:short)%00%(objectname)%00%(upstream:track)%00%(upstream:remotename)%00%(upstream:remoteref) refs/heads/main refs/remotes/main [70ms]
2025-06-05 16:00:30.932 [info] > git diff --name-status -z --diff-filter=ADMR 48a5596f36ef3f872bcaa96463c3fac9d10fc7e7...refs/remotes/origin/main [62ms]
2025-06-05 16:00:30.989 [info] > git for-each-ref --format=%(refname)%00%(upstream:short)%00%(objectname)%00%(upstream:track)%00%(upstream:remotename)%00%(upstream:remoteref) refs/heads/main refs/remotes/main [84ms]
2025-06-05 16:00:31.200 [info] > git status -z -uall [99ms]
2025-06-05 16:00:31.200 [info] > git for-each-ref --sort -committerdate --format %(refname)%00%(objectname)%00%(*objectname) [71ms]
2025-06-05 16:00:31.237 [info] > git blame --root --incremental 48a5596f36ef3f872bcaa96463c3fac9d10fc7e7 -- src/main.js [168ms]
2025-06-05 16:03:32.561 [info] > git fetch [1267ms]
2025-06-05 16:03:32.611 [info] > git config --get commit.template [20ms]
2025-06-05 16:03:32.633 [info] > git ls-files --stage -- src/main.js [24ms]
2025-06-05 16:03:32.657 [info] > git for-each-ref --format=%(refname)%00%(upstream:short)%00%(objectname)%00%(upstream:track)%00%(upstream:remotename)%00%(upstream:remoteref) refs/heads/main refs/remotes/main [27ms]
2025-06-05 16:03:32.699 [info] > git status -z -uall [21ms]
2025-06-05 16:03:32.700 [info] > git cat-file -s 1fda22fc1e1b3779fc596eebe23aebfecc766271 [44ms]
2025-06-05 16:03:32.728 [info] > git for-each-ref --sort -committerdate --format %(refname)%00%(objectname)%00%(*objectname) [31ms]
2025-06-05 16:03:32.746 [info] > git show --textconv :src/main.js [19ms]
2025-06-05 16:03:33.794 [info] > git ls-files --stage -- src/main.js [9ms]
2025-06-05 16:03:33.822 [info] > git cat-file -s 1fda22fc1e1b3779fc596eebe23aebfecc766271 [7ms]
2025-06-05 16:03:33.850 [info] > git show --textconv :src/main.js [3ms]
2025-06-05 16:05:16.223 [info] > git config --get commit.template [67ms]
2025-06-05 16:05:16.225 [info] > git for-each-ref --format=%(refname)%00%(upstream:short)%00%(objectname)%00%(upstream:track)%00%(upstream:remotename)%00%(upstream:remoteref) refs/heads/main refs/remotes/main [49ms]
2025-06-05 16:05:16.271 [info] > git status -z -uall [25ms]
2025-06-05 16:05:16.283 [info] > git for-each-ref --sort -committerdate --format %(refname)%00%(objectname)%00%(*objectname) [15ms]
2025-06-05 16:05:24.660 [info] > git config --get commit.template [33ms]
2025-06-05 16:05:24.669 [info] > git for-each-ref --format=%(refname)%00%(upstream:short)%00%(objectname)%00%(upstream:track)%00%(upstream:remotename)%00%(upstream:remoteref) refs/heads/main refs/remotes/main [13ms]
2025-06-05 16:05:24.725 [info] > git status -z -uall [30ms]
2025-06-05 16:05:24.727 [info] > git for-each-ref --sort -committerdate --format %(refname)%00%(objectname)%00%(*objectname) [4ms]
2025-06-05 16:06:00.065 [info] > git config --get commit.template [25ms]
2025-06-05 16:06:00.071 [info] > git for-each-ref --format=%(refname)%00%(upstream:short)%00%(objectname)%00%(upstream:track)%00%(upstream:remotename)%00%(upstream:remoteref) refs/heads/main refs/remotes/main [8ms]
2025-06-05 16:06:00.120 [info] > git status -z -uall [23ms]
2025-06-05 16:06:00.125 [info] > git for-each-ref --sort -committerdate --format %(refname)%00%(objectname)%00%(*objectname) [7ms]
2025-06-05 16:06:34.027 [info] > git fetch [1248ms]
2025-06-05 16:06:34.053 [info] > git ls-files --stage -- src/main.js [28ms]
2025-06-05 16:06:34.072 [info] > git config --get commit.template [21ms]
2025-06-05 16:06:34.092 [info] > git cat-file -s 1fda22fc1e1b3779fc596eebe23aebfecc766271 [22ms]
2025-06-05 16:06:34.117 [info] > git for-each-ref --format=%(refname)%00%(upstream:short)%00%(objectname)%00%(upstream:track)%00%(upstream:remotename)%00%(upstream:remoteref) refs/heads/main refs/remotes/main [27ms]
2025-06-05 16:06:34.167 [info] > git show --textconv :src/main.js [50ms]
2025-06-05 16:06:34.167 [info] > git status -z -uall [25ms]
2025-06-05 16:06:34.174 [info] > git for-each-ref --sort -committerdate --format %(refname)%00%(objectname)%00%(*objectname) [9ms]
2025-06-05 16:06:35.264 [info] > git ls-files --stage -- src/main.js [8ms]
2025-06-05 16:06:35.290 [info] > git cat-file -s 1fda22fc1e1b3779fc596eebe23aebfecc766271 [8ms]
2025-06-05 16:06:35.320 [info] > git show --textconv :src/main.js [9ms]
